2021-03-26 06:44:07,786 - DEBUG - [10.204.216.103]: Running cmd : hostname
2021-03-26 06:44:08,278 - DEBUG - Output : nodem14
2021-03-26 06:44:08,278 - DEBUG - [10.204.216.103]: Running cmd : hostname -f
2021-03-26 06:44:08,392 - DEBUG - Output : nodem14.englab.juniper.net
2021-03-26 06:44:08,393 - DEBUG - [10.204.216.103]: Running cmd : docker ps -a 2>/dev/null | grep -v "/pause\|/usr/bin/pod\|nova_api_\|contrail.*init\|init.*contrail\|provisioner\|placement" | awk '{print $NF}'
2021-03-26 06:44:08,711 - DEBUG - Output : NAMES
nuthan_test
analytics_snmp_nodemgr_1
analytics_snmp_topology_1
analytics_snmp_snmp-collector_1
analytics_alarm_nodemgr_1
analytics_alarm_kafka_1
analytics_alarm_alarm-gen_1
analytics_nodemgr_1
analytics_collector_1
analytics_api_1
analytics_database_nodemgr_1
analytics_database_cassandra_1
analytics_database_query-engine_1
control_nodemgr_1
control_named_1
control_dns_1
control_control_1
webui_web_1
webui_job_1
config_devicemgr_1
config_nodemgr_1
config_api_1
config_svcmonitor_1
config_dnsmasq_1
config_schema_1
config_database_nodemgr_1
config_database_rabbitmq_1
config_database_cassandra_1
config_database_zookeeper_1
redis_redis_1
barbican_worker
barbican_keystone_listener
barbican_api
horizon
heat_engine
heat_api_cfn
heat_api
neutron_server
nova_novncproxy
nova_conductor
nova_api
nova_scheduler
glance_api
keystone_fernet
keystone_ssh
keystone
rabbitmq
memcached
mariadb
keepalived
haproxy
cron
kolla_toolbox
fluentd
2021-03-26 06:44:08,712 - DEBUG - [10.204.216.103]: Running cmd : getent hosts 10.204.216.103 | head -n 1 | awk '{print $2}'
2021-03-26 06:44:08,835 - DEBUG - Output : nodem14.englab.juniper.net
2021-03-26 06:44:08,835 - DEBUG - [10.204.216.103]: Running cmd : ip addr show | grep 'inet .*/.* brd ' | awk '{print $2}'
2021-03-26 06:44:08,953 - DEBUG - Output : 10.204.216.103/24
10.10.10.14/24
172.17.0.1/16
2021-03-26 06:44:08,953 - DEBUG - [10.204.216.103]: Running cmd : getent hosts 10.10.10.14 | head -n 1 | awk '{print $2}'
2021-03-26 06:44:09,073 - DEBUG - Output : nodem14
2021-03-26 06:44:09,073 - DEBUG - [10.204.216.95]: Running cmd : hostname
2021-03-26 06:44:09,585 - DEBUG - Output : nodem6
2021-03-26 06:44:09,586 - DEBUG - [10.204.216.95]: Running cmd : hostname -f
2021-03-26 06:44:09,709 - DEBUG - Output : nodem6.englab.juniper.net
2021-03-26 06:44:09,709 - DEBUG - [10.204.216.95]: Running cmd : docker ps -a 2>/dev/null | grep -v "/pause\|/usr/bin/pod\|nova_api_\|contrail.*init\|init.*contrail\|provisioner\|placement" | awk '{print $NF}'
2021-03-26 06:44:10,005 - DEBUG - Output : NAMES
analytics_snmp_nodemgr_1
analytics_snmp_snmp-collector_1
analytics_snmp_topology_1
analytics_alarm_nodemgr_1
analytics_alarm_kafka_1
analytics_alarm_alarm-gen_1
analytics_collector_1
analytics_nodemgr_1
analytics_api_1
analytics_database_nodemgr_1
analytics_database_cassandra_1
analytics_database_query-engine_1
control_nodemgr_1
control_named_1
control_dns_1
control_control_1
webui_web_1
webui_job_1
config_devicemgr_1
config_nodemgr_1
config_api_1
config_schema_1
config_svcmonitor_1
config_dnsmasq_1
config_database_nodemgr_1
config_database_rabbitmq_1
config_database_cassandra_1
config_database_zookeeper_1
redis_redis_1
barbican_worker
barbican_keystone_listener
barbican_api
horizon
heat_engine
heat_api_cfn
heat_api
neutron_server
nova_novncproxy
nova_conductor
nova_api
nova_scheduler
keystone_fernet
keystone_ssh
keystone
rabbitmq
memcached
mariadb
keepalived
haproxy
cron
kolla_toolbox
fluentd
2021-03-26 06:44:10,006 - DEBUG - [10.204.216.95]: Running cmd : getent hosts 10.204.216.95 | head -n 1 | awk '{print $2}'
2021-03-26 06:44:10,123 - DEBUG - Output : nodem6.englab.juniper.net
2021-03-26 06:44:10,123 - DEBUG - [10.204.216.95]: Running cmd : ip addr show | grep 'inet .*/.* brd ' | awk '{print $2}'
2021-03-26 06:44:10,248 - DEBUG - Output : 10.204.216.95/24
10.10.10.6/24
172.17.0.1/16
2021-03-26 06:44:10,248 - DEBUG - [10.204.216.95]: Running cmd : getent hosts 10.10.10.6 | head -n 1 | awk '{print $2}'
2021-03-26 06:44:10,367 - DEBUG - Output : nodem6
2021-03-26 06:44:10,368 - DEBUG - [10.204.216.96]: Running cmd : hostname
2021-03-26 06:44:10,877 - DEBUG - Output : nodem7
2021-03-26 06:44:10,877 - DEBUG - [10.204.216.96]: Running cmd : hostname -f
2021-03-26 06:44:11,001 - DEBUG - Output : nodem7.englab.juniper.net
2021-03-26 06:44:11,001 - DEBUG - [10.204.216.96]: Running cmd : docker ps -a 2>/dev/null | grep -v "/pause\|/usr/bin/pod\|nova_api_\|contrail.*init\|init.*contrail\|provisioner\|placement" | awk '{print $NF}'
2021-03-26 06:44:11,338 - DEBUG - Output : NAMES
analytics_snmp_nodemgr_1
analytics_snmp_snmp-collector_1
analytics_snmp_topology_1
analytics_alarm_nodemgr_1
analytics_alarm_kafka_1
analytics_alarm_alarm-gen_1
analytics_nodemgr_1
analytics_collector_1
analytics_api_1
analytics_database_nodemgr_1
analytics_database_cassandra_1
analytics_database_query-engine_1
control_nodemgr_1
control_named_1
control_dns_1
control_control_1
webui_web_1
webui_job_1
config_devicemgr_1
config_nodemgr_1
config_api_1
config_svcmonitor_1
config_schema_1
config_dnsmasq_1
config_database_nodemgr_1
config_database_rabbitmq_1
config_database_cassandra_1
config_database_zookeeper_1
redis_redis_1
barbican_worker
barbican_keystone_listener
barbican_api
horizon
heat_engine
heat_api_cfn
heat_api
neutron_server
nova_novncproxy
nova_conductor
nova_api
nova_scheduler
keystone_fernet
keystone_ssh
keystone
rabbitmq
memcached
mariadb
keepalived
haproxy
cron
kolla_toolbox
fluentd
2021-03-26 06:44:11,339 - DEBUG - [10.204.216.96]: Running cmd : getent hosts 10.204.216.96 | head -n 1 | awk '{print $2}'
2021-03-26 06:44:11,456 - DEBUG - Output : nodem7.englab.juniper.net
2021-03-26 06:44:11,456 - DEBUG - [10.204.216.96]: Running cmd : ip addr show | grep 'inet .*/.* brd ' | awk '{print $2}'
2021-03-26 06:44:11,579 - DEBUG - Output : 10.204.216.96/24
10.10.10.7/24
172.17.0.1/16
2021-03-26 06:44:11,580 - DEBUG - [10.204.216.96]: Running cmd : getent hosts 10.10.10.7 | head -n 1 | awk '{print $2}'
2021-03-26 06:44:11,704 - DEBUG - Output : nodem7
2021-03-26 06:44:11,705 - DEBUG - [10.204.216.97]: Running cmd : hostname
2021-03-26 06:44:12,223 - DEBUG - Output : nodem8
2021-03-26 06:44:12,224 - DEBUG - [10.204.216.97]: Running cmd : hostname -f
2021-03-26 06:44:12,347 - DEBUG - Output : nodem8.englab.juniper.net
2021-03-26 06:44:12,347 - DEBUG - [10.204.216.97]: Running cmd : docker ps -a 2>/dev/null | grep -v "/pause\|/usr/bin/pod\|nova_api_\|contrail.*init\|init.*contrail\|provisioner\|placement" | awk '{print $NF}'
2021-03-26 06:44:12,611 - DEBUG - Output : NAMES
vrouter_vrouter-agent_1
vrouter_nodemgr_1
rsyslogd_rsyslogd_1
nova_compute
nova_libvirt
nova_ssh
cron
kolla_toolbox
fluentd
2021-03-26 06:44:12,612 - DEBUG - [10.204.216.97]: Running cmd : ip addr show dev vhost0 | grep 'inet .*/.* brd ' | awk '{print $2}'
2021-03-26 06:44:12,749 - DEBUG - Output : 10.10.10.8/24
2021-03-26 06:44:12,750 - DEBUG - [10.204.216.97]: Running cmd : getent hosts 10.10.10.8 | head -n 1 | awk '{print $2}'
2021-03-26 06:44:12,868 - DEBUG - Output : nodem8
2021-03-26 06:44:12,868 - DEBUG - [10.204.216.98]: Running cmd : hostname
2021-03-26 06:44:13,410 - DEBUG - Output : nodem9
2021-03-26 06:44:13,410 - DEBUG - [10.204.216.98]: Running cmd : hostname -f
2021-03-26 06:44:13,536 - DEBUG - Output : nodem9.englab.juniper.net
2021-03-26 06:44:13,536 - DEBUG - [10.204.216.98]: Running cmd : docker ps -a 2>/dev/null | grep -v "/pause\|/usr/bin/pod\|nova_api_\|contrail.*init\|init.*contrail\|provisioner\|placement" | awk '{print $NF}'
2021-03-26 06:44:13,786 - DEBUG - Output : NAMES
vrouter_vrouter-agent_1
vrouter_nodemgr_1
rsyslogd_rsyslogd_1
nova_compute
nova_libvirt
nova_ssh
cron
kolla_toolbox
fluentd
2021-03-26 06:44:13,787 - DEBUG - [10.204.216.98]: Running cmd : ip addr show dev vhost0 | grep 'inet .*/.* brd ' | awk '{print $2}'
2021-03-26 06:44:13,917 - DEBUG - Output : 10.10.10.9/24
2021-03-26 06:44:13,918 - DEBUG - [10.204.216.98]: Running cmd : getent hosts 10.10.10.9 | head -n 1 | awk '{print $2}'
2021-03-26 06:44:14,049 - DEBUG - Output : nodem9
2021-03-26 06:44:14,049 - DEBUG - [10.204.216.99]: Running cmd : hostname
2021-03-26 06:44:14,585 - DEBUG - Output : nodem10
2021-03-26 06:44:14,585 - DEBUG - [10.204.216.99]: Running cmd : hostname -f
2021-03-26 06:44:14,709 - DEBUG - Output : nodem10.englab.juniper.net
2021-03-26 06:44:14,710 - DEBUG - [10.204.216.99]: Running cmd : docker ps -a 2>/dev/null | grep -v "/pause\|/usr/bin/pod\|nova_api_\|contrail.*init\|init.*contrail\|provisioner\|placement" | awk '{print $NF}'
2021-03-26 06:44:14,963 - DEBUG - Output : NAMES
vrouter_vrouter-agent_1
vrouter_nodemgr_1
rsyslogd_rsyslogd_1
nova_compute
nova_libvirt
nova_ssh
cron
kolla_toolbox
fluentd
2021-03-26 06:44:14,964 - DEBUG - [10.204.216.99]: Running cmd : ip addr show dev vhost0 | grep 'inet .*/.* brd ' | awk '{print $2}'
2021-03-26 06:44:15,092 - DEBUG - Output : 10.10.10.10/24
2021-03-26 06:44:15,093 - DEBUG - [10.204.216.99]: Running cmd : getent hosts 10.10.10.10 | head -n 1 | awk '{print $2}'
2021-03-26 06:44:15,211 - DEBUG - Output : nodem10
2021-03-26 06:44:15,211 - DEBUG - [10.204.216.110]: Running cmd : hostname
2021-03-26 06:44:15,614 - DEBUG - Output : server1-ae8275ae0eecf6c488b24302fe22dc9b
2021-03-26 06:44:15,614 - DEBUG - [10.204.216.110]: Running cmd : hostname -f
2021-03-26 06:44:15,709 - DEBUG - Output : server1-ae8275ae0eecf6c488b24302fe22dc9b.englab.juniper.net
2021-03-26 06:44:15,710 - DEBUG - [10.204.216.110]: Running cmd : docker ps -a 2>/dev/null | grep -v "/pause\|/usr/bin/pod\|nova_api_\|contrail.*init\|init.*contrail\|provisioner\|placement" | awk '{print $NF}'
2021-03-26 06:44:15,902 - DEBUG - Output : NAMES
ansible-player_20210325165631
contrail_command
contrail_psql
contrail_command_deployer
2021-03-26 06:44:20,507 - DEBUG - Not creating keypair since it exists
2021-03-26 06:44:20,625 - INFO - Domain Default found not creating
2021-03-26 06:44:21,691 - INFO - Project ctest-TestFlowScale-98035509 not found, creating it
2021-03-26 06:44:22,682 - INFO - Created Project:ctest-TestFlowScale-98035509, ID : c3942e94-ad16-47b9-a9ad-8d96091e8717 
2021-03-26 06:44:27,212 - INFO - Reloading vrouter module on 10.204.216.97
2021-03-26 06:44:31,925 - INFO - Cmd output info: vrouter_vrouter-agent_1
              total        used        free      shared  buff/cache   available
Mem:      263855804     8132816   255290876       10924      432112   254899728
Swap:             0           0           0
              total        used        free      shared  buff/cache   available
Mem:      263855804     8134156   255516968       10924      204680   254955808
Swap:             0           0           0
vrouter_vrouter-agent_1
2021-03-26 06:44:32,184 - INFO - 10.204.216.97
2021-03-26 06:44:32,185 - INFO -   vrouter
2021-03-26 06:44:32,204 - INFO -     vrouter-nodemgr:active
2021-03-26 06:44:32,212 - INFO -     agent:initializing
2021-03-26 06:44:42,449 - INFO - 10.204.216.97
2021-03-26 06:44:42,449 - INFO -   vrouter
2021-03-26 06:44:42,460 - INFO -     vrouter-nodemgr:active
2021-03-26 06:44:42,470 - INFO -     agent:active
2021-03-26 06:44:42,471 - INFO - All the contrail services are up on nodes ['10.204.216.97']
2021-03-26 06:44:43,144 - INFO - Flow Table limit                     6291456
2021-03-26 06:44:43,251 - INFO - Reloading vrouter module on 10.204.216.98
2021-03-26 06:44:48,001 - INFO - Cmd output info: vrouter_vrouter-agent_1
              total        used        free      shared  buff/cache   available
Mem:      263855792     8048576   255037608       10936      769608   254981032
Swap:             0           0           0
              total        used        free      shared  buff/cache   available
Mem:      263855792     8048560   255605472       10936      201760   255042448
Swap:             0           0           0
vrouter_vrouter-agent_1
2021-03-26 06:44:48,275 - INFO - 10.204.216.98
2021-03-26 06:44:48,275 - INFO -   vrouter
2021-03-26 06:44:48,288 - INFO -     vrouter-nodemgr:active
2021-03-26 06:44:48,297 - INFO -     agent:initializing
2021-03-26 06:44:58,536 - INFO - 10.204.216.98
2021-03-26 06:44:58,536 - INFO -   vrouter
2021-03-26 06:44:58,546 - INFO -     vrouter-nodemgr:active
2021-03-26 06:44:58,556 - INFO -     agent:active
2021-03-26 06:44:58,556 - INFO - All the contrail services are up on nodes ['10.204.216.98']
2021-03-26 06:44:59,259 - INFO - Flow Table limit                     6291456
2021-03-26 06:44:59,361 - INFO - Reloading vrouter module on 10.204.216.99
2021-03-26 06:45:04,044 - INFO - Cmd output info: vrouter_vrouter-agent_1
              total        used        free      shared  buff/cache   available
Mem:      263855804     8040808   255044060       10856      770936   254988088
Swap:             0           0           0
              total        used        free      shared  buff/cache   available
Mem:      263855804     8042148   255611072       10856      202584   255048272
Swap:             0           0           0
vrouter_vrouter-agent_1
2021-03-26 06:45:04,312 - INFO - 10.204.216.99
2021-03-26 06:45:04,312 - INFO -   vrouter
2021-03-26 06:45:04,322 - INFO -     vrouter-nodemgr:active
2021-03-26 06:45:04,328 - INFO -     agent:initializing
2021-03-26 06:45:14,563 - INFO - 10.204.216.99
2021-03-26 06:45:14,564 - INFO -   vrouter
2021-03-26 06:45:14,575 - INFO -     vrouter-nodemgr:active
2021-03-26 06:45:14,586 - INFO -     agent:active
2021-03-26 06:45:14,586 - INFO - All the contrail services are up on nodes ['10.204.216.99']
2021-03-26 06:45:15,282 - INFO - Flow Table limit                     6291456
2021-03-26 06:45:15,283 - INFO - Running docker cp vrouter_vrouter-agent_1:/actions.sh . on 10.204.216.97
2021-03-26 06:45:15,578 - INFO - Running awk 'BEGIN { section=0; doprint=1 } /\[DEFAULT\]/ { section=1 } /flow_cache_timeout/ { if (section) {doprint=0; section=0} } { if (doprint) {print} else {doprint=1} }'  actions.sh > actions.sh.modified on 10.204.216.97
2021-03-26 06:45:15,714 - INFO - Running mv actions.sh.modified actions.sh; chmod +x actions.sh on 10.204.216.97
2021-03-26 06:45:15,838 - INFO - Running grep -q -F 'flow_cache_timeout=43200' actions.sh ||sed -i  '/\[DEFAULT\]/a flow_cache_timeout=43200' actions.sh on 10.204.216.97
2021-03-26 06:45:15,976 - INFO - Running docker cp actions.sh vrouter_vrouter-agent_1:/actions.sh on 10.204.216.97
2021-03-26 06:45:16,816 - INFO - Running docker restart vrouter_vrouter-agent_1 -t 60 on 10.204.216.97
2021-03-26 06:45:25,910 - INFO - Flow_cache_timeout set to 43200 on 10.204.216.97
2021-03-26 06:45:25,911 - INFO - Running docker cp vrouter_vrouter-agent_1:/actions.sh . on 10.204.216.98
2021-03-26 06:45:26,209 - INFO - Running awk 'BEGIN { section=0; doprint=1 } /\[DEFAULT\]/ { section=1 } /flow_cache_timeout/ { if (section) {doprint=0; section=0} } { if (doprint) {print} else {doprint=1} }'  actions.sh > actions.sh.modified on 10.204.216.98
2021-03-26 06:45:26,346 - INFO - Running mv actions.sh.modified actions.sh; chmod +x actions.sh on 10.204.216.98
2021-03-26 06:45:26,468 - INFO - Running grep -q -F 'flow_cache_timeout=43200' actions.sh ||sed -i  '/\[DEFAULT\]/a flow_cache_timeout=43200' actions.sh on 10.204.216.98
2021-03-26 06:45:26,595 - INFO - Running docker cp actions.sh vrouter_vrouter-agent_1:/actions.sh on 10.204.216.98
2021-03-26 06:45:27,434 - INFO - Running docker restart vrouter_vrouter-agent_1 -t 60 on 10.204.216.98
2021-03-26 06:45:36,503 - INFO - Flow_cache_timeout set to 43200 on 10.204.216.98
2021-03-26 06:45:36,504 - INFO - Running docker cp vrouter_vrouter-agent_1:/actions.sh . on 10.204.216.99
2021-03-26 06:45:36,818 - INFO - Running awk 'BEGIN { section=0; doprint=1 } /\[DEFAULT\]/ { section=1 } /flow_cache_timeout/ { if (section) {doprint=0; section=0} } { if (doprint) {print} else {doprint=1} }'  actions.sh > actions.sh.modified on 10.204.216.99
2021-03-26 06:45:36,952 - INFO - Running mv actions.sh.modified actions.sh; chmod +x actions.sh on 10.204.216.99
2021-03-26 06:45:37,074 - INFO - Running grep -q -F 'flow_cache_timeout=43200' actions.sh ||sed -i  '/\[DEFAULT\]/a flow_cache_timeout=43200' actions.sh on 10.204.216.99
2021-03-26 06:45:37,201 - INFO - Running docker cp actions.sh vrouter_vrouter-agent_1:/actions.sh on 10.204.216.99
2021-03-26 06:45:38,039 - INFO - Running docker restart vrouter_vrouter-agent_1 -t 60 on 10.204.216.99
2021-03-26 06:45:47,124 - INFO - Flow_cache_timeout set to 43200 on 10.204.216.99
2021-03-26 06:45:48,640 - INFO - Created VN ctest-vn-23910003
2021-03-26 06:45:55,531 - INFO - VM ([<Server: ctest-TestFlowScale-98035509-25006716>]) created on node: (nodem8), Zone: (nova:nodem8)
2021-03-26 06:45:55,531 - INFO - Waiting for VM ctest-TestFlowScale-98035509-25006716 to be up..
2021-03-26 06:46:01,007 - INFO - VM name : ctest-TestFlowScale-98035509-25006716
2021-03-26 06:46:07,926 - INFO - Ping to Metadata IP 169.254.0.3 of VM ctest-TestFlowScale-98035509-25006716 passed
2021-03-26 06:46:29,307 - INFO - ================================================================================
2021-03-26 06:46:29,307 - INFO - STARTING TEST    : test_flow_scale
2021-03-26 06:46:29,310 - INFO - TEST DESCRIPTION : 
        Description: Test to scale 1 million flows
         Test steps:
                1. Add PHYSICAL_INTERFACE in vrouter env if absent
                2. Set flow entries to 1 million in vrouter module
                3. Increase flow timeout to high value like 9999
                4. Send traffic through hping3 changing the source port with each iteration
                5. Check for flow count in flow table
         Pass criteria: Flow count greater than 1 million
         Maintainer : nuthanc@juniper.net 
        
2021-03-26 06:46:31,096 - WARNING - Test is running with cores: {'10.204.216.95': ['core.contrail-collec.1.nodem6.1616701145'], '10.204.216.96': ['core.contrail-collec.1.nodem7.1616701145']}
2021-03-26 06:46:31,097 - INFO - Initial checks done. Running the testcase now
2021-03-26 06:46:31,097 - INFO - 
2021-03-26 06:46:31,097 - INFO - Starting hping3  on ctest-TestFlowScale-98035509-25006716, args:  --udp   --keep   --destport ++1000  --baseport 5001  --count 1048576  --interval u1 
2021-03-26 06:46:41,927 - INFO - Running command for 5s
2021-03-26 06:47:31,401 - INFO - Flow count: 123251
2021-03-26 06:47:31,834 - INFO - vrouter agent memory usage: top - 12:17:31 up 19:39,  2 users,  load average: 0.52, 0.62, 0.51
Tasks:   1 total,   0 running,   1 sleeping,   0 stopped,   0 zombie
%Cpu(s):  0.5 us,  0.5 sy,  0.0 ni, 99.0 id,  0.0 wa,  0.0 hi,  0.0 si,  0.0 st
KiB Mem : 26385580+total, 25199798+free, 11458916 used,   398912 buff/cache
KiB Swap:        0 total,        0 free,        0 used. 25157481+avail Mem 

  PID USER      PR  NI    VIRT    RES    SHR S  %CPU %MEM     TIME+ COMMAND
35738 root      20   0 3169452   2.8g   1.8g S  46.7  1.1   1:16.57 contrail-vroute
2967084
              total        used        free      shared  buff/cache   available
Mem:           251G         10G        240G         10M        389M        239G
Swap:            0B          0B          0B
2021-03-26 06:47:31,835 - INFO - Starting hping3  on ctest-TestFlowScale-98035509-25006716, args:  --udp   --keep   --destport ++1000  --baseport 5002  --count 1048576  --interval u1 
2021-03-26 06:47:31,931 - INFO - Running command for 5s
2021-03-26 06:48:59,524 - INFO - Flow count: 240282
2021-03-26 06:48:59,882 - INFO - vrouter agent memory usage: top - 12:18:59 up 19:40,  2 users,  load average: 0.36, 0.59, 0.51
Tasks:   1 total,   0 running,   1 sleeping,   0 stopped,   0 zombie
%Cpu(s):  0.7 us,  0.3 sy,  0.0 ni, 99.0 id,  0.0 wa,  0.0 hi,  0.0 si,  0.0 st
KiB Mem : 26385580+total, 25146761+free, 11989388 used,   398800 buff/cache
KiB Swap:        0 total,        0 free,        0 used. 25104454+avail Mem 

  PID USER      PR  NI    VIRT    RES    SHR S  %CPU %MEM     TIME+ COMMAND
35738 root      20   0 3705012   3.3g   1.8g S  33.3  1.3   2:53.79 contrail-vroute
3502332
              total        used        free      shared  buff/cache   available
Mem:           251G         11G        239G         10M        389M        239G
Swap:            0B          0B          0B
2021-03-26 06:48:59,883 - INFO - Starting hping3  on ctest-TestFlowScale-98035509-25006716, args:  --udp   --keep   --destport ++1000  --baseport 5003  --count 1048576  --interval u1 
2021-03-26 06:48:59,984 - INFO - Running command for 5s
2021-03-26 06:51:14,175 - INFO - Flow count: 368836
2021-03-26 06:51:14,519 - INFO - vrouter agent memory usage: top - 12:21:14 up 19:42,  2 users,  load average: 0.22, 0.48, 0.48
Tasks:   1 total,   0 running,   1 sleeping,   0 stopped,   0 zombie
%Cpu(s):  0.5 us,  0.3 sy,  0.0 ni, 99.2 id,  0.0 wa,  0.0 hi,  0.0 si,  0.0 st
KiB Mem : 26385580+total, 25088257+free, 12574416 used,   398816 buff/cache
KiB Swap:        0 total,        0 free,        0 used. 25045974+avail Mem 

  PID USER      PR  NI    VIRT    RES    SHR S  %CPU %MEM     TIME+ COMMAND
35738 root      20   0 4287668   3.9g   1.8g S  40.0  1.5   5:08.66 contrail-vroute
4085496
              total        used        free      shared  buff/cache   available
Mem:           251G         11G        239G         10M        389M        238G
Swap:            0B          0B          0B
2021-03-26 06:51:14,520 - INFO - Starting hping3  on ctest-TestFlowScale-98035509-25006716, args:  --udp   --keep   --destport ++1000  --baseport 5004  --count 1048576  --interval u1 
2021-03-26 06:51:14,621 - INFO - Running command for 5s
2021-03-26 06:54:11,172 - INFO - Flow count: 488846
2021-03-26 06:54:11,525 - INFO - vrouter agent memory usage: top - 12:24:11 up 19:45,  2 users,  load average: 0.67, 0.50, 0.49
Tasks:   1 total,   0 running,   1 sleeping,   0 stopped,   0 zombie
%Cpu(s):  0.7 us,  0.3 sy,  0.0 ni, 99.0 id,  0.0 wa,  0.0 hi,  0.0 si,  0.0 st
KiB Mem : 26385580+total, 25033980+free, 13117096 used,   398896 buff/cache
KiB Swap:        0 total,        0 free,        0 used. 24991707+avail Mem 

  PID USER      PR  NI    VIRT    RES    SHR S  %CPU %MEM     TIME+ COMMAND
35738 root      20   0 4829364   4.4g   1.8g S  46.7  1.8   7:57.04 contrail-vroute
4626180
              total        used        free      shared  buff/cache   available
Mem:           251G         12G        238G         10M        389M        238G
Swap:            0B          0B          0B
2021-03-26 06:54:11,526 - INFO - Starting hping3  on ctest-TestFlowScale-98035509-25006716, args:  --udp   --keep   --destport ++1000  --baseport 5005  --count 1048576  --interval u1 
2021-03-26 06:54:11,620 - INFO - Running command for 5s
2021-03-26 06:57:53,805 - INFO - Flow count: 615002
2021-03-26 06:57:54,147 - INFO - vrouter agent memory usage: top - 12:27:54 up 19:49,  2 users,  load average: 0.65, 0.61, 0.54
Tasks:   1 total,   0 running,   1 sleeping,   0 stopped,   0 zombie
%Cpu(s):  0.3 us,  0.3 sy,  0.0 ni, 99.3 id,  0.0 wa,  0.0 hi,  0.0 si,  0.0 st
KiB Mem : 26385580+total, 24977553+free, 13681156 used,   399112 buff/cache
KiB Swap:        0 total,        0 free,        0 used. 24935302+avail Mem 

  PID USER      PR  NI    VIRT    RES    SHR S  %CPU %MEM     TIME+ COMMAND
35738 root      20   0 5400756   5.0g   1.8g S  33.3  2.0  11:22.29 contrail-vroute
5193768
              total        used        free      shared  buff/cache   available
Mem:           251G         13G        238G         10M        389M        237G
Swap:            0B          0B          0B
2021-03-26 06:57:54,147 - INFO - Starting hping3  on ctest-TestFlowScale-98035509-25006716, args:  --udp   --keep   --destport ++1000  --baseport 5006  --count 1048576  --interval u1 
2021-03-26 06:57:54,252 - INFO - Running command for 5s
2021-03-26 07:02:19,694 - INFO - Flow count: 739714
2021-03-26 07:02:20,043 - INFO - vrouter agent memory usage: top - 12:32:20 up 19:54,  2 users,  load average: 0.28, 0.49, 0.52
Tasks:   1 total,   0 running,   1 sleeping,   0 stopped,   0 zombie
%Cpu(s):  0.7 us,  0.3 sy,  0.0 ni, 99.0 id,  0.0 wa,  0.0 hi,  0.0 si,  0.0 st
KiB Mem : 26385580+total, 24921188+free, 14245308 used,   398608 buff/cache
KiB Swap:        0 total,        0 free,        0 used. 24878886+avail Mem 

  PID USER      PR  NI    VIRT    RES    SHR S  %CPU %MEM     TIME+ COMMAND
35738 root      20   0 5953716   5.5g   1.8g S  40.0  2.2  15:25.51 contrail-vroute
5751212
              total        used        free      shared  buff/cache   available
Mem:           251G         13G        237G         10M        389M        237G
Swap:            0B          0B          0B
2021-03-26 07:02:20,043 - INFO - Starting hping3  on ctest-TestFlowScale-98035509-25006716, args:  --udp   --keep   --destport ++1000  --baseport 5007  --count 1048576  --interval u1 
2021-03-26 07:02:20,146 - INFO - Running command for 5s
2021-03-26 07:07:29,029 - INFO - Flow count: 865534
2021-03-26 07:07:29,425 - INFO - vrouter agent memory usage: top - 12:37:29 up 19:59,  2 users,  load average: 0.47, 0.55, 0.54
Tasks:   1 total,   0 running,   1 sleeping,   0 stopped,   0 zombie
%Cpu(s):  0.5 us,  0.3 sy,  0.0 ni, 99.2 id,  0.0 wa,  0.0 hi,  0.0 si,  0.0 st
KiB Mem : 26385580+total, 24864300+free, 14812812 used,   399984 buff/cache
KiB Swap:        0 total,        0 free,        0 used. 24822131+avail Mem 

  PID USER      PR  NI    VIRT    RES    SHR S  %CPU %MEM     TIME+ COMMAND
35738 root      20   0 6526132   6.0g   1.8g S  26.7  2.4  20:08.89 contrail-vroute
6319260
              total        used        free      shared  buff/cache   available
Mem:           251G         14G        237G         10M        390M        236G
Swap:            0B          0B          0B
2021-03-26 07:07:29,426 - INFO - Starting hping3  on ctest-TestFlowScale-98035509-25006716, args:  --udp   --keep   --destport ++1000  --baseport 5008  --count 1048576  --interval u1 
2021-03-26 07:07:29,522 - INFO - Running command for 5s
2021-03-26 07:13:18,801 - INFO - Flow count: 990870
2021-03-26 07:13:19,178 - INFO - vrouter agent memory usage: top - 12:43:19 up 20:05,  2 users,  load average: 0.76, 0.54, 0.53
Tasks:   1 total,   0 running,   1 sleeping,   0 stopped,   0 zombie
%Cpu(s):  0.3 us,  0.3 sy,  0.0 ni, 99.3 id,  0.0 wa,  0.0 hi,  0.0 si,  0.0 st
KiB Mem : 26385580+total, 24805684+free, 15396660 used,   402292 buff/cache
KiB Swap:        0 total,        0 free,        0 used. 24763734+avail Mem 

  PID USER      PR  NI    VIRT    RES    SHR S  %CPU %MEM     TIME+ COMMAND
35738 root      20   0 7085236   6.6g   1.8g S  26.7  2.6  25:27.33 contrail-vroute
6881792
              total        used        free      shared  buff/cache   available
Mem:           251G         14G        236G         10M        393M        236G
Swap:            0B          0B          0B
2021-03-26 07:13:19,179 - INFO - Starting hping3  on ctest-TestFlowScale-98035509-25006716, args:  --udp   --keep   --destport ++1000  --baseport 5009  --count 1048576  --interval u1 
2021-03-26 07:13:19,282 - INFO - Running command for 5s
2021-03-26 07:19:54,306 - INFO - Flow count: 1112722
2021-03-26 07:19:54,682 - INFO - vrouter agent memory usage: top - 12:49:54 up 20:11,  1 user,  load average: 0.36, 0.39, 0.46
Tasks:   1 total,   0 running,   1 sleeping,   0 stopped,   0 zombie
%Cpu(s):  0.7 us,  0.5 sy,  0.0 ni, 98.8 id,  0.0 wa,  0.0 hi,  0.0 si,  0.0 st
KiB Mem : 26385580+total, 24753035+free, 15921084 used,   404368 buff/cache
KiB Swap:        0 total,        0 free,        0 used. 24711304+avail Mem 

  PID USER      PR  NI    VIRT    RES    SHR S  %CPU %MEM     TIME+ COMMAND
35738 root      20   0 7637172   7.1g   1.8g S  43.8  2.8  31:30.59 contrail-vroute
7426720
              total        used        free      shared  buff/cache   available
Mem:           251G         15G        236G         10M        394M        235G
Swap:            0B          0B          0B
2021-03-26 07:19:54,683 - INFO - Starting hping3  on ctest-TestFlowScale-98035509-25006716, args:  --udp   --keep   --destport ++1000  --baseport 5010  --count 1048576  --interval u1 
2021-03-26 07:19:54,780 - INFO - Running command for 5s
2021-03-26 07:27:11,594 - INFO - Flow count: 1228376
2021-03-26 07:27:11,950 - INFO - vrouter agent memory usage: top - 12:57:11 up 20:18,  1 user,  load average: 0.20, 0.38, 0.46
Tasks:   1 total,   0 running,   1 sleeping,   0 stopped,   0 zombie
%Cpu(s):  0.7 us,  0.5 sy,  0.0 ni, 98.8 id,  0.0 wa,  0.0 hi,  0.0 si,  0.0 st
KiB Mem : 26385580+total, 24701406+free, 16436720 used,   405016 buff/cache
KiB Swap:        0 total,        0 free,        0 used. 24659737+avail Mem 

  PID USER      PR  NI    VIRT    RES    SHR S  %CPU %MEM     TIME+ COMMAND
35738 root      20   0 8151220   7.6g   1.8g S  40.0  3.0  38:12.54 contrail-vroute
7944708
              total        used        free      shared  buff/cache   available
Mem:           251G         15G        235G         10M        395M        235G
Swap:            0B          0B          0B
2021-03-26 07:27:11,951 - INFO - Starting hping3  on ctest-TestFlowScale-98035509-25006716, args:  --udp   --keep   --destport ++1000  --baseport 5011  --count 1048576  --interval u1 
2021-03-26 07:27:12,046 - INFO - Running command for 5s
2021-03-26 07:35:08,515 - INFO - Flow count: 1349872
2021-03-26 07:35:08,908 - INFO - vrouter agent memory usage: top - 13:05:08 up 20:26,  1 user,  load average: 0.51, 0.78, 0.65
Tasks:   1 total,   0 running,   1 sleeping,   0 stopped,   0 zombie
%Cpu(s):  1.2 us,  0.5 sy,  0.0 ni, 98.3 id,  0.0 wa,  0.0 hi,  0.0 si,  0.0 st
KiB Mem : 26385580+total, 24645830+free, 16990180 used,   407316 buff/cache
KiB Swap:        0 total,        0 free,        0 used. 24604393+avail Mem 

  PID USER      PR  NI    VIRT    RES    SHR S  %CPU %MEM     TIME+ COMMAND
35738 root      20   0 8693940   8.1g   1.8g S  60.0  3.2  45:30.60 contrail-vroute
8490772
              total        used        free      shared  buff/cache   available
Mem:           251G         16G        235G         10M        398M        234G
Swap:            0B          0B          0B
2021-03-26 07:35:08,908 - INFO - Starting hping3  on ctest-TestFlowScale-98035509-25006716, args:  --udp   --keep   --destport ++1000  --baseport 5012  --count 1048576  --interval u1 
2021-03-26 07:35:09,005 - INFO - Running command for 5s
2021-03-26 07:43:52,798 - INFO - Flow count: 1475444
2021-03-26 07:43:53,154 - INFO - vrouter agent memory usage: top - 13:13:53 up 20:35,  1 user,  load average: 0.52, 0.62, 0.62
Tasks:   1 total,   0 running,   1 sleeping,   0 stopped,   0 zombie
%Cpu(s):  1.6 us,  0.8 sy,  0.0 ni, 97.5 id,  0.0 wa,  0.0 hi,  0.0 si,  0.0 st
KiB Mem : 26385580+total, 24589452+free, 17553008 used,   408260 buff/cache
KiB Swap:        0 total,        0 free,        0 used. 24548110+avail Mem 

  PID USER      PR  NI    VIRT    RES    SHR S  %CPU %MEM     TIME+ COMMAND
35738 root      20   0 9260212   8.6g   1.8g S  80.0  3.4  53:30.99 contrail-vroute
9053536
              total        used        free      shared  buff/cache   available
Mem:           251G         16G        234G         10M        398M        234G
Swap:            0B          0B          0B
2021-03-26 07:43:53,155 - INFO - Starting hping3  on ctest-TestFlowScale-98035509-25006716, args:  --udp   --keep   --destport ++1000  --baseport 5013  --count 1048576  --interval u1 
2021-03-26 07:43:53,257 - INFO - Running command for 5s
2021-03-26 07:53:17,452 - INFO - Flow count: 1598334
2021-03-26 07:53:17,810 - INFO - vrouter agent memory usage: top - 13:23:17 up 20:44,  1 user,  load average: 0.54, 0.56, 0.58
Tasks:   1 total,   0 running,   1 sleeping,   0 stopped,   0 zombie
%Cpu(s):  0.5 us,  0.5 sy,  0.0 ni, 99.0 id,  0.0 wa,  0.0 hi,  0.0 si,  0.0 st
KiB Mem : 26385580+total, 24533968+free, 18106516 used,   409604 buff/cache
KiB Swap:        0 total,        0 free,        0 used. 24492758+avail Mem 

  PID USER      PR  NI    VIRT    RES    SHR S  %CPU %MEM     TIME+ COMMAND
35738 root      20   0 9807028   9.2g   1.8g S  46.7  3.6  62:11.87 contrail-vroute
9602300
              total        used        free      shared  buff/cache   available
Mem:           251G         17G        233G         10M        400M        233G
Swap:            0B          0B          0B
2021-03-26 07:53:17,811 - INFO - Starting hping3  on ctest-TestFlowScale-98035509-25006716, args:  --udp   --keep   --destport ++1000  --baseport 5014  --count 1048576  --interval u1 
2021-03-26 07:53:17,906 - INFO - Running command for 5s
2021-03-26 08:03:18,426 - INFO - Flow count: 1723872
2021-03-26 08:03:18,768 - INFO - vrouter agent memory usage: top - 13:33:18 up 20:54,  1 user,  load average: 0.48, 0.52, 0.55
Tasks:   1 total,   0 running,   1 sleeping,   0 stopped,   0 zombie
%Cpu(s):  1.5 us,  0.8 sy,  0.0 ni, 97.7 id,  0.0 wa,  0.0 hi,  0.0 si,  0.0 st
KiB Mem : 26385580+total, 24477777+free, 18666748 used,   411276 buff/cache
KiB Swap:        0 total,        0 free,        0 used. 24436737+avail Mem 

  PID USER      PR  NI    VIRT    RES    SHR S  %CPU %MEM     TIME+ COMMAND
35738 root      20   0    9.9g   9.7g   1.8g S  80.0  3.9  71:33.46 contrail-vroute
10168220
              total        used        free      shared  buff/cache   available
Mem:           251G         17G        233G         10M        401M        233G
Swap:            0B          0B          0B
2021-03-26 08:03:18,769 - INFO - Starting hping3  on ctest-TestFlowScale-98035509-25006716, args:  --udp   --keep   --destport ++1000  --baseport 5015  --count 1048576  --interval u1 
2021-03-26 08:03:18,865 - INFO - Running command for 5s
2021-03-26 08:14:09,293 - INFO - Flow count: 1847748
2021-03-26 08:14:09,639 - INFO - vrouter agent memory usage: top - 13:44:09 up 21:05,  1 user,  load average: 0.38, 0.49, 0.54
Tasks:   1 total,   0 running,   1 sleeping,   0 stopped,   0 zombie
%Cpu(s):  0.3 us,  0.3 sy,  0.0 ni, 99.3 id,  0.0 wa,  0.0 hi,  0.0 si,  0.0 st
KiB Mem : 26385580+total, 24421164+free, 19232008 used,   412144 buff/cache
KiB Swap:        0 total,        0 free,        0 used. 24380209+avail Mem 

  PID USER      PR  NI    VIRT    RES    SHR S  %CPU %MEM     TIME+ COMMAND
35738 root      20   0   10.4g  10.2g   1.8g S  20.0  4.1  81:41.03 contrail-vroute
10731148
              total        used        free      shared  buff/cache   available
Mem:           251G         18G        232G         10M        402M        232G
Swap:            0B          0B          0B
2021-03-26 08:14:09,640 - INFO - Starting hping3  on ctest-TestFlowScale-98035509-25006716, args:  --udp   --keep   --destport ++1000  --baseport 5016  --count 1048576  --interval u1 
2021-03-26 08:14:09,743 - INFO - Running command for 5s
2021-03-26 08:25:36,245 - INFO - Flow count: 1972738
2021-03-26 08:25:36,579 - INFO - vrouter agent memory usage: top - 13:55:36 up 21:17,  1 user,  load average: 1.13, 0.85, 0.66
Tasks:   1 total,   0 running,   1 sleeping,   0 stopped,   0 zombie
%Cpu(s):  0.3 us,  0.3 sy,  0.0 ni, 99.3 id,  0.0 wa,  0.0 hi,  0.0 si,  0.0 st
KiB Mem : 26385580+total, 24365657+free, 19785228 used,   414000 buff/cache
KiB Swap:        0 total,        0 free,        0 used. 24324889+avail Mem 

  PID USER      PR  NI    VIRT    RES    SHR S  %CPU %MEM     TIME+ COMMAND
35738 root      20   0   11.0g  10.8g   1.8g S  20.0  4.3  92:34.44 contrail-vroute
11283116
              total        used        free      shared  buff/cache   available
Mem:           251G         18G        232G         10M        404M        231G
Swap:            0B          0B          0B
2021-03-26 08:25:36,580 - INFO - Starting hping3  on ctest-TestFlowScale-98035509-25006716, args:  --udp   --keep   --destport ++1000  --baseport 5017  --count 1048576  --interval u1 
2021-03-26 08:25:36,684 - INFO - Running command for 5s
2021-03-26 08:37:51,449 - INFO - Flow count: 2089221
2021-03-26 08:37:51,808 - INFO - vrouter agent memory usage: top - 14:07:51 up 21:29,  1 user,  load average: 0.45, 0.79, 0.83
Tasks:   1 total,   0 running,   1 sleeping,   0 stopped,   0 zombie
%Cpu(s):  1.2 us,  0.5 sy,  0.0 ni, 98.3 id,  0.0 wa,  0.0 hi,  0.0 si,  0.0 st
KiB Mem : 26385580+total, 24312361+free, 20316492 used,   415688 buff/cache
KiB Swap:        0 total,        0 free,        0 used. 24271761+avail Mem 

  PID USER      PR  NI    VIRT    RES    SHR S  %CPU %MEM     TIME+ COMMAND
35738 root      20   0   11.5g  11.3g   1.8g S  66.7  4.5 104:16.33 contrail-vroute
11807492
              total        used        free      shared  buff/cache   available
Mem:           251G         19G        231G         10M        405M        231G
Swap:            0B          0B          0B
2021-03-26 08:37:51,809 - INFO - Starting hping3  on ctest-TestFlowScale-98035509-25006716, args:  --udp   --keep   --destport ++1000  --baseport 5018  --count 1048576  --interval u1 
2021-03-26 08:37:51,907 - INFO - Running command for 5s
2021-03-26 08:50:49,473 - INFO - Flow count: 2215557
2021-03-26 08:50:49,829 - INFO - vrouter agent memory usage: top - 14:20:49 up 21:42,  1 user,  load average: 0.33, 0.37, 0.57
Tasks:   1 total,   0 running,   1 sleeping,   0 stopped,   0 zombie
%Cpu(s):  0.3 us,  0.2 sy,  0.0 ni, 99.5 id,  0.0 wa,  0.0 hi,  0.0 si,  0.0 st
KiB Mem : 26385580+total, 24257056+free, 20868424 used,   416824 buff/cache
oiB Swap:        0 total,        0 free,        0 used. 24216568+avail Mem 

  PID USER      PR  NI    VIRT    RES    SHR S  %CPU %MEM     TIME+ COMMAND
35738 root      20   0   12.0g  11.8g   1.8g S  20.0  4.7 116:37.15 contrail-vroute
12364300
              total        used        free      shared  buff/cache   available
Mem:           251G         19G        231G         10M        407M        230G
Swap:            0B          0B          0B
2021-03-26 08:50:49,829 - INFO - Starting hping3  on ctest-TestFlowScale-98035509-25006716, args:  --udp   --keep   --destport ++1000  --baseport 5019  --count 1048576  --interval u1 
2021-03-26 08:50:49,930 - INFO - Running command for 5s
2021-03-26 09:04:24,414 - INFO - Flow count: 2340227
2021-03-26 09:04:24,757 - INFO - vrouter agent memory usage: top - 14:34:24 up 21:56,  1 user,  load average: 0.64, 0.58, 0.59
Tasks:   1 total,   0 running,   1 sleeping,   0 stopped,   0 zombie
%Cpu(s):  0.7 us,  0.3 sy,  0.0 ni, 99.0 id,  0.0 wa,  0.0 hi,  0.0 si,  0.0 st
KiB Mem : 26385580+total, 24200108+free, 21437296 used,   417416 buff/cache
KiB Swap:        0 total,        0 free,        0 used. 24159683+avail Mem 

  PID USER      PR  NI    VIRT    RES    SHR S  %CPU %MEM     TIME+ COMMAND
35738 root      20   0   12.6g  12.3g   1.8g S  46.7  4.9 129:47.12 contrail-vroute
12929944
              total        used        free      shared  buff/cache   available
Mem:           251G         20G        230G         10M        407M        230G
Swap:            0B          0B          0B
2021-03-26 09:04:24,758 - INFO - Starting hping3  on ctest-TestFlowScale-98035509-25006716, args:  --udp   --keep   --destport ++1000  --baseport 5020  --count 1048576  --interval u1 
2021-03-26 09:04:24,858 - INFO - Running command for 5s
2021-03-26 09:18:41,784 - INFO - Flow count: 2463717
2021-03-26 09:18:42,126 - INFO - vrouter agent memory usage: top - 14:48:42 up 22:10,  1 user,  load average: 1.26, 1.22, 0.91
Tasks:   1 total,   0 running,   1 sleeping,   0 stopped,   0 zombie
%Cpu(s):  2.0 us,  0.8 sy,  0.0 ni, 97.2 id,  0.0 wa,  0.0 hi,  0.0 si,  0.0 st
KiB Mem : 26385580+total, 24144038+free, 21997684 used,   417736 buff/cache
KiB Swap:        0 total,        0 free,        0 used. 24103644+avail Mem 

  PID USER      PR  NI    VIRT    RES    SHR S  %CPU %MEM     TIME+ COMMAND
35738 root      20   0   13.1g  12.9g   1.8g S 106.7  5.1 143:39.14 contrail-vroute
13493092
              total        used        free      shared  buff/cache   available
Mem:           251G         20G        230G         10M        407M        229G
Swap:            0B          0B          0B
2021-03-26 09:18:42,127 - INFO - Starting hping3  on ctest-TestFlowScale-98035509-25006716, args:  --udp   --keep   --destport ++1000  --baseport 5021  --count 1048576  --interval u1 
2021-03-26 09:18:42,221 - INFO - Running command for 5s
2021-03-26 09:33:49,244 - INFO - Flow count: 2584748
2021-03-26 09:33:49,619 - INFO - vrouter agent memory usage: top - 15:03:49 up 22:25,  1 user,  load average: 0.27, 0.46, 0.64
Tasks:   1 total,   0 running,   1 sleeping,   0 stopped,   0 zombie
%Cpu(s):  2.3 us,  0.5 sy,  0.0 ni, 97.2 id,  0.0 wa,  0.0 hi,  0.0 si,  0.0 st
KiB Mem : 26385580+total, 24088832+free, 22546268 used,   421212 buff/cache
KiB Swap:        0 total,        0 free,        0 used. 24048784+avail Mem 

  PID USER      PR  NI    VIRT    RES    SHR S  %CPU %MEM     TIME+ COMMAND
35738 root      20   0   13.6g  13.4g   1.8g S  66.7  5.3 158:20.92 contrail-vroute
14038120
              total        used        free      shared  buff/cache   available
Mem:           251G         21G        229G         10M        411M        229G
Swap:            0B          0B          0B
2021-03-26 09:33:49,619 - INFO - Starting hping3  on ctest-TestFlowScale-98035509-25006716, args:  --udp   --keep   --destport ++1000  --baseport 5022  --count 1048576  --interval u1 
2021-03-26 09:33:49,719 - INFO - Running command for 5s
2021-03-26 09:49:39,649 - INFO - Flow count: 2708290
2021-03-26 09:49:40,057 - INFO - vrouter agent memory usage: top - 15:19:40 up 22:41,  2 users,  load average: 0.55, 0.46, 0.52
Tasks:   1 total,   0 running,   1 sleeping,   0 stopped,   0 zombie
%Cpu(s):  2.5 us,  0.7 sy,  0.0 ni, 96.9 id,  0.0 wa,  0.0 hi,  0.0 si,  0.0 st
KiB Mem : 26385580+total, 24032649+free, 23105328 used,   423988 buff/cache
KiB Swap:        0 total,        0 free,        0 used. 23992876+avail Mem 

  PID USER      PR  NI    VIRT    RES    SHR S  %CPU %MEM     TIME+ COMMAND
35738 root      20   0   14.1g  13.9g   1.8g S 126.7  5.5 173:55.45 contrail-vroute
14594628
              total        used        free      shared  buff/cache   available
Mem:           251G         22G        229G         10M        414M        228G
Swap:            0B          0B          0B
2021-03-26 09:49:40,058 - INFO - Starting hping3  on ctest-TestFlowScale-98035509-25006716, args:  --udp   --keep   --destport ++1000  --baseport 5023  --count 1048576  --interval u1 
2021-03-26 09:49:40,154 - INFO - Running command for 5s
2021-03-26 10:06:02,804 - INFO - Flow count: 2833021
2021-03-26 10:06:03,157 - INFO - vrouter agent memory usage: top - 15:36:03 up 22:57,  2 users,  load average: 1.34, 1.16, 0.86
Tasks:   1 total,   0 running,   1 sleeping,   0 stopped,   0 zombie
%Cpu(s):  0.3 us,  0.2 sy,  0.0 ni, 99.5 id,  0.0 wa,  0.0 hi,  0.0 si,  0.0 st
KiB Mem : 26385580+total, 23976731+free, 23664440 used,   424048 buff/cache
KiB Swap:        0 total,        0 free,        0 used. 23936964+avail Mem 

  PID USER      PR  NI    VIRT    RES    SHR S  %CPU %MEM     TIME+ COMMAND
35738 root      20   0   14.7g  14.4g   1.8g S  20.0  5.7 190:11.61 contrail-vroute
15150816
              total        used        free      shared  buff/cache   available
Mem:           251G         22G        228G         10M        414M        228G
Swap:            0B          0B          0B
2021-03-26 10:06:03,157 - INFO - Starting hping3  on ctest-TestFlowScale-98035509-25006716, args:  --udp   --keep   --destport ++1000  --baseport 5024  --count 1048576  --interval u1 
2021-03-26 10:06:03,259 - INFO - Running command for 5s
2021-03-26 10:15:01,451 - ERROR - Socket Connection error: ('Connection aborted.', ConnectionResetError(104, 'Connection reset by peer'))
2021-03-26 10:15:04,410 - INFO - Deleting VM ctest-TestFlowScale-98035509-25006716
2021-03-26 10:15:06,412 - ERROR - Low level socket error connecting to host 10.204.216.103 on port 22: Unable to connect to port 22 on 10.204.216.103 (tried 1 time)
Traceback (most recent call last):
  File "/usr/local/lib64/python3.6/site-packages/fabric/state.py", line 435, in default_channel
    chan = _open_session()
  File "/usr/local/lib64/python3.6/site-packages/fabric/state.py", line 420, in _open_session
    session = transport.open_session(timeout=env.timeout)
  File "/usr/local/lib/python3.6/site-packages/paramiko/transport.py", line 879, in open_session
    timeout=timeout,
  File "/usr/local/lib/python3.6/site-packages/paramiko/transport.py", line 969, in open_channel
    raise SSHException("SSH session not active")
paramiko.ssh_exception.SSHException: SSH session not active

During handling of the above exception, another exception occurred:

Traceback (most recent call last):
  File "/usr/local/lib64/python3.6/site-packages/fabric/network.py", line 478, in connect
    client.connect(**kwargs)
  File "/usr/local/lib/python3.6/site-packages/paramiko/client.py", line 368, in connect
    raise NoValidConnectionsError(errors)
paramiko.ssh_exception.NoValidConnectionsError: [Errno None] Unable to connect to port 22 on 10.204.216.103

During handling of the above exception, another exception occurred:

Traceback (most recent call last):
  File "/contrail-test/tcutils/cores.py", line 47, in get_cores_node
    if exists(CORE_DIR):
  File "/usr/local/lib64/python3.6/site-packages/fabric/contrib/files.py", line 31, in exists
    cmd = 'stat %s' % _expand_path(path)
  File "/usr/local/lib64/python3.6/site-packages/fabric/contrib/files.py", line 485, in _expand_path
    return path if is_win() else '"$(echo %s)"' % path
  File "/usr/local/lib64/python3.6/site-packages/fabric/contrib/files.py", line 472, in is_win
    return '"' in run('echo "Will you echo quotation marks"')
  File "/usr/local/lib64/python3.6/site-packages/fabric/network.py", line 692, in host_prompting_wrapper
    return func(*args, **kwargs)
  File "/usr/local/lib64/python3.6/site-packages/fabric/operations.py", line 1095, in run
    shell_escape=shell_escape, capture_buffer_size=capture_buffer_size,
  File "/usr/local/lib64/python3.6/site-packages/fabric/operations.py", line 935, in _run_command
    channel=default_channel(), command=wrapped_command, pty=pty,
  File "/usr/local/lib64/python3.6/site-packages/fabric/state.py", line 440, in default_channel
    chan = _open_session()
  File "/usr/local/lib64/python3.6/site-packages/fabric/state.py", line 416, in _open_session
    transport = connections[env.host_string].get_transport()
  File "/contrail-test/tcutils/fabutils.py", line 48, in __getitem__
    self.connect(key)
  File "/contrail-test/tcutils/fabutils.py", line 35, in connect
    user, host, port, cache=self, seek_gateway=seek_gateway)
  File "/usr/local/lib64/python3.6/site-packages/fabric/network.py", line 610, in connect
    raise NetworkError(msg, e)
fabric.exceptions.NetworkError: Low level socket error connecting to host 10.204.216.103 on port 22: Unable to connect to port 22 on 10.204.216.103 (tried 1 time)
2021-03-26 10:15:07,161 - ERROR - Low level socket error connecting to host 10.204.216.97 on port 22: Unable to connect to port 22 on 10.204.216.97 (tried 1 time)
Traceback (most recent call last):
  File "/usr/local/lib64/python3.6/site-packages/fabric/state.py", line 435, in default_channel
    chan = _open_session()
  File "/usr/local/lib64/python3.6/site-packages/fabric/state.py", line 420, in _open_session
    session = transport.open_session(timeout=env.timeout)
  File "/usr/local/lib/python3.6/site-packages/paramiko/transport.py", line 879, in open_session
    timeout=timeout,
  File "/usr/local/lib/python3.6/site-packages/paramiko/transport.py", line 969, in open_channel
    raise SSHException("SSH session not active")
paramiko.ssh_exception.SSHException: SSH session not active

During handling of the above exception, another exception occurred:

Traceback (most recent call last):
  File "/usr/local/lib64/python3.6/site-packages/fabric/network.py", line 478, in connect
    client.connect(**kwargs)
  File "/usr/local/lib/python3.6/site-packages/paramiko/client.py", line 368, in connect
    raise NoValidConnectionsError(errors)
paramiko.ssh_exception.NoValidConnectionsError: [Errno None] Unable to connect to port 22 on 10.204.216.97

During handling of the above exception, another exception occurred:

Traceback (most recent call last):
  File "/contrail-test/tcutils/cores.py", line 47, in get_cores_node
    if exists(CORE_DIR):
  File "/usr/local/lib64/python3.6/site-packages/fabric/contrib/files.py", line 31, in exists
    cmd = 'stat %s' % _expand_path(path)
  File "/usr/local/lib64/python3.6/site-packages/fabric/contrib/files.py", line 485, in _expand_path
    return path if is_win() else '"$(echo %s)"' % path
  File "/usr/local/lib64/python3.6/site-packages/fabric/contrib/files.py", line 472, in is_win
    return '"' in run('echo "Will you echo quotation marks"')
  File "/usr/local/lib64/python3.6/site-packages/fabric/network.py", line 692, in host_prompting_wrapper
    return func(*args, **kwargs)
  File "/usr/local/lib64/python3.6/site-packages/fabric/operations.py", line 1095, in run
    shell_escape=shell_escape, capture_buffer_size=capture_buffer_size,
  File "/usr/local/lib64/python3.6/site-packages/fabric/operations.py", line 935, in _run_command
    channel=default_channel(), command=wrapped_command, pty=pty,
  File "/usr/local/lib64/python3.6/site-packages/fabric/state.py", line 440, in default_channel
    chan = _open_session()
  File "/usr/local/lib64/python3.6/site-packages/fabric/state.py", line 416, in _open_session
    transport = connections[env.host_string].get_transport()
  File "/contrail-test/tcutils/fabutils.py", line 48, in __getitem__
    self.connect(key)
  File "/contrail-test/tcutils/fabutils.py", line 35, in connect
    user, host, port, cache=self, seek_gateway=seek_gateway)
  File "/usr/local/lib64/python3.6/site-packages/fabric/network.py", line 610, in connect
    raise NetworkError(msg, e)
fabric.exceptions.NetworkError: Low level socket error connecting to host 10.204.216.97 on port 22: Unable to connect to port 22 on 10.204.216.97 (tried 1 time)
2021-03-26 10:15:08,519 - ERROR - AttributeError
Python 3.6.8: /usr/bin/python3
Fri Mar 26 10:15:01 2021

A problem occurred in a Python script.  Here is the sequence of
function calls leading up to the error, in the order they occurred.

 /contrail-test/tcutils/wrappers.py in wrapper(self=<serial_scripts.scale.flow.test_flow.TestFlowScale.test_flow_scale[flow_scale] id=0x7fa7d20dbd68>, *args=(), **kwargs={})
   79             log.info('Initial checks done. Running the testcase now')
   80             log.info('')
   81             result = function(self, *args, **kwargs)
   82             if self.inputs.upgrade:
   83                 pid = os.getpid()
result = None
function = <function TestFlowScale.test_flow_scale>
self = <serial_scripts.scale.flow.test_flow.TestFlowScale.test_flow_scale[flow_scale] id=0x7fa7d20dbd68>
args = ()
kwargs = {}

 /contrail-test/serial_scripts/scale/flow/test_flow.py in test_flow_scale(self=<serial_scripts.scale.flow.test_flow.TestFlowScale.test_flow_scale[flow_scale] id=0x7fa7d20dbd68>)
  168             time.sleep(5)
  169             (stats, hping_log) = hping_h.stop()
  170             flow_table = self.vn1_vm1_vrouter_fixture.get_flow_table()
  171             flow_count = flow_table.flow_count
  172             self.logger.info('Flow count: %s' % flow_count)
flow_table = <common.agent.flow_table.FlowTable object>
self = <serial_scripts.scale.flow.test_flow.TestFlowScale.test_flow_scale[flow_scale] id=0x7fa7d20dbd68>
self.vn1_vm1_vrouter_fixture = <compute_node_test.ComputeNodeFixture object>
self.vn1_vm1_vrouter_fixture.get_flow_table = <bound method ComputeNodeFixture.get_flow_table of <compute_node_test.ComputeNodeFixture object>>

 /contrail-test/fixtures/compute_node_test.py in get_flow_table(self=<compute_node_test.ComputeNodeFixture object>, index=None, refresh=True, show_evicted=False)
  451         if refresh:
  452             flow_table_items = self.agent_inspect_h.get_vna_kflowresp(
  453                 index=index, show_evicted=show_evicted)
  454             self.flow_table = FlowTable(flow_table_items)
  455         return self.flow_table
index = None
show_evicted = False

 /contrail-test/tcutils/agent/vna_introspect_utils.py in get_vna_kflowresp(self=<tcutils.agent.vna_introspect_utils.AgentInspect object>, index='', show_evicted=False)
  350                 while not (next_index == '0' or next_index == '0 evicted_set'):
  351                     (records_set, next_index) = self.get_vna_next_kflowresp(
  352                                                     next_index, show_evicted)
  353                     l.extend(records_set)
  354                 return l
next_index = '3410097'
show_evicted = False

 /contrail-test/tcutils/agent/vna_introspect_utils.py in get_vna_next_kflowresp(self=<tcutils.agent.vna_introspect_utils.AgentInspect object>, x='3410097', show_evicted=False)
  365         l = []
  366         response = self.dict_get('Snh_NextKFlowReq?x=%s' % (x))
  367         records = response.getchildren()[0].xpath('./list/KFlowInfo')
  368         next_index = response.getchildren()[1].text
  369         for v in records:
records undefined
response = None
response.getchildren undefined
AttributeError: 'NoneType' object has no attribute 'getchildren'
    __cause__ = None
    __class__ = <class 'AttributeError'>
    __context__ = None
    __delattr__ = <method-wrapper '__delattr__' of AttributeError object>
    __dict__ = {}
    __dir__ = <built-in method __dir__ of AttributeError object>
    __doc__ = 'Attribute not found.'
    __eq__ = <method-wrapper '__eq__' of AttributeError object>
    __format__ = <built-in method __format__ of AttributeError object>
    __ge__ = <method-wrapper '__ge__' of AttributeError object>
    __getattribute__ = <method-wrapper '__getattribute__' of AttributeError object>
    __gt__ = <method-wrapper '__gt__' of AttributeError object>
    __hash__ = <method-wrapper '__hash__' of AttributeError object>
    __init__ = <method-wrapper '__init__' of AttributeError object>
    __init_subclass__ = <built-in method __init_subclass__ of type object>
    __le__ = <method-wrapper '__le__' of AttributeError object>
    __lt__ = <method-wrapper '__lt__' of AttributeError object>
    __ne__ = <method-wrapper '__ne__' of AttributeError object>
    __new__ = <built-in method __new__ of type object>
    __reduce__ = <built-in method __reduce__ of AttributeError object>
    __reduce_ex__ = <built-in method __reduce_ex__ of AttributeError object>
    __repr__ = <method-wrapper '__repr__' of AttributeError object>
    __setattr__ = <method-wrapper '__setattr__' of AttributeError object>
    __setstate__ = <built-in method __setstate__ of AttributeError object>
    __sizeof__ = <built-in method __sizeof__ of AttributeError object>
    __str__ = <method-wrapper '__str__' of AttributeError object>
    __subclasshook__ = <built-in method __subclasshook__ of type object>
    __suppress_context__ = False
    __traceback__ = <traceback object>
    args = ("'NoneType' object has no attribute 'getchildren'",)
    with_traceback = <built-in method with_traceback of AttributeError object>

The above is a description of an error in a Python program.  Here is
the original traceback:

Traceback (most recent call last):
  File "/contrail-test/tcutils/wrappers.py", line 81, in wrapper
    result = function(self, *args, **kwargs)
  File "/contrail-test/serial_scripts/scale/flow/test_flow.py", line 170, in test_flow_scale
    flow_table = self.vn1_vm1_vrouter_fixture.get_flow_table()
  File "/contrail-test/fixtures/compute_node_test.py", line 453, in get_flow_table
    index=index, show_evicted=show_evicted)
  File "/contrail-test/tcutils/agent/vna_introspect_utils.py", line 352, in get_vna_kflowresp
    next_index, show_evicted)
  File "/contrail-test/tcutils/agent/vna_introspect_utils.py", line 367, in get_vna_next_kflowresp
    records = response.getchildren()[0].xpath('./list/KFlowInfo')
AttributeError: 'NoneType' object has no attribute 'getchildren'



2021-03-26 10:15:08,521 - INFO - 
2021-03-26 10:15:08,521 - INFO - END TEST : test_flow_scale : FAILED[3:28:39]
2021-03-26 10:15:08,521 - INFO - --------------------------------------------------------------------------------
