2021-02-22 04:58:03,692 - DEBUG - [192.168.7.20]: Running cmd : hostname
2021-02-22 04:58:04,742 - DEBUG - Output : noden20
2021-02-22 04:58:04,743 - DEBUG - [192.168.7.20]: Running cmd : hostname -f
2021-02-22 04:58:04,854 - DEBUG - Output : noden20.maas
2021-02-22 04:58:04,855 - DEBUG - [192.168.7.20]: Running cmd : docker ps -a 2>/dev/null | grep -v "/pause\|/usr/bin/pod\|nova_api_\|contrail.*init\|init.*contrail\|provisioner\|placement" | awk '{print $NF}'
2021-02-22 04:58:05,070 - DEBUG - Output : NAMES
webui_job_1
webui_web_1
analyticssnmp_snmp-collector_1
analyticssnmp_topology_1
analyticssnmp_nodemgr_1
analyticsalarm_kafka_1
analyticsalarm_nodemgr_1
analyticsalarm_alarm-gen_1
analytics_api_1
analytics_nodemgr_1
analytics_collector_1
analyticsdatabase_cassandra_1
analyticsdatabase_query-engine_1
analyticsdatabase_nodemgr_1
redis_stunnel_1
redis_redis_1
control_named_1
control_nodemgr_1
control_dns_1
control_control_1
configdatabase_zookeeper_1
configdatabase_cassandra_1
configdatabase_rabbitmq_1
configdatabase_nodemgr_1
configapi_devicemgr_1
configapi_dnsmasq_1
configapi_nodemgr_1
configapi_schema_1
configapi_svcmonitor_1
configapi_api_1
2021-02-22 04:58:05,070 - DEBUG - [192.168.7.20]: Running cmd : getent hosts 192.168.7.20 | head -n 1 | awk '{print $2}'
2021-02-22 04:58:05,209 - DEBUG - Output : noden20.maas
2021-02-22 04:58:05,209 - DEBUG - [192.168.7.20]: Running cmd : ip addr show | grep 'inet .*/.* brd ' | awk '{print $2}'
2021-02-22 04:58:05,324 - DEBUG - Output : 192.168.27.20/24
172.17.0.1/16
192.168.7.20/24
2021-02-22 04:58:05,325 - DEBUG - [192.168.7.29]: Running cmd : hostname
2021-02-22 04:58:06,287 - DEBUG - Output : noden29
2021-02-22 04:58:06,287 - DEBUG - [192.168.7.29]: Running cmd : hostname -f
2021-02-22 04:58:06,394 - DEBUG - Output : noden29.maas
2021-02-22 04:58:06,395 - DEBUG - [192.168.7.29]: Running cmd : docker ps -a 2>/dev/null | grep -v "/pause\|/usr/bin/pod\|nova_api_\|contrail.*init\|init.*contrail\|provisioner\|placement" | awk '{print $NF}'
2021-02-22 04:58:06,599 - DEBUG - Output : NAMES
vrouter_nodemgr_1
vrouter_vrouter-agent_1
webui_job_1
webui_web_1
analyticsdatabase_query-engine_1
analyticsdatabase_nodemgr_1
analyticsdatabase_cassandra_1
analyticssnmp_snmp-collector_1
analyticssnmp_nodemgr_1
analyticssnmp_topology_1
analyticsalarm_nodemgr_1
analyticsalarm_alarm-gen_1
analyticsalarm_kafka_1
analytics_nodemgr_1
analytics_api_1
analytics_collector_1
contrailkubernetesmaster_kubemanager_1
redis_stunnel_1
redis_redis_1
control_named_1
control_control_1
control_nodemgr_1
control_dns_1
configdatabase_cassandra_1
configdatabase_rabbitmq_1
configdatabase_nodemgr_1
configdatabase_zookeeper_1
configapi_devicemgr_1
configapi_nodemgr_1
configapi_api_1
configapi_schema_1
configapi_svcmonitor_1
configapi_dnsmasq_1
2021-02-22 04:58:06,600 - DEBUG - [192.168.7.29]: Running cmd : getent hosts 192.168.7.29 | head -n 1 | awk '{print $2}'
2021-02-22 04:58:06,708 - DEBUG - Output : 
2021-02-22 04:58:06,708 - DEBUG - [192.168.7.29]: Running cmd : ip addr show | grep 'inet .*/.* brd ' | awk '{print $2}'
2021-02-22 04:58:06,820 - DEBUG - Output : 192.168.7.29/24
172.17.0.1/16
192.168.27.29/24
2021-02-22 04:58:07,022 - DEBUG - [192.168.7.34]: Running cmd : hostname
2021-02-22 04:58:08,231 - DEBUG - Output : nodei34
2021-02-22 04:58:08,232 - DEBUG - [192.168.7.34]: Running cmd : hostname -f
2021-02-22 04:58:08,320 - DEBUG - Output : nodei34.maas
2021-02-22 04:58:08,321 - DEBUG - [192.168.7.34]: Running cmd : docker ps -a 2>/dev/null | grep -v "/pause\|/usr/bin/pod\|nova_api_\|contrail.*init\|init.*contrail\|provisioner\|placement" | awk '{print $NF}'
2021-02-22 04:58:08,524 - DEBUG - Output : NAMES
webui_web_1
webui_job_1
analyticsdatabase_cassandra_1
analyticsdatabase_query-engine_1
analyticsdatabase_nodemgr_1
analyticssnmp_snmp-collector_1
analyticssnmp_nodemgr_1
analyticssnmp_topology_1
analyticsalarm_nodemgr_1
analyticsalarm_alarm-gen_1
analyticsalarm_kafka_1
analytics_nodemgr_1
analytics_api_1
analytics_collector_1
redis_redis_1
redis_stunnel_1
control_named_1
control_dns_1
control_nodemgr_1
control_control_1
configdatabase_cassandra_1
configdatabase_zookeeper_1
configdatabase_rabbitmq_1
configdatabase_nodemgr_1
configapi_devicemgr_1
configapi_schema_1
configapi_dnsmasq_1
configapi_nodemgr_1
configapi_api_1
configapi_svcmonitor_1
2021-02-22 04:58:08,524 - DEBUG - [192.168.7.34]: Running cmd : getent hosts 192.168.7.34 | head -n 1 | awk '{print $2}'
2021-02-22 04:58:08,623 - DEBUG - Output : nodei34.maas
2021-02-22 04:58:08,623 - DEBUG - [192.168.7.34]: Running cmd : ip addr show | grep 'inet .*/.* brd ' | awk '{print $2}'
2021-02-22 04:58:08,732 - DEBUG - Output : 192.168.7.34/24
192.168.27.34/24
172.17.0.1/16
2021-02-22 04:58:08,733 - DEBUG - [192.168.7.19]: Running cmd : hostname
2021-02-22 04:58:09,719 - DEBUG - Output : noden19
2021-02-22 04:58:09,719 - DEBUG - [192.168.7.19]: Running cmd : hostname -f
2021-02-22 04:58:09,820 - DEBUG - Output : noden19.maas
2021-02-22 04:58:09,820 - DEBUG - [192.168.7.19]: Running cmd : docker ps -a 2>/dev/null | grep -v "/pause\|/usr/bin/pod\|nova_api_\|contrail.*init\|init.*contrail\|provisioner\|placement" | awk '{print $NF}'
2021-02-22 04:58:09,988 - DEBUG - Output : NAMES
vrouter_nodemgr_1
vrouter_vrouter-agent_1
k8s_nginx_nginx_default_e122a4d5-13d3-4b5c-a917-c375f5a0cafa_0
k8s_cirros_cirros_default_17de7c97-01cd-4350-8401-3c2249528561_0
k8s_coredns_coredns-6b59b8bd9f-f7hgs_kube-system_efbcc658-8b0f-4982-860d-15887593226b_23
k8s_coredns_coredns-6b59b8bd9f-f7hgs_kube-system_efbcc658-8b0f-4982-860d-15887593226b_22
k8s_k8s-keystone-auth_k8s-keystone-auth-bd454d699-hcvxs_kube-system_64575096-0773-4881-8bba-f16559ca5fd6_0
k8s_k8s-keystone-auth_k8s-keystone-auth-bd454d699-4gj79_kube-system_83e45f58-f119-4828-9b80-a681ecebeb2b_0
2021-02-22 04:58:09,989 - DEBUG - [192.168.7.19]: Running cmd : ip addr show dev vhost0 | grep 'inet .*/.* brd ' | awk '{print $2}'
2021-02-22 04:58:10,091 - DEBUG - Output : 192.168.27.19/24
2021-02-22 04:58:10,092 - DEBUG - [192.168.7.19]: Running cmd : getent hosts 192.168.27.19 | head -n 1 | awk '{print $2}'
2021-02-22 04:58:10,197 - DEBUG - Output : noden19.maas
2021-02-22 04:58:10,197 - DEBUG - [192.168.7.9]: Running cmd : hostname
2021-02-22 04:58:10,922 - DEBUG - Output : nodec9
2021-02-22 04:58:10,923 - DEBUG - [192.168.7.9]: Running cmd : hostname -f
2021-02-22 04:58:11,000 - DEBUG - Output : nodec9.maas
2021-02-22 04:58:11,000 - DEBUG - [192.168.7.9]: Running cmd : docker ps -a 2>/dev/null | grep -v "/pause\|/usr/bin/pod\|nova_api_\|contrail.*init\|init.*contrail\|provisioner\|placement" | awk '{print $NF}'
2021-02-22 04:58:11,123 - DEBUG - Output : NAMES
vrouter_vrouter-agent_1
vrouter_nodemgr_1
2021-02-22 04:58:11,124 - DEBUG - [192.168.7.9]: Running cmd : ip addr show dev vhost0 | grep 'inet .*/.* brd ' | awk '{print $2}'
2021-02-22 04:58:11,204 - DEBUG - Output : 192.168.27.9/24
2021-02-22 04:58:11,205 - DEBUG - [192.168.7.9]: Running cmd : getent hosts 192.168.27.9 | head -n 1 | awk '{print $2}'
2021-02-22 04:58:11,288 - DEBUG - Output : nodec9.maas
2021-02-22 04:58:11,289 - DEBUG - [192.168.7.18]: Running cmd : hostname
2021-02-22 04:58:11,671 - DEBUG - Output : noden18
2021-02-22 04:58:11,671 - DEBUG - [192.168.7.18]: Running cmd : hostname -f
2021-02-22 04:58:11,748 - DEBUG - Output : noden18.englab.juniper.net
2021-02-22 04:58:11,748 - DEBUG - [192.168.7.18]: Running cmd : docker ps -a 2>/dev/null | grep -v "/pause\|/usr/bin/pod\|nova_api_\|contrail.*init\|init.*contrail\|provisioner\|placement" | awk '{print $NF}'
2021-02-22 04:58:11,932 - DEBUG - Output : NAMES
nuthan_test8
nuthan_test2
nuthan_test7
tf_test
scale_test
nuthan_test
2021-02-22 04:58:14,816 - DEBUG - Not creating keypair since it exists
2021-02-22 04:58:15,692 - INFO - Reading existing Domain with UUID f27c063f-c6c4-434f-a616-97e72e0043e5
2021-02-22 04:58:16,407 - INFO - Using existing domain ['admin_domain'](f27c063f-c6c4-434f-a616-97e72e0043e5)
2021-02-22 04:58:17,612 - INFO - Project ctest-FloatingipBasicTestSanity-21890666 not found, creating it
2021-02-22 04:58:18,814 - INFO - Created Project:ctest-FloatingipBasicTestSanity-21890666, ID : b1a9ff59-1eca-4b4f-8a6c-6fd91da9d65a 
2021-02-22 04:58:36,884 - INFO - Using existing project ['admin_domain', 'admin'](6d52ffce-adf6-4a1b-b907-bb9dd95efc70)
2021-02-22 04:58:37,967 - INFO - admin user already present
2021-02-22 04:58:40,885 - INFO - Adding rules to the default security group in Project admin
2021-02-22 04:58:41,368 - INFO - ================================================================================
2021-02-22 04:58:41,368 - INFO - STARTING TEST    : test_floating_ip
2021-02-22 04:58:41,369 - INFO - TEST DESCRIPTION : Test to validate floating-ip Assignment to a VM. It creates a VM, assigns a FIP to it and pings to a IP in the FIP VN.
        
2021-02-22 04:58:42,701 - DEBUG - Requesting: https://192.168.7.19:8085/Snh_AgentXmppConnectionStatusReq?
2021-02-22 04:58:42,722 - DEBUG - Requesting: https://192.168.7.9:8085/Snh_AgentXmppConnectionStatusReq?
2021-02-22 04:58:42,741 - DEBUG - Nothing to compare xmpp stats {'192.168.7.19': {'192.168.27.20': '0', '192.168.27.34': '0'}, '192.168.7.9': {'192.168.27.20': '0', '192.168.27.34': '0'}} with
2021-02-22 04:58:42,741 - INFO - Initial checks done. Running the testcase now
2021-02-22 04:58:42,741 - INFO - 
2021-02-22 04:58:42,808 - DEBUG - Services list from nova: [<Service: 1>, <Service: 3>, <Service: 4>, <Service: 16>]
2021-02-22 04:58:42,808 - DEBUG - Hosts: {'nova': ['nodec9']}
2021-02-22 04:58:45,078 - DEBUG - Response for create_network : {'network': {'status': 'ACTIVE', 'router:external': False, 'subnets': [], 'fq_name': ['admin_domain', 'ctest-FloatingipBasicTestSanity-21890666', 'ctest-fvn-65181893'], 'name': 'ctest-fvn-65181893', 'admin_state_up': True, 'tenant_id': 'b1a9ff591eca4b4f8a6c6fd91da9d65a', 'created_at': None, 'updated_at': None, 'shared': False, 'port_security_enabled': True, 'project_id': 'b1a9ff591eca4b4f8a6c6fd91da9d65a', 'id': '000722df-4be7-4343-ba5b-26cb9e8f5775', 'description': ''}}
2021-02-22 04:58:45,752 - DEBUG - Response for create_subnet : {'subnet': {'name': '', 'enable_dhcp': True, 'network_id': '000722df-4be7-4343-ba5b-26cb9e8f5775', 'tenant_id': 'b1a9ff591eca4b4f8a6c6fd91da9d65a', 'created_at': '2021-02-22T04:58:44.916845', 'dns_nameservers': [], 'updated_at': '2021-02-22T04:58:44.916845', 'ipv6_ra_mode': None, 'allocation_pools': [{'start': '103.96.43.66', 'end': '103.96.43.126'}], 'gateway_ip': '103.96.43.65', 'dns_server_address': '103.96.43.66', 'ipv6_address_mode': None, 'ip_version': 4, 'host_routes': [], 'cidr': '103.96.43.64/26', 'id': 'd8fba235-7704-48d9-98c0-6850a50fe37e'}}
2021-02-22 04:58:45,803 - INFO - Created VN ctest-fvn-65181893
2021-02-22 04:58:45,837 - DEBUG - VN ctest-fvn-65181893 UUID is 000722df-4be7-4343-ba5b-26cb9e8f5775
2021-02-22 04:58:46,072 - DEBUG - Requesting: https://192.168.7.20:8082/domains
2021-02-22 04:58:47,373 - DEBUG - Requesting: https://192.168.7.20:8082/domains
2021-02-22 04:58:48,216 - DEBUG - Requesting: https://192.168.7.20:8082/domain/f27c063f-c6c4-434f-a616-97e72e0043e5
2021-02-22 04:58:48,265 - DEBUG - Requesting: https://192.168.7.20:8082/project/b1a9ff59-1eca-4b4f-8a6c-6fd91da9d65a
2021-02-22 04:58:48,324 - DEBUG - Requesting: https://192.168.7.20:8082/virtual-network/000722df-4be7-4343-ba5b-26cb9e8f5775
2021-02-22 04:58:48,353 - DEBUG - Requesting: https://192.168.7.20:8082/virtual-network/000722df-4be7-4343-ba5b-26cb9e8f5775
2021-02-22 04:58:48,377 - DEBUG - Requesting: https://192.168.7.20:8082/routing-instance/3dc11972-7a25-4213-b80d-0d93c382d2df
2021-02-22 04:58:48,402 - DEBUG - Requesting: https://192.168.7.20:8082/routing-instance/3dc11972-7a25-4213-b80d-0d93c382d2df
2021-02-22 04:58:48,428 - DEBUG - Requesting: https://192.168.7.20:8082/route-target/790dc32b-2af4-4f1e-b276-9a97b37410ee
2021-02-22 04:58:48,452 - DEBUG - Route Targets: ['target:64512:8000010']
2021-02-22 04:58:48,452 - DEBUG - Requesting: https://192.168.7.20:8082/virtual-network/000722df-4be7-4343-ba5b-26cb9e8f5775
2021-02-22 04:58:48,479 - DEBUG - Requesting: https://192.168.7.20:8082/routing-instance/3dc11972-7a25-4213-b80d-0d93c382d2df
2021-02-22 04:58:48,527 - INFO - Verified VN network id 21 for VN 000722df-4be7-4343-ba5b-26cb9e8f5775
2021-02-22 04:58:48,527 - INFO - Verifications in API Server for VN ctest-fvn-65181893 passed
2021-02-22 04:58:48,528 - DEBUG - Requesting: https://192.168.7.20:8082/virtual-network/000722df-4be7-4343-ba5b-26cb9e8f5775
2021-02-22 04:58:48,556 - DEBUG - Requesting: https://192.168.7.20:8082/routing-instance/3dc11972-7a25-4213-b80d-0d93c382d2df
2021-02-22 04:58:48,579 - DEBUG - Requesting: https://192.168.7.20:8082/routing-instance/3dc11972-7a25-4213-b80d-0d93c382d2df
2021-02-22 04:58:48,602 - DEBUG - Requesting: https://192.168.7.20:8082/route-target/790dc32b-2af4-4f1e-b276-9a97b37410ee
2021-02-22 04:58:48,624 - DEBUG - Requesting: https://192.168.7.20:8083/Snh_IFMapTableShowReq?table_name=virtual-network&search_string=virtual-network:admin_domain:ctest-FloatingipBasicTestSanity-21890666:ctest-fvn-65181893
2021-02-22 04:58:48,643 - DEBUG - Control-node 192.168.7.20 : VN object is : {'node_name': 'virtual-network:admin_domain:ctest-FloatingipBasicTestSanity-21890666:ctest-fvn-65181893', 'interests': '-', 'advertised': '-', 'dbentryflags': None, 'obj_info': {'sequence_number': '0', 'origin': 'Cassandra', 'data': {'id-perms': {'permissions': {'owner': 'ctest-FloatingipBasicTestSanity-21890666', 'owner-access': '7', 'group': 'admin', 'group-access': '7', 'other-access': '7'}, 'uuid': {'uuid-mslong': '2008667283473219', 'uuid-lslong': '13428369369915676533'}, 'enable': 'true', 'created': '2021-02-22T04:58:44', 'last-modified': '2021-02-22T04:58:44', 'description': None, 'user-visible': 'true', 'creator': None}}}, 'neighbors': None, 'last_modified': '00:00:03.154556'}
2021-02-22 04:58:48,643 - DEBUG - Requesting: https://192.168.7.20:8083/Snh_ShowRoutingInstanceReq?name=admin_domain:ctest-FloatingipBasicTestSanity-21890666:ctest-fvn-65181893:ctest-fvn-65181893
2021-02-22 04:58:48,661 - DEBUG - Route Targets: ['target:64512:8000010']
2021-02-22 04:58:48,662 - DEBUG - Requesting: https://192.168.7.29:8083/Snh_IFMapTableShowReq?table_name=virtual-network&search_string=virtual-network:admin_domain:ctest-FloatingipBasicTestSanity-21890666:ctest-fvn-65181893
2021-02-22 04:58:48,764 - DEBUG - Control-node 192.168.7.29 : VN object is : {'node_name': 'virtual-network:admin_domain:ctest-FloatingipBasicTestSanity-21890666:ctest-fvn-65181893', 'interests': '-', 'advertised': '-', 'dbentryflags': None, 'obj_info': {'sequence_number': '0', 'origin': 'Cassandra', 'data': {'id-perms': {'permissions': {'owner': 'ctest-FloatingipBasicTestSanity-21890666', 'owner-access': '7', 'group': 'admin', 'group-access': '7', 'other-access': '7'}, 'uuid': {'uuid-mslong': '2008667283473219', 'uuid-lslong': '13428369369915676533'}, 'enable': 'true', 'created': '2021-02-22T04:58:44', 'last-modified': '2021-02-22T04:58:44', 'description': None, 'user-visible': 'true', 'creator': None}}}, 'neighbors': None, 'last_modified': '00:00:03.078088'}
2021-02-22 04:58:48,765 - DEBUG - Requesting: https://192.168.7.29:8083/Snh_ShowRoutingInstanceReq?name=admin_domain:ctest-FloatingipBasicTestSanity-21890666:ctest-fvn-65181893:ctest-fvn-65181893
2021-02-22 04:58:48,907 - DEBUG - Route Targets: ['target:64512:8000010']
2021-02-22 04:58:48,908 - DEBUG - Requesting: https://192.168.7.34:8083/Snh_IFMapTableShowReq?table_name=virtual-network&search_string=virtual-network:admin_domain:ctest-FloatingipBasicTestSanity-21890666:ctest-fvn-65181893
2021-02-22 04:58:48,929 - DEBUG - Control-node 192.168.7.34 : VN object is : {'node_name': 'virtual-network:admin_domain:ctest-FloatingipBasicTestSanity-21890666:ctest-fvn-65181893', 'interests': '-', 'advertised': '-', 'dbentryflags': None, 'obj_info': {'sequence_number': '0', 'origin': 'Cassandra', 'data': {'id-perms': {'permissions': {'owner': 'ctest-FloatingipBasicTestSanity-21890666', 'owner-access': '7', 'group': 'admin', 'group-access': '7', 'other-access': '7'}, 'uuid': {'uuid-mslong': '2008667283473219', 'uuid-lslong': '13428369369915676533'}, 'enable': 'true', 'created': '2021-02-22T04:58:44', 'last-modified': '2021-02-22T04:58:44', 'description': None, 'user-visible': 'true', 'creator': None}}}, 'neighbors': None, 'last_modified': '00:00:03.441258'}
2021-02-22 04:58:48,930 - DEBUG - Requesting: https://192.168.7.34:8083/Snh_ShowRoutingInstanceReq?name=admin_domain:ctest-FloatingipBasicTestSanity-21890666:ctest-fvn-65181893:ctest-fvn-65181893
2021-02-22 04:58:48,950 - DEBUG - Route Targets: ['target:64512:8000010']
2021-02-22 04:58:48,950 - INFO - On all control nodes, Config, RI and RT verification for VN ctest-fvn-65181893 passed
2021-02-22 04:58:48,951 - DEBUG - ====Verifying policy data for ctest-fvn-65181893 in API_Server ======
2021-02-22 04:58:48,952 - DEBUG - Requesting: https://192.168.7.20:8082/domains
2021-02-22 04:58:48,975 - DEBUG - Requesting: https://192.168.7.20:8082/domain/f27c063f-c6c4-434f-a616-97e72e0043e5
2021-02-22 04:58:49,012 - DEBUG - Requesting: https://192.168.7.20:8082/project/b1a9ff59-1eca-4b4f-8a6c-6fd91da9d65a
2021-02-22 04:58:49,070 - DEBUG - Requesting: https://192.168.7.20:8082/virtual-network/000722df-4be7-4343-ba5b-26cb9e8f5775
2021-02-22 04:58:49,103 - DEBUG - =>VN ctest-fvn-65181893 has no policy to be verified
2021-02-22 04:58:49,103 - DEBUG - Verifying the vn in opserver
2021-02-22 04:58:49,104 - DEBUG - Verifying the admin_domain:ctest-FloatingipBasicTestSanity-21890666:ctest-fvn-65181893 virtual network link  through opserver 192.168.7.20
2021-02-22 04:58:49,105 - DEBUG - Requesting: https://192.168.7.20:8081/analytics/uves/virtual-networks
2021-02-22 04:58:49,743 - DEBUG - Requesting: https://192.168.7.20:8081/analytics/uves/virtual-networks
2021-02-22 04:58:49,900 - DEBUG - vn link and name as {'href': 'https://192.168.7.20:8081/analytics/uves/virtual-network/admin_domain:ctest-FloatingipBasicTestSanity-21890666:ctest-fvn-65181893?flat', 'name': 'admin_domain:ctest-FloatingipBasicTestSanity-21890666:ctest-fvn-65181893'}
2021-02-22 04:58:49,900 - DEBUG - Verifying the admin_domain:ctest-FloatingipBasicTestSanity-21890666:ctest-fvn-65181893 virtual network link  through opserver 192.168.7.29
2021-02-22 04:58:49,900 - DEBUG - Requesting: https://192.168.7.29:8081/analytics/uves/virtual-networks
2021-02-22 04:58:51,052 - DEBUG - Requesting: https://192.168.7.29:8081/analytics/uves/virtual-networks
2021-02-22 04:58:53,354 - DEBUG - Verifying the admin_domain:ctest-FloatingipBasicTestSanity-21890666:ctest-fvn-65181893 virtual network link  through opserver 192.168.7.34
2021-02-22 04:58:53,355 - DEBUG - Requesting: https://192.168.7.34:8081/analytics/uves/virtual-networks
2021-02-22 04:58:54,479 - DEBUG - Requesting: https://192.168.7.34:8081/analytics/uves/virtual-networks
2021-02-22 04:58:56,496 - DEBUG - vn link and name as {'href': 'https://192.168.7.34:8081/analytics/uves/virtual-network/admin_domain:ctest-FloatingipBasicTestSanity-21890666:ctest-fvn-65181893?flat', 'name': 'admin_domain:ctest-FloatingipBasicTestSanity-21890666:ctest-fvn-65181893'}
2021-02-22 04:58:56,496 - INFO - Validated that VN admin_domain:ctest-FloatingipBasicTestSanity-21890666:ctest-fvn-65181893 is found in opserver
2021-02-22 04:58:56,497 - DEBUG - Requesting: https://192.168.7.19:8085/Snh_VrfListReq?name=admin_domain:ctest-FloatingipBasicTestSanity-21890666:ctest-fvn-65181893:ctest-fvn-65181893
2021-02-22 04:58:56,557 - DEBUG - Requesting: https://192.168.7.9:8085/Snh_VrfListReq?name=admin_domain:ctest-FloatingipBasicTestSanity-21890666:ctest-fvn-65181893:ctest-fvn-65181893
2021-02-22 04:58:56,616 - DEBUG - Requesting: https://192.168.7.19:8085/Snh_VrfListReq?name=admin_domain:ctest-FloatingipBasicTestSanity-21890666:ctest-fvn-65181893:ctest-fvn-65181893
2021-02-22 04:58:56,676 - DEBUG - Requesting: https://192.168.7.9:8085/Snh_VrfListReq?name=admin_domain:ctest-FloatingipBasicTestSanity-21890666:ctest-fvn-65181893:ctest-fvn-65181893
2021-02-22 04:58:56,736 - DEBUG - Do not have enough data to verify VN in agent
2021-02-22 04:58:56,736 - DEBUG - Requesting: https://192.168.7.19:8085/Snh_VrfListReq?name=admin_domain:ctest-FloatingipBasicTestSanity-21890666:ctest-fvn-65181893:ctest-fvn-65181893
2021-02-22 04:58:56,797 - DEBUG - Requesting: https://192.168.7.9:8085/Snh_VrfListReq?name=admin_domain:ctest-FloatingipBasicTestSanity-21890666:ctest-fvn-65181893:ctest-fvn-65181893
2021-02-22 04:58:56,856 - DEBUG - VRF ids for VN ctest-fvn-65181893: {}
2021-02-22 04:58:57,216 - DEBUG - Response for create_network : {'network': {'status': 'ACTIVE', 'router:external': False, 'subnets': [], 'fq_name': ['admin_domain', 'ctest-FloatingipBasicTestSanity-21890666', 'ctest-vn1-89352442'], 'name': 'ctest-vn1-89352442', 'admin_state_up': True, 'tenant_id': 'b1a9ff591eca4b4f8a6c6fd91da9d65a', 'created_at': None, 'updated_at': None, 'shared': False, 'port_security_enabled': True, 'project_id': 'b1a9ff591eca4b4f8a6c6fd91da9d65a', 'id': '8cad6689-966c-49c3-864a-50014a7aa7b4', 'description': ''}}
2021-02-22 05:00:27,259 - INFO - Deleting VN ctest-fvn-65181893 
2021-02-22 05:00:27,525 - DEBUG - Response for deleting network ()
2021-02-22 05:00:27,526 - DEBUG - Requesting: https://192.168.7.20:8082/routing-instance/3dc11972-7a25-4213-b80d-0d93c382d2df
2021-02-22 05:00:27,551 - DEBUG - Response Code: 404
2021-02-22 05:00:27,552 - DEBUG - Requesting: https://192.168.7.20:8082/domains
2021-02-22 05:00:27,574 - DEBUG - Requesting: https://192.168.7.20:8082/domain/f27c063f-c6c4-434f-a616-97e72e0043e5
2021-02-22 05:00:27,619 - DEBUG - Requesting: https://192.168.7.20:8082/project/b1a9ff59-1eca-4b4f-8a6c-6fd91da9d65a
2021-02-22 05:00:27,682 - INFO - Validated that VN ctest-fvn-65181893 is not found in API Server
2021-02-22 05:00:27,683 - DEBUG - Requesting: https://192.168.7.19:8085/Snh_VnListReq?name=admin_domain:ctest-FloatingipBasicTestSanity-21890666:ctest-fvn-65181893
2021-02-22 05:00:27,745 - DEBUG - Requesting: https://192.168.7.19:8085/Snh_VrfListReq?name=admin_domain:ctest-FloatingipBasicTestSanity-21890666:ctest-fvn-65181893:ctest-fvn-65181893
2021-02-22 05:00:27,804 - DEBUG - VN ctest-fvn-65181893 is not present in Agent 192.168.7.19 
2021-02-22 05:00:27,805 - DEBUG - Requesting: https://192.168.7.9:8085/Snh_VnListReq?name=admin_domain:ctest-FloatingipBasicTestSanity-21890666:ctest-fvn-65181893
2021-02-22 05:00:27,864 - DEBUG - Requesting: https://192.168.7.9:8085/Snh_VrfListReq?name=admin_domain:ctest-FloatingipBasicTestSanity-21890666:ctest-fvn-65181893:ctest-fvn-65181893
2021-02-22 05:00:27,925 - DEBUG - VN ctest-fvn-65181893 is not present in Agent 192.168.7.9 
2021-02-22 05:00:27,925 - INFO - Validated that VN ctest-fvn-65181893 is not in any agent
2021-02-22 05:00:27,925 - DEBUG - Requesting: https://192.168.7.19:8085/Snh_VrfListReq?name=admin_domain:ctest-FloatingipBasicTestSanity-21890666:ctest-fvn-65181893:ctest-fvn-65181893
2021-02-22 05:00:27,984 - DEBUG - Requesting: https://192.168.7.9:8085/Snh_VrfListReq?name=admin_domain:ctest-FloatingipBasicTestSanity-21890666:ctest-fvn-65181893:ctest-fvn-65181893
2021-02-22 05:00:28,041 - DEBUG - Requesting: https://192.168.7.20:8083/Snh_ShowRoutingInstanceReq?name=admin_domain:ctest-FloatingipBasicTestSanity-21890666:ctest-fvn-65181893:ctest-fvn-65181893
2021-02-22 05:00:28,101 - DEBUG - Requesting: https://192.168.7.29:8083/Snh_ShowRoutingInstanceReq?name=admin_domain:ctest-FloatingipBasicTestSanity-21890666:ctest-fvn-65181893:ctest-fvn-65181893
2021-02-22 05:00:28,165 - DEBUG - Requesting: https://192.168.7.34:8083/Snh_ShowRoutingInstanceReq?name=admin_domain:ctest-FloatingipBasicTestSanity-21890666:ctest-fvn-65181893:ctest-fvn-65181893
2021-02-22 05:00:28,225 - DEBUG - Requesting: https://192.168.7.34:8083/Snh_IFMapTableShowReq?table_name=virtual-network&search_string=virtual-network:admin_domain:ctest-FloatingipBasicTestSanity-21890666:ctest-fvn-65181893
2021-02-22 05:00:28,285 - INFO - Validated that Routing instances and Config db in Control-nodes does not have VN ctest-fvn-65181893 info
2021-02-22 05:00:29,597 - ERROR - ConnectFailure
Python 3.6.8: /usr/bin/python3
Mon Feb 22 05:00:27 2021

A problem occurred in a Python script.  Here is the sequence of
function calls leading up to the error, in the order they occurred.

 /contrail-test/tcutils/wrappers.py in wrapper(self=<scripts.floatingip.test_floatingip_basic.Floati...er,vcenter_compute,vrouter_gw] id=0x7fa56f34ccf8>, *args=(), **kwargs={})
   80             log.info('Initial checks done. Running the testcase now')
   81             log.info('')
   82             result = function(self, *args, **kwargs)
   83             if self.inputs.upgrade:
   84                 pid = os.getpid()
result = None
function = <function FloatingipBasicTestSanity.test_floating_ip>
self = <scripts.floatingip.test_floatingip_basic.Floati...er,vcenter_compute,vrouter_gw] id=0x7fa56f34ccf8>
args = ()
kwargs = {}

 /contrail-test/scripts/floatingip/test_floatingip_basic.py in test_floating_ip(self=<scripts.floatingip.test_floatingip_basic.Floati...er,vcenter_compute,vrouter_gw] id=0x7fa56f34ccf8>)
   75                 inputs=self.inputs,
   76                 vn_name=vn1_name,
   77                 subnets=vn1_subnets,orch = self.orchestrator))
   78 
   79         assert vn1_fixture.verify_on_setup()
subnets undefined
vn1_subnets = ['89.14.57.0/26']
orch undefined
self = <scripts.floatingip.test_floatingip_basic.Floati...er,vcenter_compute,vrouter_gw] id=0x7fa56f34ccf8>
self.orchestrator = <openstack.OpenstackOrchestrator object>

 /usr/local/lib/python3.6/site-packages/testtools/testcase.py in useFixture(self=<scripts.floatingip.test_floatingip_basic.Floati...er,vcenter_compute,vrouter_gw] id=0x7fa56f34ccf8>, fixture=<vn_test.VNFixture object>)
  754                 # Gather_details worked, so raise the exception setUp
  755                 # encountered.
  756                 reraise(*exc_info)
  757         else:
  758             self.addCleanup(fixture.cleanUp)
global reraise = <function reraise>
exc_info = (<class 'keystoneauth1.exceptions.connection.ConnectFailure'>, ConnectFailure("Unable to establish connection t...ote end closed connection without response',))",), <traceback object>)

 /usr/local/lib/python3.6/site-packages/testtools/_compat3x.py in reraise(exc_class=<class 'keystoneauth1.exceptions.connection.ConnectFailure'>, exc_obj=ConnectFailure("Unable to establish connection t...ote end closed connection without response',))",), exc_tb=<traceback object>, _marker=<object object>)
   13 
   14 def reraise(exc_class, exc_obj, exc_tb, _marker=object()):
   15     """Re-raise an exception received from sys.exc_info() or similar."""
   16     raise exc_obj.with_traceback(exc_tb)
   17 
exc_obj = ConnectFailure("Unable to establish connection t...ote end closed connection without response',))",)
exc_obj.with_traceback = <built-in method with_traceback of ConnectFailure object>
exc_tb = <traceback object>

 /usr/local/lib/python3.6/site-packages/testtools/testcase.py in useFixture(self=<scripts.floatingip.test_floatingip_basic.Floati...er,vcenter_compute,vrouter_gw] id=0x7fa56f34ccf8>, fixture=<vn_test.VNFixture object>)
  729         """
  730         try:
  731             fixture.setUp()
  732         except MultipleExceptions as e:
  733             if (fixtures is not None and
fixture = <vn_test.VNFixture object>
fixture.setUp = <bound method VNFixture.setUp of <vn_test.VNFixture object>>

 /contrail-test/fixtures/vn_test.py in setUp(self=<vn_test.VNFixture object>)
  442     def setUp(self):
  443         super(VNFixture, self).setUp()
  444         self.create()
  445 
  446     def create(self):
self = <vn_test.VNFixture object>
self.create = <bound method VNFixture.create of <vn_test.VNFixture object>>

 /contrail-test/fixtures/vn_test.py in create(self=<vn_test.VNFixture object>)
  455             self._create_vn_api(self.vn_name, self.project_obj)
  456         else:
  457             self._create_vn_orch()
  458         if not self.obj:
  459              self.logger.debug('VN %s not present' % (self.vn_name))
self = <vn_test.VNFixture object>
self._create_vn_orch = <bound method VNFixture._create_vn_orch of <vn_test.VNFixture object>>

 /contrail-test/fixtures/vn_test.py in _create_vn_orch(self=<vn_test.VNFixture object>)
  313                                                 sriov_provider_network=self.sriov_provider_network,
  314                                                 disable_gateway=self.disable_gateway,
  315                                                 dns_nameservers_list=self.dns_nameservers_list)
  316                 if self.obj:
  317                     self.logger.info('Created VN %s' %(self.vn_name))
dns_nameservers_list undefined
self = <vn_test.VNFixture object>
self.dns_nameservers_list = None

 /contrail-test/fixtures/openstack.py in create_vn(self=<openstack.OpenstackOrchestrator object>, name='ctest-vn1-89352442', subnets=[{'cidr': '89.14.57.0/26', 'enable_dhcp': True, 'ip_version': '4', 'ipam_fq_name': ['default-domain', 'default-project', 'default-network-ipam'], 'network_id': '8cad6689-966c-49c3-864a-50014a7aa7b4'}], option='orch', **kwargs={'disable_gateway': False, 'dns_nameservers_list': None, 'enable_dhcp': True, 'ipam_fq_name': ['default-domain', 'default-project', 'default-network-ipam'], 'router_external': False, 'shared': False, 'sriov_enable': False, 'sriov_provider_network': None, 'sriov_vlan': None})
  184 
  185    def create_vn(self, name, subnets, option='orch', **kwargs):
  186        return self.quantum_h.create_network(name, subnets, **kwargs)
  187 
  188    def delete_vn(self, vn_obj, option='orch', **kwargs):
self = <openstack.OpenstackOrchestrator object>
self.quantum_h = <quantum_test.QuantumHelper object>
self.quantum_h.create_network = <bound method QuantumHelper.create_network of <quantum_test.QuantumHelper object>>
name = 'ctest-vn1-89352442'
subnets = [{'cidr': '89.14.57.0/26', 'enable_dhcp': True, 'ip_version': '4', 'ipam_fq_name': ['default-domain', 'default-project', 'default-network-ipam'], 'network_id': '8cad6689-966c-49c3-864a-50014a7aa7b4'}]
kwargs = {'disable_gateway': False, 'dns_nameservers_list': None, 'enable_dhcp': True, 'ipam_fq_name': ['default-domain', 'default-project', 'default-network-ipam'], 'router_external': False, 'shared': False, 'sriov_enable': False, 'sriov_provider_network': None, 'sriov_vlan': None}

 /contrail-test/fixtures/quantum_test.py in create_network(self=<quantum_test.QuantumHelper object>, vn_name='ctest-vn1-89352442', vn_subnets=[{'cidr': '89.14.57.0/26', 'enable_dhcp': True, 'ip_version': '4', 'ipam_fq_name': ['default-domain', 'default-project', 'default-network-ipam'], 'network_id': '8cad6689-966c-49c3-864a-50014a7aa7b4'}], ipam_fq_name=['default-domain', 'default-project', 'default-network-ipam'], shared=False, router_external=False, enable_dhcp=True, sriov_enable=False, sriov_vlan=None, sriov_provider_network=None, dns_nameservers_list=None, disable_gateway=False)
  107                 for subnet in vn_subnets:
  108                     net_rsp = self.create_subnet(
  109                         subnet, net_id, ipam_fq_name, enable_dhcp, disable_gateway,dns_nameservers_list)
  110             # end for
  111             return self.obj.show_network(network=net_id)
subnet = {'cidr': '89.14.57.0/26', 'enable_dhcp': True, 'ip_version': '4', 'ipam_fq_name': ['default-domain', 'default-project', 'default-network-ipam'], 'network_id': '8cad6689-966c-49c3-864a-50014a7aa7b4'}
net_id = '8cad6689-966c-49c3-864a-50014a7aa7b4'
ipam_fq_name = ['default-domain', 'default-project', 'default-network-ipam']
enable_dhcp = True
disable_gateway = False
dns_nameservers_list = None

 /contrail-test/fixtures/quantum_test.py in create_subnet(self=<quantum_test.QuantumHelper object>, subnet={'cidr': '89.14.57.0/26', 'enable_dhcp': True, 'ip_version': '4', 'ipam_fq_name': ['default-domain', 'default-project', 'default-network-ipam'], 'network_id': '8cad6689-966c-49c3-864a-50014a7aa7b4'}, net_id='8cad6689-966c-49c3-864a-50014a7aa7b4', ipam_fq_name=['default-domain', 'default-project', 'default-network-ipam'], enable_dhcp=True, disable_gateway=False, dns_nameservers_list=None)
  127            subnet_req['gateway_ip'] = None
  128         try:
  129             subnet_rsp = self.obj.create_subnet({'subnet': subnet_req})
  130             self.logger.debug(
  131                 'Response for create_subnet : ' +
subnet_rsp undefined
self = <quantum_test.QuantumHelper object>
self.obj = <neutronclient.v2_0.client.Client object>
self.obj.create_subnet = <bound method Client.create_subnet of <neutronclient.v2_0.client.Client object>>
subnet_req = {'cidr': '89.14.57.0/26', 'enable_dhcp': True, 'ip_version': '4', 'ipam_fq_name': ['default-domain', 'default-project', 'default-network-ipam'], 'network_id': '8cad6689-966c-49c3-864a-50014a7aa7b4'}

 /usr/local/lib/python3.6/site-packages/neutronclient/v2_0/client.py in create_subnet(self=<neutronclient.v2_0.client.Client object>, body={'subnet': {'cidr': '89.14.57.0/26', 'enable_dhcp': True, 'ip_version': '4', 'ipam_fq_name': ['default-domain', 'default-project', 'default-network-ipam'], 'network_id': '8cad6689-966c-49c3-864a-50014a7aa7b4'}})
  846     def create_subnet(self, body=None):
  847         """Creates a new subnet."""
  848         return self.post(self.subnets_path, body=body)
  849 
  850     def update_subnet(self, subnet, body=None, revision_number=None):
self = <neutronclient.v2_0.client.Client object>
self.post = <bound method ClientBase.post of <neutronclient.v2_0.client.Client object>>
self.subnets_path = '/subnets'
body = {'subnet': {'cidr': '89.14.57.0/26', 'enable_dhcp': True, 'ip_version': '4', 'ipam_fq_name': ['default-domain', 'default-project', 'default-network-ipam'], 'network_id': '8cad6689-966c-49c3-864a-50014a7aa7b4'}}

 /usr/local/lib/python3.6/site-packages/neutronclient/v2_0/client.py in post(self=<neutronclient.v2_0.client.Client object>, action='/subnets', body={'subnet': {'cidr': '89.14.57.0/26', 'enable_dhcp': True, 'ip_version': '4', 'ipam_fq_name': ['default-domain', 'default-project', 'default-network-ipam'], 'network_id': '8cad6689-966c-49c3-864a-50014a7aa7b4'}}, headers=None, params=None)
  357         # Do not retry POST requests to avoid the orphan objects problem.
  358         return self.do_request("POST", action, body=body,
  359                                headers=headers, params=params)
  360 
  361     def put(self, action, body=None, headers=None, params=None):
headers = None
params = None

 /usr/local/lib/python3.6/site-packages/neutronclient/v2_0/client.py in do_request(self=<neutronclient.v2_0.client.Client object>, method='POST', action='/v2.0/subnets', body='{"subnet": {"cidr": "89.14.57.0/26", "network_id...in", "default-project", "default-network-ipam"]}}', headers=None, params=None)
  280 
  281         resp, replybody = self.httpclient.do_request(action, method, body=body,
  282                                                      headers=headers)
  283 
  284         status_code = resp.status_code
headers = None

 /usr/local/lib/python3.6/site-packages/neutronclient/client.py in do_request(self=<neutronclient.client.SessionClient object>, url='/v2.0/subnets', method='POST', **kwargs={'authenticated': True, 'body': '{"subnet": {"cidr": "89.14.57.0/26", "network_id...in", "default-project", "default-network-ipam"]}}', 'headers': None})
  338         kwargs.setdefault('authenticated', True)
  339         self._check_uri_length(url)
  340         return self.request(url, method, **kwargs)
  341 
  342     @property
self = <neutronclient.client.SessionClient object>
self.request = <bound method SessionClient.request of <neutronclient.client.SessionClient object>>
url = '/v2.0/subnets'
method = 'POST'
kwargs = {'authenticated': True, 'body': '{"subnet": {"cidr": "89.14.57.0/26", "network_id...in", "default-project", "default-network-ipam"]}}', 'headers': None}

 /usr/local/lib/python3.6/site-packages/neutronclient/client.py in request(self=<neutronclient.client.SessionClient object>, *args=('/v2.0/subnets', 'POST'), **kwargs={'authenticated': True, 'data': '{"subnet": {"cidr": "89.14.57.0/26", "network_id...in", "default-project", "default-network-ipam"]}}', 'headers': {'Accept': 'application/json', 'Content-Type': 'application/json', 'User-Agent': 'python-neutronclient', 'X-Auth-Token': '3d3db3cfba8644308259cee9a7fcf3ca'}, 'raise_exc': False})
  326 
  327         kwargs['headers'] = headers
  328         resp = super(SessionClient, self).request(*args, **kwargs)
  329         return resp, resp.text
  330 
resp undefined
builtinsuper = <class 'super'>
global SessionClient = <class 'neutronclient.client.SessionClient'>
self = <neutronclient.client.SessionClient object>
).request = <bound method SessionClient.request of <neutronclient.client.SessionClient object>>
args = ('/v2.0/subnets', 'POST')
kwargs = {'authenticated': True, 'data': '{"subnet": {"cidr": "89.14.57.0/26", "network_id...in", "default-project", "default-network-ipam"]}}', 'headers': {'Accept': 'application/json', 'Content-Type': 'application/json', 'User-Agent': 'python-neutronclient', 'X-Auth-Token': '3d3db3cfba8644308259cee9a7fcf3ca'}, 'raise_exc': False}

 /usr/local/lib/python3.6/site-packages/keystoneauth1/adapter.py in request(self=<neutronclient.client.SessionClient object>, url='/v2.0/subnets', method='POST', **kwargs={'authenticated': True, 'data': '{"subnet": {"cidr": "89.14.57.0/26", "network_id...in", "default-project", "default-network-ipam"]}}', 'endpoint_filter': {'interface': 'public', 'region_name': 'RegionOne', 'service_type': 'network'}, 'headers': {'Accept': 'application/json', 'Content-Type': 'application/json', 'User-Agent': 'python-neutronclient', 'X-Auth-Token': '3d3db3cfba8644308259cee9a7fcf3ca'}, 'raise_exc': False, 'rate_semaphore': <keystoneauth1._fair_semaphore.FairSemaphore object>, 'user_agent': 'python-neutronclient'})
  246             kwargs.setdefault('raise_exc', self.raise_exc)
  247 
  248         return self.session.request(url, method, **kwargs)
  249 
  250     def get_token(self, auth=None):
self = <neutronclient.client.SessionClient object>
self.session = <keystoneauth1.session.Session object>
self.session.request = <bound method Session.request of <keystoneauth1.session.Session object>>
url = '/v2.0/subnets'
method = 'POST'
kwargs = {'authenticated': True, 'data': '{"subnet": {"cidr": "89.14.57.0/26", "network_id...in", "default-project", "default-network-ipam"]}}', 'endpoint_filter': {'interface': 'public', 'region_name': 'RegionOne', 'service_type': 'network'}, 'headers': {'Accept': 'application/json', 'Content-Type': 'application/json', 'User-Agent': 'python-neutronclient', 'X-Auth-Token': '3d3db3cfba8644308259cee9a7fcf3ca'}, 'raise_exc': False, 'rate_semaphore': <keystoneauth1._fair_semaphore.FairSemaphore object>, 'user_agent': 'python-neutronclient'}

 /usr/local/lib/python3.6/site-packages/keystoneauth1/session.py in request(self=<keystoneauth1.session.Session object>, url='http://192.168.7.31:9696/v2.0/subnets', method='POST', json=None, original_ip=None, user_agent='python-neutronclient', redirect=30, authenticated=True, endpoint_filter={'interface': 'public', 'region_name': 'RegionOne', 'service_type': 'network'}, auth=None, requests_auth=None, raise_exc=False, allow_reauth=True, log=True, endpoint_override=None, connect_retries=0, logger=<Logger keystoneauth.session (WARNING)>, allow=None, client_name=None, client_version=None, microversion=None, microversion_service_type=None, status_code_retries=0, retriable_status_codes=[503], rate_semaphore=<keystoneauth1._fair_semaphore.FairSemaphore object>, global_request_id=None, connect_retry_delay=None, status_code_retry_delay=None, **kwargs={'allow_redirects': False, 'cert': (None, None), 'data': '{"subnet": {"cidr": "89.14.57.0/26", "network_id...in", "default-project", "default-network-ipam"]}}', 'headers': {'Accept': 'application/json', 'Content-Type': 'application/json', 'User-Agent': 'python-neutronclient', 'X-Auth-Token': '3d3db3cfba8644308259cee9a7fcf3ca'}, 'verify': False})
  911                 kwargs.update(connection_params)
  912 
  913         resp = send(**kwargs)
  914 
  915         # log callee and caller request-id for each api call
resp undefined
send = functools.partial(<bound method Session._send_re...auth1.session._Retries object at 0x7fa56ab56630>)
kwargs = {'allow_redirects': False, 'cert': (None, None), 'data': '{"subnet": {"cidr": "89.14.57.0/26", "network_id...in", "default-project", "default-network-ipam"]}}', 'headers': {'Accept': 'application/json', 'Content-Type': 'application/json', 'User-Agent': 'python-neutronclient', 'X-Auth-Token': '3d3db3cfba8644308259cee9a7fcf3ca'}, 'verify': False}

 /usr/local/lib/python3.6/site-packages/keystoneauth1/session.py in _send_request(self=<keystoneauth1.session.Session object>, url='http://192.168.7.31:9696/v2.0/subnets', method='POST', redirect=30, log=True, logger=<Logger keystoneauth.session (WARNING)>, split_loggers=None, connect_retries=0, status_code_retries=0, retriable_status_codes=[503], rate_semaphore=<keystoneauth1._fair_semaphore.FairSemaphore object>, connect_retry_delays=<keystoneauth1.session._Retries object>, status_code_retry_delays=<keystoneauth1.session._Retries object>, **kwargs={'allow_redirects': False, 'cert': (None, None), 'data': '{"subnet": {"cidr": "89.14.57.0/26", "network_id...in", "default-project", "default-network-ipam"]}}', 'headers': {'Accept': 'application/json', 'Content-Type': 'application/json', 'User-Agent': 'python-neutronclient', 'X-Auth-Token': '3d3db3cfba8644308259cee9a7fcf3ca'}, 'verify': False})
 1018                 # and firewall blocking.
 1019                 msg = 'Unable to establish connection to %s: %s' % (url, e)
 1020                 raise exceptions.ConnectFailure(msg)
 1021             except requests.exceptions.RequestException as e:
 1022                 msg = 'Unexpected exception for %(url)s: %(error)s' % {
global exceptions = <module 'keystoneauth1.exceptions' from '/usr/lo...e-packages/keystoneauth1/exceptions/__init__.py'>
exceptions.ConnectFailure = <class 'keystoneauth1.exceptions.connection.ConnectFailure'>
msg = "Unable to establish connection to http://192.168...Remote end closed connection without response',))"
ConnectFailure: Unable to establish connection to http://192.168.7.31:9696/v2.0/subnets: ('Connection aborted.', RemoteDisconnected('Remote end closed connection without response',))
    __cause__ = None
    __class__ = <class 'keystoneauth1.exceptions.connection.ConnectFailure'>
    __context__ = ConnectionError(ProtocolError('Connection aborte...mote end closed connection without response',)),)
    __delattr__ = <method-wrapper '__delattr__' of ConnectFailure object>
    __dict__ = {'message': "Unable to establish connection to http://192.168...Remote end closed connection without response',))"}
    __dir__ = <built-in method __dir__ of ConnectFailure object>
    __doc__ = None
    __eq__ = <method-wrapper '__eq__' of ConnectFailure object>
    __format__ = <built-in method __format__ of ConnectFailure object>
    __ge__ = <method-wrapper '__ge__' of ConnectFailure object>
    __getattribute__ = <method-wrapper '__getattribute__' of ConnectFailure object>
    __gt__ = <method-wrapper '__gt__' of ConnectFailure object>
    __hash__ = <method-wrapper '__hash__' of ConnectFailure object>
    __init__ = <bound method ClientException.__init__ of Connec...te end closed connection without response',))",)>
    __init_subclass__ = <built-in method __init_subclass__ of type object>
    __le__ = <method-wrapper '__le__' of ConnectFailure object>
    __lt__ = <method-wrapper '__lt__' of ConnectFailure object>
    __module__ = 'keystoneauth1.exceptions.connection'
    __ne__ = <method-wrapper '__ne__' of ConnectFailure object>
    __new__ = <built-in method __new__ of type object>
    __reduce__ = <built-in method __reduce__ of ConnectFailure object>
    __reduce_ex__ = <built-in method __reduce_ex__ of ConnectFailure object>
    __repr__ = <method-wrapper '__repr__' of ConnectFailure object>
    __setattr__ = <method-wrapper '__setattr__' of ConnectFailure object>
    __setstate__ = <built-in method __setstate__ of ConnectFailure object>
    __sizeof__ = <built-in method __sizeof__ of ConnectFailure object>
    __str__ = <method-wrapper '__str__' of ConnectFailure object>
    __subclasshook__ = <built-in method __subclasshook__ of type object>
    __suppress_context__ = False
    __traceback__ = <traceback object>
    __weakref__ = None
    args = ("Unable to establish connection to http://192.168...Remote end closed connection without response',))",)
    message = "Unable to establish connection to http://192.168...Remote end closed connection without response',))"
    with_traceback = <built-in method with_traceback of ConnectFailure object>

The above is a description of an error in a Python program.  Here is
the original traceback:

Traceback (most recent call last):
  File "/usr/local/lib/python3.6/site-packages/urllib3/connectionpool.py", line 672, in urlopen
    chunked=chunked,
  File "/usr/local/lib/python3.6/site-packages/urllib3/connectionpool.py", line 421, in _make_request
    six.raise_from(e, None)
  File "<string>", line 3, in raise_from
  File "/usr/local/lib/python3.6/site-packages/urllib3/connectionpool.py", line 416, in _make_request
    httplib_response = conn.getresponse()
  File "/usr/lib64/python3.6/http/client.py", line 1346, in getresponse
    response.begin()
  File "/usr/lib64/python3.6/http/client.py", line 307, in begin
    version, status, reason = self._read_status()
  File "/usr/lib64/python3.6/http/client.py", line 276, in _read_status
    raise RemoteDisconnected("Remote end closed connection without"
http.client.RemoteDisconnected: Remote end closed connection without response

During handling of the above exception, another exception occurred:

Traceback (most recent call last):
  File "/usr/local/lib/python3.6/site-packages/requests/adapters.py", line 449, in send
    timeout=timeout
  File "/usr/local/lib/python3.6/site-packages/urllib3/connectionpool.py", line 720, in urlopen
    method, url, error=e, _pool=self, _stacktrace=sys.exc_info()[2]
  File "/usr/local/lib/python3.6/site-packages/urllib3/util/retry.py", line 400, in increment
    raise six.reraise(type(error), error, _stacktrace)
  File "/usr/local/lib/python3.6/site-packages/urllib3/packages/six.py", line 734, in reraise
    raise value.with_traceback(tb)
  File "/usr/local/lib/python3.6/site-packages/urllib3/connectionpool.py", line 672, in urlopen
    chunked=chunked,
  File "/usr/local/lib/python3.6/site-packages/urllib3/connectionpool.py", line 421, in _make_request
    six.raise_from(e, None)
  File "<string>", line 3, in raise_from
  File "/usr/local/lib/python3.6/site-packages/urllib3/connectionpool.py", line 416, in _make_request
    httplib_response = conn.getresponse()
  File "/usr/lib64/python3.6/http/client.py", line 1346, in getresponse
    response.begin()
  File "/usr/lib64/python3.6/http/client.py", line 307, in begin
    version, status, reason = self._read_status()
  File "/usr/lib64/python3.6/http/client.py", line 276, in _read_status
    raise RemoteDisconnected("Remote end closed connection without"
urllib3.exceptions.ProtocolError: ('Connection aborted.', RemoteDisconnected('Remote end closed connection without response',))

During handling of the above exception, another exception occurred:

Traceback (most recent call last):
  File "/usr/local/lib/python3.6/site-packages/keystoneauth1/session.py", line 1004, in _send_request
    resp = self.session.request(method, url, **kwargs)
  File "/usr/local/lib/python3.6/site-packages/requests/sessions.py", line 533, in request
    resp = self.send(prep, **send_kwargs)
  File "/usr/local/lib/python3.6/site-packages/requests/sessions.py", line 646, in send
    r = adapter.send(request, **kwargs)
  File "/usr/local/lib/python3.6/site-packages/requests/adapters.py", line 498, in send
    raise ConnectionError(err, request=request)
requests.exceptions.ConnectionError: ('Connection aborted.', RemoteDisconnected('Remote end closed connection without response',))

During handling of the above exception, another exception occurred:

Traceback (most recent call last):
  File "/contrail-test/tcutils/wrappers.py", line 82, in wrapper
    result = function(self, *args, **kwargs)
  File "/contrail-test/scripts/floatingip/test_floatingip_basic.py", line 77, in test_floating_ip
    subnets=vn1_subnets,orch = self.orchestrator))
  File "/usr/local/lib/python3.6/site-packages/testtools/testcase.py", line 756, in useFixture
    reraise(*exc_info)
  File "/usr/local/lib/python3.6/site-packages/testtools/_compat3x.py", line 16, in reraise
    raise exc_obj.with_traceback(exc_tb)
  File "/usr/local/lib/python3.6/site-packages/testtools/testcase.py", line 731, in useFixture
    fixture.setUp()
  File "/contrail-test/fixtures/vn_test.py", line 444, in setUp
    self.create()
  File "/contrail-test/fixtures/vn_test.py", line 457, in create
    self._create_vn_orch()
  File "/contrail-test/fixtures/vn_test.py", line 315, in _create_vn_orch
    dns_nameservers_list=self.dns_nameservers_list)
  File "/contrail-test/fixtures/openstack.py", line 186, in create_vn
    return self.quantum_h.create_network(name, subnets, **kwargs)
  File "/contrail-test/fixtures/quantum_test.py", line 109, in create_network
    subnet, net_id, ipam_fq_name, enable_dhcp, disable_gateway,dns_nameservers_list)
  File "/contrail-test/fixtures/quantum_test.py", line 129, in create_subnet
    subnet_rsp = self.obj.create_subnet({'subnet': subnet_req})
  File "/usr/local/lib/python3.6/site-packages/neutronclient/v2_0/client.py", line 848, in create_subnet
    return self.post(self.subnets_path, body=body)
  File "/usr/local/lib/python3.6/site-packages/neutronclient/v2_0/client.py", line 359, in post
    headers=headers, params=params)
  File "/usr/local/lib/python3.6/site-packages/neutronclient/v2_0/client.py", line 282, in do_request
    headers=headers)
  File "/usr/local/lib/python3.6/site-packages/neutronclient/client.py", line 340, in do_request
    return self.request(url, method, **kwargs)
  File "/usr/local/lib/python3.6/site-packages/neutronclient/client.py", line 328, in request
    resp = super(SessionClient, self).request(*args, **kwargs)
  File "/usr/local/lib/python3.6/site-packages/keystoneauth1/adapter.py", line 248, in request
    return self.session.request(url, method, **kwargs)
  File "/usr/local/lib/python3.6/site-packages/keystoneauth1/session.py", line 913, in request
    resp = send(**kwargs)
  File "/usr/local/lib/python3.6/site-packages/keystoneauth1/session.py", line 1020, in _send_request
    raise exceptions.ConnectFailure(msg)
keystoneauth1.exceptions.connection.ConnectFailure: Unable to establish connection to http://192.168.7.31:9696/v2.0/subnets: ('Connection aborted.', RemoteDisconnected('Remote end closed connection without response',))



2021-02-22 05:00:29,598 - DEBUG - Requesting: https://192.168.7.19:8085/Snh_AgentXmppConnectionStatusReq?
2021-02-22 05:00:29,619 - DEBUG - Requesting: https://192.168.7.9:8085/Snh_AgentXmppConnectionStatusReq?
2021-02-22 05:00:29,636 - DEBUG - No XMPP flaps were noticed during the test
2021-02-22 05:00:29,637 - INFO - 
2021-02-22 05:00:29,637 - INFO - END TEST : test_floating_ip : FAILED[0:01:48]
2021-02-22 05:00:29,637 - INFO - --------------------------------------------------------------------------------
2021-02-22 05:00:29,777 - WARNING - Project ctest-FloatingipBasicTestSanity-21890666 still has VNs [{'to': ['admin_domain', 'ctest-FloatingipBasicTestSanity-21890666', 'ctest-vn1-89352442'], 'href': 'https://192.168.7.34:8082/virtual-network/8cad6689-966c-49c3-864a-50014a7aa7b4', 'uuid': '8cad6689-966c-49c3-864a-50014a7aa7b4'}] before deletion
2021-02-22 05:00:31,892 - WARNING - Project ctest-FloatingipBasicTestSanity-21890666 still has VNs [{'to': ['admin_domain', 'ctest-FloatingipBasicTestSanity-21890666', 'ctest-vn1-89352442'], 'href': 'https://192.168.7.34:8082/virtual-network/8cad6689-966c-49c3-864a-50014a7aa7b4', 'uuid': '8cad6689-966c-49c3-864a-50014a7aa7b4'}] before deletion
2021-02-22 05:00:34,044 - WARNING - Project ctest-FloatingipBasicTestSanity-21890666 still has VNs [{'to': ['admin_domain', 'ctest-FloatingipBasicTestSanity-21890666', 'ctest-vn1-89352442'], 'href': 'https://192.168.7.34:8082/virtual-network/8cad6689-966c-49c3-864a-50014a7aa7b4', 'uuid': '8cad6689-966c-49c3-864a-50014a7aa7b4'}] before deletion
2021-02-22 05:00:36,166 - WARNING - Project ctest-FloatingipBasicTestSanity-21890666 still has VNs [{'to': ['admin_domain', 'ctest-FloatingipBasicTestSanity-21890666', 'ctest-vn1-89352442'], 'href': 'https://192.168.7.34:8082/virtual-network/8cad6689-966c-49c3-864a-50014a7aa7b4', 'uuid': '8cad6689-966c-49c3-864a-50014a7aa7b4'}] before deletion
2021-02-22 05:00:38,287 - WARNING - Project ctest-FloatingipBasicTestSanity-21890666 still has VNs [{'to': ['admin_domain', 'ctest-FloatingipBasicTestSanity-21890666', 'ctest-vn1-89352442'], 'href': 'https://192.168.7.34:8082/virtual-network/8cad6689-966c-49c3-864a-50014a7aa7b4', 'uuid': '8cad6689-966c-49c3-864a-50014a7aa7b4'}] before deletion
2021-02-22 05:00:40,411 - WARNING - Project ctest-FloatingipBasicTestSanity-21890666 still has VNs [{'to': ['admin_domain', 'ctest-FloatingipBasicTestSanity-21890666', 'ctest-vn1-89352442'], 'href': 'https://192.168.7.34:8082/virtual-network/8cad6689-966c-49c3-864a-50014a7aa7b4', 'uuid': '8cad6689-966c-49c3-864a-50014a7aa7b4'}] before deletion
2021-02-22 05:00:42,548 - WARNING - Project ctest-FloatingipBasicTestSanity-21890666 still has VNs [{'to': ['admin_domain', 'ctest-FloatingipBasicTestSanity-21890666', 'ctest-vn1-89352442'], 'href': 'https://192.168.7.34:8082/virtual-network/8cad6689-966c-49c3-864a-50014a7aa7b4', 'uuid': '8cad6689-966c-49c3-864a-50014a7aa7b4'}] before deletion
2021-02-22 05:00:44,663 - WARNING - Project ctest-FloatingipBasicTestSanity-21890666 still has VNs [{'to': ['admin_domain', 'ctest-FloatingipBasicTestSanity-21890666', 'ctest-vn1-89352442'], 'href': 'https://192.168.7.34:8082/virtual-network/8cad6689-966c-49c3-864a-50014a7aa7b4', 'uuid': '8cad6689-966c-49c3-864a-50014a7aa7b4'}] before deletion
2021-02-22 05:00:46,796 - WARNING - Project ctest-FloatingipBasicTestSanity-21890666 still has VNs [{'to': ['admin_domain', 'ctest-FloatingipBasicTestSanity-21890666', 'ctest-vn1-89352442'], 'href': 'https://192.168.7.34:8082/virtual-network/8cad6689-966c-49c3-864a-50014a7aa7b4', 'uuid': '8cad6689-966c-49c3-864a-50014a7aa7b4'}] before deletion
2021-02-22 05:00:48,923 - WARNING - Project ctest-FloatingipBasicTestSanity-21890666 still has VNs [{'to': ['admin_domain', 'ctest-FloatingipBasicTestSanity-21890666', 'ctest-vn1-89352442'], 'href': 'https://192.168.7.34:8082/virtual-network/8cad6689-966c-49c3-864a-50014a7aa7b4', 'uuid': '8cad6689-966c-49c3-864a-50014a7aa7b4'}] before deletion
2021-02-22 05:00:51,050 - WARNING - Project ctest-FloatingipBasicTestSanity-21890666 still has VNs [{'to': ['admin_domain', 'ctest-FloatingipBasicTestSanity-21890666', 'ctest-vn1-89352442'], 'href': 'https://192.168.7.34:8082/virtual-network/8cad6689-966c-49c3-864a-50014a7aa7b4', 'uuid': '8cad6689-966c-49c3-864a-50014a7aa7b4'}] before deletion
2021-02-22 05:00:53,174 - WARNING - Project ctest-FloatingipBasicTestSanity-21890666 still has VNs [{'to': ['admin_domain', 'ctest-FloatingipBasicTestSanity-21890666', 'ctest-vn1-89352442'], 'href': 'https://192.168.7.34:8082/virtual-network/8cad6689-966c-49c3-864a-50014a7aa7b4', 'uuid': '8cad6689-966c-49c3-864a-50014a7aa7b4'}] before deletion
2021-02-22 05:00:55,299 - WARNING - Project ctest-FloatingipBasicTestSanity-21890666 still has VNs [{'to': ['admin_domain', 'ctest-FloatingipBasicTestSanity-21890666', 'ctest-vn1-89352442'], 'href': 'https://192.168.7.34:8082/virtual-network/8cad6689-966c-49c3-864a-50014a7aa7b4', 'uuid': '8cad6689-966c-49c3-864a-50014a7aa7b4'}] before deletion
2021-02-22 05:00:57,421 - WARNING - Project ctest-FloatingipBasicTestSanity-21890666 still has VNs [{'to': ['admin_domain', 'ctest-FloatingipBasicTestSanity-21890666', 'ctest-vn1-89352442'], 'href': 'https://192.168.7.34:8082/virtual-network/8cad6689-966c-49c3-864a-50014a7aa7b4', 'uuid': '8cad6689-966c-49c3-864a-50014a7aa7b4'}] before deletion
2021-02-22 05:00:59,548 - WARNING - Project ctest-FloatingipBasicTestSanity-21890666 still has VNs [{'to': ['admin_domain', 'ctest-FloatingipBasicTestSanity-21890666', 'ctest-vn1-89352442'], 'href': 'https://192.168.7.34:8082/virtual-network/8cad6689-966c-49c3-864a-50014a7aa7b4', 'uuid': '8cad6689-966c-49c3-864a-50014a7aa7b4'}] before deletion
2021-02-22 05:01:01,708 - WARNING - Project ctest-FloatingipBasicTestSanity-21890666 still has VNs [{'to': ['admin_domain', 'ctest-FloatingipBasicTestSanity-21890666', 'ctest-vn1-89352442'], 'href': 'https://192.168.7.34:8082/virtual-network/8cad6689-966c-49c3-864a-50014a7aa7b4', 'uuid': '8cad6689-966c-49c3-864a-50014a7aa7b4'}] before deletion
2021-02-22 05:01:03,830 - WARNING - Project ctest-FloatingipBasicTestSanity-21890666 still has VNs [{'to': ['admin_domain', 'ctest-FloatingipBasicTestSanity-21890666', 'ctest-vn1-89352442'], 'href': 'https://192.168.7.34:8082/virtual-network/8cad6689-966c-49c3-864a-50014a7aa7b4', 'uuid': '8cad6689-966c-49c3-864a-50014a7aa7b4'}] before deletion
2021-02-22 05:01:05,952 - WARNING - Project ctest-FloatingipBasicTestSanity-21890666 still has VNs [{'to': ['admin_domain', 'ctest-FloatingipBasicTestSanity-21890666', 'ctest-vn1-89352442'], 'href': 'https://192.168.7.34:8082/virtual-network/8cad6689-966c-49c3-864a-50014a7aa7b4', 'uuid': '8cad6689-966c-49c3-864a-50014a7aa7b4'}] before deletion
2021-02-22 05:01:08,057 - WARNING - Project ctest-FloatingipBasicTestSanity-21890666 still has VNs [{'to': ['admin_domain', 'ctest-FloatingipBasicTestSanity-21890666', 'ctest-vn1-89352442'], 'href': 'https://192.168.7.34:8082/virtual-network/8cad6689-966c-49c3-864a-50014a7aa7b4', 'uuid': '8cad6689-966c-49c3-864a-50014a7aa7b4'}] before deletion
2021-02-22 05:01:10,169 - WARNING - Project ctest-FloatingipBasicTestSanity-21890666 still has VNs [{'to': ['admin_domain', 'ctest-FloatingipBasicTestSanity-21890666', 'ctest-vn1-89352442'], 'href': 'https://192.168.7.34:8082/virtual-network/8cad6689-966c-49c3-864a-50014a7aa7b4', 'uuid': '8cad6689-966c-49c3-864a-50014a7aa7b4'}] before deletion
2021-02-22 05:01:12,301 - WARNING - Project ctest-FloatingipBasicTestSanity-21890666 still has VNs [{'to': ['admin_domain', 'ctest-FloatingipBasicTestSanity-21890666', 'ctest-vn1-89352442'], 'href': 'https://192.168.7.34:8082/virtual-network/8cad6689-966c-49c3-864a-50014a7aa7b4', 'uuid': '8cad6689-966c-49c3-864a-50014a7aa7b4'}] before deletion
2021-02-22 05:01:14,405 - WARNING - Project ctest-FloatingipBasicTestSanity-21890666 still has VNs [{'to': ['admin_domain', 'ctest-FloatingipBasicTestSanity-21890666', 'ctest-vn1-89352442'], 'href': 'https://192.168.7.34:8082/virtual-network/8cad6689-966c-49c3-864a-50014a7aa7b4', 'uuid': '8cad6689-966c-49c3-864a-50014a7aa7b4'}] before deletion
2021-02-22 05:01:16,521 - WARNING - Project ctest-FloatingipBasicTestSanity-21890666 still has VNs [{'to': ['admin_domain', 'ctest-FloatingipBasicTestSanity-21890666', 'ctest-vn1-89352442'], 'href': 'https://192.168.7.34:8082/virtual-network/8cad6689-966c-49c3-864a-50014a7aa7b4', 'uuid': '8cad6689-966c-49c3-864a-50014a7aa7b4'}] before deletion
2021-02-22 05:01:18,622 - WARNING - Project ctest-FloatingipBasicTestSanity-21890666 still has VNs [{'to': ['admin_domain', 'ctest-FloatingipBasicTestSanity-21890666', 'ctest-vn1-89352442'], 'href': 'https://192.168.7.34:8082/virtual-network/8cad6689-966c-49c3-864a-50014a7aa7b4', 'uuid': '8cad6689-966c-49c3-864a-50014a7aa7b4'}] before deletion
2021-02-22 05:01:20,734 - WARNING - Project ctest-FloatingipBasicTestSanity-21890666 still has VNs [{'to': ['admin_domain', 'ctest-FloatingipBasicTestSanity-21890666', 'ctest-vn1-89352442'], 'href': 'https://192.168.7.34:8082/virtual-network/8cad6689-966c-49c3-864a-50014a7aa7b4', 'uuid': '8cad6689-966c-49c3-864a-50014a7aa7b4'}] before deletion
2021-02-22 05:01:22,851 - WARNING - Project ctest-FloatingipBasicTestSanity-21890666 still has VNs [{'to': ['admin_domain', 'ctest-FloatingipBasicTestSanity-21890666', 'ctest-vn1-89352442'], 'href': 'https://192.168.7.34:8082/virtual-network/8cad6689-966c-49c3-864a-50014a7aa7b4', 'uuid': '8cad6689-966c-49c3-864a-50014a7aa7b4'}] before deletion
2021-02-22 05:01:24,974 - WARNING - Project ctest-FloatingipBasicTestSanity-21890666 still has VNs [{'to': ['admin_domain', 'ctest-FloatingipBasicTestSanity-21890666', 'ctest-vn1-89352442'], 'href': 'https://192.168.7.34:8082/virtual-network/8cad6689-966c-49c3-864a-50014a7aa7b4', 'uuid': '8cad6689-966c-49c3-864a-50014a7aa7b4'}] before deletion
2021-02-22 05:01:27,085 - WARNING - Project ctest-FloatingipBasicTestSanity-21890666 still has VNs [{'to': ['admin_domain', 'ctest-FloatingipBasicTestSanity-21890666', 'ctest-vn1-89352442'], 'href': 'https://192.168.7.34:8082/virtual-network/8cad6689-966c-49c3-864a-50014a7aa7b4', 'uuid': '8cad6689-966c-49c3-864a-50014a7aa7b4'}] before deletion
2021-02-22 05:01:29,196 - WARNING - Project ctest-FloatingipBasicTestSanity-21890666 still has VNs [{'to': ['admin_domain', 'ctest-FloatingipBasicTestSanity-21890666', 'ctest-vn1-89352442'], 'href': 'https://192.168.7.34:8082/virtual-network/8cad6689-966c-49c3-864a-50014a7aa7b4', 'uuid': '8cad6689-966c-49c3-864a-50014a7aa7b4'}] before deletion
2021-02-22 05:01:31,310 - WARNING - Project ctest-FloatingipBasicTestSanity-21890666 still has VNs [{'to': ['admin_domain', 'ctest-FloatingipBasicTestSanity-21890666', 'ctest-vn1-89352442'], 'href': 'https://192.168.7.34:8082/virtual-network/8cad6689-966c-49c3-864a-50014a7aa7b4', 'uuid': '8cad6689-966c-49c3-864a-50014a7aa7b4'}] before deletion
2021-02-22 05:01:33,422 - WARNING - Project ctest-FloatingipBasicTestSanity-21890666 still has VNs [{'to': ['admin_domain', 'ctest-FloatingipBasicTestSanity-21890666', 'ctest-vn1-89352442'], 'href': 'https://192.168.7.34:8082/virtual-network/8cad6689-966c-49c3-864a-50014a7aa7b4', 'uuid': '8cad6689-966c-49c3-864a-50014a7aa7b4'}] before deletion
2021-02-22 05:01:33,422 - WARNING - One or more references still present, will not delete the project ctest-FloatingipBasicTestSanity-21890666
2021-02-22 05:01:43,045 - DEBUG - Requesting: https://192.168.7.19:8085/Snh_AgentXmppConnectionStatusReq?
2021-02-22 05:01:43,068 - DEBUG - Requesting: https://192.168.7.9:8085/Snh_AgentXmppConnectionStatusReq?
2021-02-22 05:06:00,921 - DEBUG - Requesting: https://192.168.7.19:8085/Snh_AgentXmppConnectionStatusReq?
2021-02-22 05:06:00,942 - DEBUG - Requesting: https://192.168.7.9:8085/Snh_AgentXmppConnectionStatusReq?
2021-02-22 05:07:35,415 - DEBUG - Requesting: https://192.168.7.19:8085/Snh_AgentXmppConnectionStatusReq?
2021-02-22 05:07:35,436 - DEBUG - Requesting: https://192.168.7.9:8085/Snh_AgentXmppConnectionStatusReq?
2021-02-22 05:20:08,246 - DEBUG - [192.168.7.20]: Running cmd : hostname
2021-02-22 05:20:09,204 - DEBUG - Output : noden20
2021-02-22 05:20:09,205 - DEBUG - [192.168.7.20]: Running cmd : hostname -f
2021-02-22 05:20:09,325 - DEBUG - Output : noden20.maas
2021-02-22 05:20:09,325 - DEBUG - [192.168.7.20]: Running cmd : docker ps -a 2>/dev/null | grep -v "/pause\|/usr/bin/pod\|nova_api_\|contrail.*init\|init.*contrail\|provisioner\|placement" | awk '{print $NF}'
2021-02-22 05:20:09,534 - DEBUG - Output : NAMES
webui_job_1
webui_web_1
analyticssnmp_snmp-collector_1
analyticssnmp_topology_1
analyticssnmp_nodemgr_1
analyticsalarm_kafka_1
analyticsalarm_nodemgr_1
analyticsalarm_alarm-gen_1
analytics_api_1
analytics_nodemgr_1
analytics_collector_1
analyticsdatabase_cassandra_1
analyticsdatabase_query-engine_1
analyticsdatabase_nodemgr_1
redis_stunnel_1
redis_redis_1
control_named_1
control_nodemgr_1
control_dns_1
control_control_1
configdatabase_zookeeper_1
configdatabase_cassandra_1
configdatabase_rabbitmq_1
configdatabase_nodemgr_1
configapi_devicemgr_1
configapi_dnsmasq_1
configapi_nodemgr_1
configapi_schema_1
configapi_svcmonitor_1
configapi_api_1
2021-02-22 05:20:09,534 - DEBUG - [192.168.7.20]: Running cmd : getent hosts 192.168.7.20 | head -n 1 | awk '{print $2}'
2021-02-22 05:20:09,654 - DEBUG - Output : noden20.maas
2021-02-22 05:20:09,654 - DEBUG - [192.168.7.20]: Running cmd : ip addr show | grep 'inet .*/.* brd ' | awk '{print $2}'
2021-02-22 05:20:09,773 - DEBUG - Output : 192.168.27.20/24
172.17.0.1/16
192.168.7.20/24
2021-02-22 05:20:09,774 - DEBUG - [192.168.7.29]: Running cmd : hostname
2021-02-22 05:20:10,771 - DEBUG - Output : noden29
2021-02-22 05:20:10,772 - DEBUG - [192.168.7.29]: Running cmd : hostname -f
2021-02-22 05:20:10,875 - DEBUG - Output : noden29.maas
2021-02-22 05:20:10,875 - DEBUG - [192.168.7.29]: Running cmd : docker ps -a 2>/dev/null | grep -v "/pause\|/usr/bin/pod\|nova_api_\|contrail.*init\|init.*contrail\|provisioner\|placement" | awk '{print $NF}'
2021-02-22 05:20:11,091 - DEBUG - Output : NAMES
vrouter_nodemgr_1
vrouter_vrouter-agent_1
webui_job_1
webui_web_1
analyticsdatabase_query-engine_1
analyticsdatabase_nodemgr_1
analyticsdatabase_cassandra_1
analyticssnmp_snmp-collector_1
analyticssnmp_nodemgr_1
analyticssnmp_topology_1
analyticsalarm_nodemgr_1
analyticsalarm_alarm-gen_1
analyticsalarm_kafka_1
analytics_nodemgr_1
analytics_api_1
analytics_collector_1
contrailkubernetesmaster_kubemanager_1
redis_stunnel_1
redis_redis_1
control_named_1
control_control_1
control_nodemgr_1
control_dns_1
configdatabase_cassandra_1
configdatabase_rabbitmq_1
configdatabase_nodemgr_1
configdatabase_zookeeper_1
configapi_devicemgr_1
configapi_nodemgr_1
configapi_api_1
configapi_schema_1
configapi_svcmonitor_1
configapi_dnsmasq_1
2021-02-22 05:20:11,091 - DEBUG - [192.168.7.29]: Running cmd : getent hosts 192.168.7.29 | head -n 1 | awk '{print $2}'
2021-02-22 05:20:11,211 - DEBUG - Output : noden29.maas
2021-02-22 05:20:11,212 - DEBUG - [192.168.7.29]: Running cmd : ip addr show | grep 'inet .*/.* brd ' | awk '{print $2}'
2021-02-22 05:20:11,316 - DEBUG - Output : 192.168.7.29/24
172.17.0.1/16
192.168.27.29/24
2021-02-22 05:20:11,519 - DEBUG - [192.168.7.34]: Running cmd : hostname
2021-02-22 05:20:12,693 - DEBUG - Output : nodei34
2021-02-22 05:20:12,694 - DEBUG - [192.168.7.34]: Running cmd : hostname -f
2021-02-22 05:20:12,795 - DEBUG - Output : nodei34.maas
2021-02-22 05:20:12,795 - DEBUG - [192.168.7.34]: Running cmd : docker ps -a 2>/dev/null | grep -v "/pause\|/usr/bin/pod\|nova_api_\|contrail.*init\|init.*contrail\|provisioner\|placement" | awk '{print $NF}'
2021-02-22 05:20:13,013 - DEBUG - Output : NAMES
webui_web_1
webui_job_1
analyticsdatabase_cassandra_1
analyticsdatabase_query-engine_1
analyticsdatabase_nodemgr_1
analyticssnmp_snmp-collector_1
analyticssnmp_nodemgr_1
analyticssnmp_topology_1
analyticsalarm_nodemgr_1
analyticsalarm_alarm-gen_1
analyticsalarm_kafka_1
analytics_nodemgr_1
analytics_api_1
analytics_collector_1
redis_redis_1
redis_stunnel_1
control_named_1
control_dns_1
control_nodemgr_1
control_control_1
configdatabase_cassandra_1
configdatabase_zookeeper_1
configdatabase_rabbitmq_1
configdatabase_nodemgr_1
configapi_devicemgr_1
configapi_schema_1
configapi_dnsmasq_1
configapi_nodemgr_1
configapi_api_1
configapi_svcmonitor_1
2021-02-22 05:20:13,014 - DEBUG - [192.168.7.34]: Running cmd : getent hosts 192.168.7.34 | head -n 1 | awk '{print $2}'
2021-02-22 05:20:13,120 - DEBUG - Output : nodei34.maas
2021-02-22 05:20:13,121 - DEBUG - [192.168.7.34]: Running cmd : ip addr show | grep 'inet .*/.* brd ' | awk '{print $2}'
2021-02-22 05:20:13,211 - DEBUG - Output : 192.168.7.34/24
192.168.27.34/24
172.17.0.1/16
2021-02-22 05:20:13,211 - DEBUG - [192.168.7.19]: Running cmd : hostname
2021-02-22 05:20:14,177 - DEBUG - Output : noden19
2021-02-22 05:20:14,178 - DEBUG - [192.168.7.19]: Running cmd : hostname -f
2021-02-22 05:20:14,277 - DEBUG - Output : noden19.maas
2021-02-22 05:20:14,277 - DEBUG - [192.168.7.19]: Running cmd : docker ps -a 2>/dev/null | grep -v "/pause\|/usr/bin/pod\|nova_api_\|contrail.*init\|init.*contrail\|provisioner\|placement" | awk '{print $NF}'
2021-02-22 05:20:14,440 - DEBUG - Output : NAMES
vrouter_nodemgr_1
vrouter_vrouter-agent_1
k8s_nginx_nginx_default_e122a4d5-13d3-4b5c-a917-c375f5a0cafa_0
k8s_cirros_cirros_default_17de7c97-01cd-4350-8401-3c2249528561_0
k8s_coredns_coredns-6b59b8bd9f-f7hgs_kube-system_efbcc658-8b0f-4982-860d-15887593226b_23
k8s_coredns_coredns-6b59b8bd9f-f7hgs_kube-system_efbcc658-8b0f-4982-860d-15887593226b_22
k8s_k8s-keystone-auth_k8s-keystone-auth-bd454d699-hcvxs_kube-system_64575096-0773-4881-8bba-f16559ca5fd6_0
k8s_k8s-keystone-auth_k8s-keystone-auth-bd454d699-4gj79_kube-system_83e45f58-f119-4828-9b80-a681ecebeb2b_0
2021-02-22 05:20:14,440 - DEBUG - [192.168.7.19]: Running cmd : ip addr show dev vhost0 | grep 'inet .*/.* brd ' | awk '{print $2}'
2021-02-22 05:20:14,543 - DEBUG - Output : 192.168.27.19/24
2021-02-22 05:20:14,543 - DEBUG - [192.168.7.19]: Running cmd : getent hosts 192.168.27.19 | head -n 1 | awk '{print $2}'
2021-02-22 05:20:14,647 - DEBUG - Output : noden19.maas
2021-02-22 05:20:14,647 - DEBUG - [192.168.7.9]: Running cmd : hostname
2021-02-22 05:20:15,342 - DEBUG - Output : nodec9
2021-02-22 05:20:15,342 - DEBUG - [192.168.7.9]: Running cmd : hostname -f
2021-02-22 05:20:15,421 - DEBUG - Output : nodec9.maas
2021-02-22 05:20:15,421 - DEBUG - [192.168.7.9]: Running cmd : docker ps -a 2>/dev/null | grep -v "/pause\|/usr/bin/pod\|nova_api_\|contrail.*init\|init.*contrail\|provisioner\|placement" | awk '{print $NF}'
2021-02-22 05:20:15,543 - DEBUG - Output : NAMES
vrouter_vrouter-agent_1
vrouter_nodemgr_1
2021-02-22 05:20:15,543 - DEBUG - [192.168.7.9]: Running cmd : ip addr show dev vhost0 | grep 'inet .*/.* brd ' | awk '{print $2}'
2021-02-22 05:20:15,621 - DEBUG - Output : 192.168.27.9/24
2021-02-22 05:20:15,621 - DEBUG - [192.168.7.9]: Running cmd : getent hosts 192.168.27.9 | head -n 1 | awk '{print $2}'
2021-02-22 05:20:15,704 - DEBUG - Output : nodec9.maas
2021-02-22 05:20:15,705 - DEBUG - [192.168.7.18]: Running cmd : hostname
2021-02-22 05:20:16,089 - DEBUG - Output : noden18
2021-02-22 05:20:16,089 - DEBUG - [192.168.7.18]: Running cmd : hostname -f
2021-02-22 05:20:16,146 - DEBUG - Output : noden18.englab.juniper.net
2021-02-22 05:20:16,146 - DEBUG - [192.168.7.18]: Running cmd : docker ps -a 2>/dev/null | grep -v "/pause\|/usr/bin/pod\|nova_api_\|contrail.*init\|init.*contrail\|provisioner\|placement" | awk '{print $NF}'
2021-02-22 05:20:16,329 - DEBUG - Output : NAMES
nuthan_test8
nuthan_test2
nuthan_test7
tf_test
scale_test
nuthan_test
2021-02-22 05:20:18,391 - DEBUG - Not creating keypair since it exists
2021-02-22 05:20:18,468 - INFO - Reading existing Domain with UUID f27c063f-c6c4-434f-a616-97e72e0043e5
2021-02-22 05:20:19,238 - INFO - Using existing domain ['admin_domain'](f27c063f-c6c4-434f-a616-97e72e0043e5)
2021-02-22 05:20:19,634 - INFO - Project ctest-FloatingipBasicTestSanity-23909266 not found, creating it
2021-02-22 05:20:21,439 - INFO - Created Project:ctest-FloatingipBasicTestSanity-23909266, ID : ca6af727-1bc4-4220-921e-2827c93c1aac 
2021-02-22 05:20:35,120 - INFO - Using existing project ['admin_domain', 'admin'](6d52ffce-adf6-4a1b-b907-bb9dd95efc70)
2021-02-22 05:20:36,385 - INFO - admin user already present
2021-02-22 05:20:41,126 - INFO - Adding rules to the default security group in Project admin
2021-02-22 05:20:41,530 - INFO - ================================================================================
2021-02-22 05:20:41,531 - INFO - STARTING TEST    : test_floating_ip
2021-02-22 05:20:41,531 - INFO - TEST DESCRIPTION : Test to validate floating-ip Assignment to a VM. It creates a VM, assigns a FIP to it and pings to a IP in the FIP VN.
        
2021-02-22 05:20:42,870 - DEBUG - Requesting: https://192.168.7.19:8085/Snh_AgentXmppConnectionStatusReq?
2021-02-22 05:20:42,891 - DEBUG - Requesting: https://192.168.7.9:8085/Snh_AgentXmppConnectionStatusReq?
2021-02-22 05:20:42,909 - DEBUG - Nothing to compare xmpp stats {'192.168.7.19': {'192.168.27.20': '0', '192.168.27.34': '0'}, '192.168.7.9': {'192.168.27.20': '0', '192.168.27.34': '0'}} with
2021-02-22 05:20:42,909 - INFO - Initial checks done. Running the testcase now
2021-02-22 05:20:42,910 - INFO - 
2021-02-22 05:20:42,988 - DEBUG - Services list from nova: [<Service: 1>, <Service: 3>, <Service: 4>, <Service: 16>]
2021-02-22 05:20:42,988 - DEBUG - Hosts: {'nova': ['nodec9']}
2021-02-22 05:22:16,676 - ERROR - ConnectFailure
Python 3.6.8: /usr/bin/python3
Mon Feb 22 05:22:15 2021

A problem occurred in a Python script.  Here is the sequence of
function calls leading up to the error, in the order they occurred.

 /contrail-test/tcutils/wrappers.py in wrapper(self=<scripts.floatingip.test_floatingip_basic.Floati...er,vcenter_compute,vrouter_gw] id=0x7ff91d18ecc0>, *args=(), **kwargs={})
   80             log.info('Initial checks done. Running the testcase now')
   81             log.info('')
   82             result = function(self, *args, **kwargs)
   83             if self.inputs.upgrade:
   84                 pid = os.getpid()
result = None
function = <function FloatingipBasicTestSanity.test_floating_ip>
self = <scripts.floatingip.test_floatingip_basic.Floati...er,vcenter_compute,vrouter_gw] id=0x7ff91d18ecc0>
args = ()
kwargs = {}

 /contrail-test/scripts/floatingip/test_floatingip_basic.py in test_floating_ip(self=<scripts.floatingip.test_floatingip_basic.Floati...er,vcenter_compute,vrouter_gw] id=0x7ff91d18ecc0>)
   65                 inputs=self.inputs,
   66                 vn_name=fvn_name,
   67                 subnets=fvn_subnets))
   68 
   69         assert fvn_fixture.verify_on_setup()
subnets undefined
fvn_subnets = ['119.79.125.128/26']

 /usr/local/lib/python3.6/site-packages/testtools/testcase.py in useFixture(self=<scripts.floatingip.test_floatingip_basic.Floati...er,vcenter_compute,vrouter_gw] id=0x7ff91d18ecc0>, fixture=<vn_test.VNFixture object>)
  754                 # Gather_details worked, so raise the exception setUp
  755                 # encountered.
  756                 reraise(*exc_info)
  757         else:
  758             self.addCleanup(fixture.cleanUp)
global reraise = <function reraise>
exc_info = (<class 'keystoneauth1.exceptions.connection.ConnectFailure'>, ConnectFailure("Unable to establish connection t...ote end closed connection without response',))",), <traceback object>)

 /usr/local/lib/python3.6/site-packages/testtools/_compat3x.py in reraise(exc_class=<class 'keystoneauth1.exceptions.connection.ConnectFailure'>, exc_obj=ConnectFailure("Unable to establish connection t...ote end closed connection without response',))",), exc_tb=<traceback object>, _marker=<object object>)
   13 
   14 def reraise(exc_class, exc_obj, exc_tb, _marker=object()):
   15     """Re-raise an exception received from sys.exc_info() or similar."""
   16     raise exc_obj.with_traceback(exc_tb)
   17 
exc_obj = ConnectFailure("Unable to establish connection t...ote end closed connection without response',))",)
exc_obj.with_traceback = <built-in method with_traceback of ConnectFailure object>
exc_tb = <traceback object>

 /usr/local/lib/python3.6/site-packages/testtools/testcase.py in useFixture(self=<scripts.floatingip.test_floatingip_basic.Floati...er,vcenter_compute,vrouter_gw] id=0x7ff91d18ecc0>, fixture=<vn_test.VNFixture object>)
  729         """
  730         try:
  731             fixture.setUp()
  732         except MultipleExceptions as e:
  733             if (fixtures is not None and
fixture = <vn_test.VNFixture object>
fixture.setUp = <bound method VNFixture.setUp of <vn_test.VNFixture object>>

 /contrail-test/fixtures/vn_test.py in setUp(self=<vn_test.VNFixture object>)
  442     def setUp(self):
  443         super(VNFixture, self).setUp()
  444         self.create()
  445 
  446     def create(self):
self = <vn_test.VNFixture object>
self.create = <bound method VNFixture.create of <vn_test.VNFixture object>>

 /contrail-test/fixtures/vn_test.py in create(self=<vn_test.VNFixture object>)
  455             self._create_vn_api(self.vn_name, self.project_obj)
  456         else:
  457             self._create_vn_orch()
  458         if not self.obj:
  459              self.logger.debug('VN %s not present' % (self.vn_name))
self = <vn_test.VNFixture object>
self._create_vn_orch = <bound method VNFixture._create_vn_orch of <vn_test.VNFixture object>>

 /contrail-test/fixtures/vn_test.py in _create_vn_orch(self=<vn_test.VNFixture object>)
  313                                                 sriov_provider_network=self.sriov_provider_network,
  314                                                 disable_gateway=self.disable_gateway,
  315                                                 dns_nameservers_list=self.dns_nameservers_list)
  316                 if self.obj:
  317                     self.logger.info('Created VN %s' %(self.vn_name))
dns_nameservers_list undefined
self = <vn_test.VNFixture object>
self.dns_nameservers_list = None

 /contrail-test/fixtures/openstack.py in create_vn(self=<openstack.OpenstackOrchestrator object>, name='ctest-fvn-79575499', subnets=[{'cidr': '119.79.125.128/26'}], option='orch', **kwargs={'disable_gateway': False, 'dns_nameservers_list': None, 'enable_dhcp': True, 'ipam_fq_name': ['default-domain', 'default-project', 'default-network-ipam'], 'router_external': False, 'shared': False, 'sriov_enable': False, 'sriov_provider_network': None, 'sriov_vlan': None})
  184 
  185    def create_vn(self, name, subnets, option='orch', **kwargs):
  186        return self.quantum_h.create_network(name, subnets, **kwargs)
  187 
  188    def delete_vn(self, vn_obj, option='orch', **kwargs):
self = <openstack.OpenstackOrchestrator object>
self.quantum_h = <quantum_test.QuantumHelper object>
self.quantum_h.create_network = <bound method QuantumHelper.create_network of <quantum_test.QuantumHelper object>>
name = 'ctest-fvn-79575499'
subnets = [{'cidr': '119.79.125.128/26'}]
kwargs = {'disable_gateway': False, 'dns_nameservers_list': None, 'enable_dhcp': True, 'ipam_fq_name': ['default-domain', 'default-project', 'default-network-ipam'], 'router_external': False, 'shared': False, 'sriov_enable': False, 'sriov_provider_network': None, 'sriov_vlan': None}

 /contrail-test/fixtures/quantum_test.py in create_network(self=<quantum_test.QuantumHelper object>, vn_name='ctest-fvn-79575499', vn_subnets=[{'cidr': '119.79.125.128/26'}], ipam_fq_name=['default-domain', 'default-project', 'default-network-ipam'], shared=False, router_external=False, enable_dhcp=True, sriov_enable=False, sriov_vlan=None, sriov_provider_network=None, dns_nameservers_list=None, disable_gateway=False)
   99                 net_req['provider:physical_network'] = sriov_provider_network
  100                 net_req['provider:segmentation_id'] = sriov_vlan
  101             net_rsp = self.obj.create_network({'network': net_req})
  102             self.logger.debug('Response for create_network : ' + repr(net_rsp))
  103 
net_rsp undefined
self = <quantum_test.QuantumHelper object>
self.obj = <neutronclient.v2_0.client.Client object>
self.obj.create_network = <bound method Client.create_network of <neutronclient.v2_0.client.Client object>>
net_req = {'name': 'ctest-fvn-79575499'}

 /usr/local/lib/python3.6/site-packages/neutronclient/v2_0/client.py in create_network(self=<neutronclient.v2_0.client.Client object>, body={'network': {'name': 'ctest-fvn-79575499'}})
  824     def create_network(self, body=None):
  825         """Creates a new network."""
  826         return self.post(self.networks_path, body=body)
  827 
  828     def update_network(self, network, body=None, revision_number=None):
self = <neutronclient.v2_0.client.Client object>
self.post = <bound method ClientBase.post of <neutronclient.v2_0.client.Client object>>
self.networks_path = '/networks'
body = {'network': {'name': 'ctest-fvn-79575499'}}

 /usr/local/lib/python3.6/site-packages/neutronclient/v2_0/client.py in post(self=<neutronclient.v2_0.client.Client object>, action='/networks', body={'network': {'name': 'ctest-fvn-79575499'}}, headers=None, params=None)
  357         # Do not retry POST requests to avoid the orphan objects problem.
  358         return self.do_request("POST", action, body=body,
  359                                headers=headers, params=params)
  360 
  361     def put(self, action, body=None, headers=None, params=None):
headers = None
params = None

 /usr/local/lib/python3.6/site-packages/neutronclient/v2_0/client.py in do_request(self=<neutronclient.v2_0.client.Client object>, method='POST', action='/v2.0/networks', body='{"network": {"name": "ctest-fvn-79575499"}}', headers=None, params=None)
  280 
  281         resp, replybody = self.httpclient.do_request(action, method, body=body,
  282                                                      headers=headers)
  283 
  284         status_code = resp.status_code
headers = None

 /usr/local/lib/python3.6/site-packages/neutronclient/client.py in do_request(self=<neutronclient.client.SessionClient object>, url='/v2.0/networks', method='POST', **kwargs={'authenticated': True, 'body': '{"network": {"name": "ctest-fvn-79575499"}}', 'headers': None})
  338         kwargs.setdefault('authenticated', True)
  339         self._check_uri_length(url)
  340         return self.request(url, method, **kwargs)
  341 
  342     @property
self = <neutronclient.client.SessionClient object>
self.request = <bound method SessionClient.request of <neutronclient.client.SessionClient object>>
url = '/v2.0/networks'
method = 'POST'
kwargs = {'authenticated': True, 'body': '{"network": {"name": "ctest-fvn-79575499"}}', 'headers': None}

 /usr/local/lib/python3.6/site-packages/neutronclient/client.py in request(self=<neutronclient.client.SessionClient object>, *args=('/v2.0/networks', 'POST'), **kwargs={'authenticated': True, 'data': '{"network": {"name": "ctest-fvn-79575499"}}', 'headers': {'Accept': 'application/json', 'Content-Type': 'application/json', 'User-Agent': 'python-neutronclient', 'X-Auth-Token': 'edc17cbb293f4088a38162f3e463723c'}, 'raise_exc': False})
  326 
  327         kwargs['headers'] = headers
  328         resp = super(SessionClient, self).request(*args, **kwargs)
  329         return resp, resp.text
  330 
resp undefined
builtinsuper = <class 'super'>
global SessionClient = <class 'neutronclient.client.SessionClient'>
self = <neutronclient.client.SessionClient object>
).request = <bound method SessionClient.request of <neutronclient.client.SessionClient object>>
args = ('/v2.0/networks', 'POST')
kwargs = {'authenticated': True, 'data': '{"network": {"name": "ctest-fvn-79575499"}}', 'headers': {'Accept': 'application/json', 'Content-Type': 'application/json', 'User-Agent': 'python-neutronclient', 'X-Auth-Token': 'edc17cbb293f4088a38162f3e463723c'}, 'raise_exc': False}

 /usr/local/lib/python3.6/site-packages/keystoneauth1/adapter.py in request(self=<neutronclient.client.SessionClient object>, url='/v2.0/networks', method='POST', **kwargs={'authenticated': True, 'data': '{"network": {"name": "ctest-fvn-79575499"}}', 'endpoint_filter': {'interface': 'public', 'region_name': 'RegionOne', 'service_type': 'network'}, 'headers': {'Accept': 'application/json', 'Content-Type': 'application/json', 'User-Agent': 'python-neutronclient', 'X-Auth-Token': 'edc17cbb293f4088a38162f3e463723c'}, 'raise_exc': False, 'rate_semaphore': <keystoneauth1._fair_semaphore.FairSemaphore object>, 'user_agent': 'python-neutronclient'})
  246             kwargs.setdefault('raise_exc', self.raise_exc)
  247 
  248         return self.session.request(url, method, **kwargs)
  249 
  250     def get_token(self, auth=None):
self = <neutronclient.client.SessionClient object>
self.session = <keystoneauth1.session.Session object>
self.session.request = <bound method Session.request of <keystoneauth1.session.Session object>>
url = '/v2.0/networks'
method = 'POST'
kwargs = {'authenticated': True, 'data': '{"network": {"name": "ctest-fvn-79575499"}}', 'endpoint_filter': {'interface': 'public', 'region_name': 'RegionOne', 'service_type': 'network'}, 'headers': {'Accept': 'application/json', 'Content-Type': 'application/json', 'User-Agent': 'python-neutronclient', 'X-Auth-Token': 'edc17cbb293f4088a38162f3e463723c'}, 'raise_exc': False, 'rate_semaphore': <keystoneauth1._fair_semaphore.FairSemaphore object>, 'user_agent': 'python-neutronclient'}

 /usr/local/lib/python3.6/site-packages/keystoneauth1/session.py in request(self=<keystoneauth1.session.Session object>, url='http://192.168.7.31:9696/v2.0/networks', method='POST', json=None, original_ip=None, user_agent='python-neutronclient', redirect=30, authenticated=True, endpoint_filter={'interface': 'public', 'region_name': 'RegionOne', 'service_type': 'network'}, auth=None, requests_auth=None, raise_exc=False, allow_reauth=True, log=True, endpoint_override=None, connect_retries=0, logger=<Logger keystoneauth.session (WARNING)>, allow=None, client_name=None, client_version=None, microversion=None, microversion_service_type=None, status_code_retries=0, retriable_status_codes=[503], rate_semaphore=<keystoneauth1._fair_semaphore.FairSemaphore object>, global_request_id=None, connect_retry_delay=None, status_code_retry_delay=None, **kwargs={'allow_redirects': False, 'cert': (None, None), 'data': '{"network": {"name": "ctest-fvn-79575499"}}', 'headers': {'Accept': 'application/json', 'Content-Type': 'application/json', 'User-Agent': 'python-neutronclient', 'X-Auth-Token': 'edc17cbb293f4088a38162f3e463723c'}, 'verify': False})
  911                 kwargs.update(connection_params)
  912 
  913         resp = send(**kwargs)
  914 
  915         # log callee and caller request-id for each api call
resp undefined
send = functools.partial(<bound method Session._send_re...auth1.session._Retries object at 0x7ff9189dc828>)
kwargs = {'allow_redirects': False, 'cert': (None, None), 'data': '{"network": {"name": "ctest-fvn-79575499"}}', 'headers': {'Accept': 'application/json', 'Content-Type': 'application/json', 'User-Agent': 'python-neutronclient', 'X-Auth-Token': 'edc17cbb293f4088a38162f3e463723c'}, 'verify': False}

 /usr/local/lib/python3.6/site-packages/keystoneauth1/session.py in _send_request(self=<keystoneauth1.session.Session object>, url='http://192.168.7.31:9696/v2.0/networks', method='POST', redirect=30, log=True, logger=<Logger keystoneauth.session (WARNING)>, split_loggers=None, connect_retries=0, status_code_retries=0, retriable_status_codes=[503], rate_semaphore=<keystoneauth1._fair_semaphore.FairSemaphore object>, connect_retry_delays=<keystoneauth1.session._Retries object>, status_code_retry_delays=<keystoneauth1.session._Retries object>, **kwargs={'allow_redirects': False, 'cert': (None, None), 'data': '{"network": {"name": "ctest-fvn-79575499"}}', 'headers': {'Accept': 'application/json', 'Content-Type': 'application/json', 'User-Agent': 'python-neutronclient', 'X-Auth-Token': 'edc17cbb293f4088a38162f3e463723c'}, 'verify': False})
 1018                 # and firewall blocking.
 1019                 msg = 'Unable to establish connection to %s: %s' % (url, e)
 1020                 raise exceptions.ConnectFailure(msg)
 1021             except requests.exceptions.RequestException as e:
 1022                 msg = 'Unexpected exception for %(url)s: %(error)s' % {
global exceptions = <module 'keystoneauth1.exceptions' from '/usr/lo...e-packages/keystoneauth1/exceptions/__init__.py'>
exceptions.ConnectFailure = <class 'keystoneauth1.exceptions.connection.ConnectFailure'>
msg = "Unable to establish connection to http://192.168...Remote end closed connection without response',))"
ConnectFailure: Unable to establish connection to http://192.168.7.31:9696/v2.0/networks: ('Connection aborted.', RemoteDisconnected('Remote end closed connection without response',))
    __cause__ = None
    __class__ = <class 'keystoneauth1.exceptions.connection.ConnectFailure'>
    __context__ = ConnectionError(ProtocolError('Connection aborte...mote end closed connection without response',)),)
    __delattr__ = <method-wrapper '__delattr__' of ConnectFailure object>
    __dict__ = {'message': "Unable to establish connection to http://192.168...Remote end closed connection without response',))"}
    __dir__ = <built-in method __dir__ of ConnectFailure object>
    __doc__ = None
    __eq__ = <method-wrapper '__eq__' of ConnectFailure object>
    __format__ = <built-in method __format__ of ConnectFailure object>
    __ge__ = <method-wrapper '__ge__' of ConnectFailure object>
    __getattribute__ = <method-wrapper '__getattribute__' of ConnectFailure object>
    __gt__ = <method-wrapper '__gt__' of ConnectFailure object>
    __hash__ = <method-wrapper '__hash__' of ConnectFailure object>
    __init__ = <bound method ClientException.__init__ of Connec...te end closed connection without response',))",)>
    __init_subclass__ = <built-in method __init_subclass__ of type object>
    __le__ = <method-wrapper '__le__' of ConnectFailure object>
    __lt__ = <method-wrapper '__lt__' of ConnectFailure object>
    __module__ = 'keystoneauth1.exceptions.connection'
    __ne__ = <method-wrapper '__ne__' of ConnectFailure object>
    __new__ = <built-in method __new__ of type object>
    __reduce__ = <built-in method __reduce__ of ConnectFailure object>
    __reduce_ex__ = <built-in method __reduce_ex__ of ConnectFailure object>
    __repr__ = <method-wrapper '__repr__' of ConnectFailure object>
    __setattr__ = <method-wrapper '__setattr__' of ConnectFailure object>
    __setstate__ = <built-in method __setstate__ of ConnectFailure object>
    __sizeof__ = <built-in method __sizeof__ of ConnectFailure object>
    __str__ = <method-wrapper '__str__' of ConnectFailure object>
    __subclasshook__ = <built-in method __subclasshook__ of type object>
    __suppress_context__ = False
    __traceback__ = <traceback object>
    __weakref__ = None
    args = ("Unable to establish connection to http://192.168...Remote end closed connection without response',))",)
    message = "Unable to establish connection to http://192.168...Remote end closed connection without response',))"
    with_traceback = <built-in method with_traceback of ConnectFailure object>

The above is a description of an error in a Python program.  Here is
the original traceback:

Traceback (most recent call last):
  File "/usr/local/lib/python3.6/site-packages/urllib3/connectionpool.py", line 672, in urlopen
    chunked=chunked,
  File "/usr/local/lib/python3.6/site-packages/urllib3/connectionpool.py", line 421, in _make_request
    six.raise_from(e, None)
  File "<string>", line 3, in raise_from
  File "/usr/local/lib/python3.6/site-packages/urllib3/connectionpool.py", line 416, in _make_request
    httplib_response = conn.getresponse()
  File "/usr/lib64/python3.6/http/client.py", line 1346, in getresponse
    response.begin()
  File "/usr/lib64/python3.6/http/client.py", line 307, in begin
    version, status, reason = self._read_status()
  File "/usr/lib64/python3.6/http/client.py", line 276, in _read_status
    raise RemoteDisconnected("Remote end closed connection without"
http.client.RemoteDisconnected: Remote end closed connection without response

During handling of the above exception, another exception occurred:

Traceback (most recent call last):
  File "/usr/local/lib/python3.6/site-packages/requests/adapters.py", line 449, in send
    timeout=timeout
  File "/usr/local/lib/python3.6/site-packages/urllib3/connectionpool.py", line 720, in urlopen
    method, url, error=e, _pool=self, _stacktrace=sys.exc_info()[2]
  File "/usr/local/lib/python3.6/site-packages/urllib3/util/retry.py", line 400, in increment
    raise six.reraise(type(error), error, _stacktrace)
  File "/usr/local/lib/python3.6/site-packages/urllib3/packages/six.py", line 734, in reraise
    raise value.with_traceback(tb)
  File "/usr/local/lib/python3.6/site-packages/urllib3/connectionpool.py", line 672, in urlopen
    chunked=chunked,
  File "/usr/local/lib/python3.6/site-packages/urllib3/connectionpool.py", line 421, in _make_request
    six.raise_from(e, None)
  File "<string>", line 3, in raise_from
  File "/usr/local/lib/python3.6/site-packages/urllib3/connectionpool.py", line 416, in _make_request
    httplib_response = conn.getresponse()
  File "/usr/lib64/python3.6/http/client.py", line 1346, in getresponse
    response.begin()
  File "/usr/lib64/python3.6/http/client.py", line 307, in begin
    version, status, reason = self._read_status()
  File "/usr/lib64/python3.6/http/client.py", line 276, in _read_status
    raise RemoteDisconnected("Remote end closed connection without"
urllib3.exceptions.ProtocolError: ('Connection aborted.', RemoteDisconnected('Remote end closed connection without response',))

During handling of the above exception, another exception occurred:

Traceback (most recent call last):
  File "/usr/local/lib/python3.6/site-packages/keystoneauth1/session.py", line 1004, in _send_request
    resp = self.session.request(method, url, **kwargs)
  File "/usr/local/lib/python3.6/site-packages/requests/sessions.py", line 533, in request
    resp = self.send(prep, **send_kwargs)
  File "/usr/local/lib/python3.6/site-packages/requests/sessions.py", line 646, in send
    r = adapter.send(request, **kwargs)
  File "/usr/local/lib/python3.6/site-packages/requests/adapters.py", line 498, in send
    raise ConnectionError(err, request=request)
requests.exceptions.ConnectionError: ('Connection aborted.', RemoteDisconnected('Remote end closed connection without response',))

During handling of the above exception, another exception occurred:

Traceback (most recent call last):
  File "/contrail-test/tcutils/wrappers.py", line 82, in wrapper
    result = function(self, *args, **kwargs)
  File "/contrail-test/scripts/floatingip/test_floatingip_basic.py", line 67, in test_floating_ip
    subnets=fvn_subnets))
  File "/usr/local/lib/python3.6/site-packages/testtools/testcase.py", line 756, in useFixture
    reraise(*exc_info)
  File "/usr/local/lib/python3.6/site-packages/testtools/_compat3x.py", line 16, in reraise
    raise exc_obj.with_traceback(exc_tb)
  File "/usr/local/lib/python3.6/site-packages/testtools/testcase.py", line 731, in useFixture
    fixture.setUp()
  File "/contrail-test/fixtures/vn_test.py", line 444, in setUp
    self.create()
  File "/contrail-test/fixtures/vn_test.py", line 457, in create
    self._create_vn_orch()
  File "/contrail-test/fixtures/vn_test.py", line 315, in _create_vn_orch
    dns_nameservers_list=self.dns_nameservers_list)
  File "/contrail-test/fixtures/openstack.py", line 186, in create_vn
    return self.quantum_h.create_network(name, subnets, **kwargs)
  File "/contrail-test/fixtures/quantum_test.py", line 101, in create_network
    net_rsp = self.obj.create_network({'network': net_req})
  File "/usr/local/lib/python3.6/site-packages/neutronclient/v2_0/client.py", line 826, in create_network
    return self.post(self.networks_path, body=body)
  File "/usr/local/lib/python3.6/site-packages/neutronclient/v2_0/client.py", line 359, in post
    headers=headers, params=params)
  File "/usr/local/lib/python3.6/site-packages/neutronclient/v2_0/client.py", line 282, in do_request
    headers=headers)
  File "/usr/local/lib/python3.6/site-packages/neutronclient/client.py", line 340, in do_request
    return self.request(url, method, **kwargs)
  File "/usr/local/lib/python3.6/site-packages/neutronclient/client.py", line 328, in request
    resp = super(SessionClient, self).request(*args, **kwargs)
  File "/usr/local/lib/python3.6/site-packages/keystoneauth1/adapter.py", line 248, in request
    return self.session.request(url, method, **kwargs)
  File "/usr/local/lib/python3.6/site-packages/keystoneauth1/session.py", line 913, in request
    resp = send(**kwargs)
  File "/usr/local/lib/python3.6/site-packages/keystoneauth1/session.py", line 1020, in _send_request
    raise exceptions.ConnectFailure(msg)
keystoneauth1.exceptions.connection.ConnectFailure: Unable to establish connection to http://192.168.7.31:9696/v2.0/networks: ('Connection aborted.', RemoteDisconnected('Remote end closed connection without response',))



2021-02-22 05:22:16,677 - DEBUG - Requesting: https://192.168.7.19:8085/Snh_AgentXmppConnectionStatusReq?
2021-02-22 05:22:16,700 - DEBUG - Requesting: https://192.168.7.9:8085/Snh_AgentXmppConnectionStatusReq?
2021-02-22 05:22:16,719 - DEBUG - No XMPP flaps were noticed during the test
2021-02-22 05:22:16,719 - INFO - 
2021-02-22 05:22:16,719 - INFO - END TEST : test_floating_ip : FAILED[0:01:35]
2021-02-22 05:22:16,719 - INFO - --------------------------------------------------------------------------------
2021-02-22 05:22:18,483 - INFO - Deleted project: ctest-FloatingipBasicTestSanity-23909266, ID : ca6af727-1bc4-4220-921e-2827c93c1aac 
2021-02-22 05:22:24,904 - DEBUG - Requesting: https://192.168.7.19:8085/Snh_AgentXmppConnectionStatusReq?
2021-02-22 05:22:24,928 - DEBUG - Requesting: https://192.168.7.9:8085/Snh_AgentXmppConnectionStatusReq?
2021-02-22 05:23:57,514 - DEBUG - Requesting: https://192.168.7.19:8085/Snh_AgentXmppConnectionStatusReq?
2021-02-22 05:23:57,536 - DEBUG - Requesting: https://192.168.7.9:8085/Snh_AgentXmppConnectionStatusReq?
2021-02-22 05:25:08,129 - DEBUG - Requesting: https://192.168.7.19:8085/Snh_AgentXmppConnectionStatusReq?
2021-02-22 05:25:08,160 - DEBUG - Requesting: https://192.168.7.9:8085/Snh_AgentXmppConnectionStatusReq?
2021-02-22 05:26:40,470 - DEBUG - Requesting: https://192.168.7.19:8085/Snh_AgentXmppConnectionStatusReq?
2021-02-22 05:26:40,490 - DEBUG - Requesting: https://192.168.7.9:8085/Snh_AgentXmppConnectionStatusReq?
2021-02-24 06:21:01,796 - DEBUG - [192.168.7.20]: Running cmd : hostname
2021-02-24 06:21:02,796 - DEBUG - Output : noden20
2021-02-24 06:21:02,797 - DEBUG - [192.168.7.20]: Running cmd : hostname -f
2021-02-24 06:21:02,908 - DEBUG - Output : noden20.maas
2021-02-24 06:21:02,909 - DEBUG - [192.168.7.20]: Running cmd : docker ps -a 2>/dev/null | grep -v "/pause\|/usr/bin/pod\|nova_api_\|contrail.*init\|init.*contrail\|provisioner\|placement" | awk '{print $NF}'
2021-02-24 06:21:03,123 - DEBUG - Output : NAMES
webui_job_1
webui_web_1
analyticssnmp_snmp-collector_1
analyticssnmp_topology_1
analyticssnmp_nodemgr_1
analyticsalarm_kafka_1
analyticsalarm_nodemgr_1
analyticsalarm_alarm-gen_1
analytics_api_1
analytics_nodemgr_1
analytics_collector_1
analyticsdatabase_cassandra_1
analyticsdatabase_query-engine_1
analyticsdatabase_nodemgr_1
redis_stunnel_1
redis_redis_1
control_named_1
control_nodemgr_1
control_dns_1
control_control_1
configdatabase_zookeeper_1
configdatabase_cassandra_1
configdatabase_rabbitmq_1
configdatabase_nodemgr_1
configapi_devicemgr_1
configapi_dnsmasq_1
configapi_nodemgr_1
configapi_schema_1
configapi_svcmonitor_1
configapi_api_1
2021-02-24 06:21:03,123 - DEBUG - [192.168.7.20]: Running cmd : getent hosts 192.168.7.20 | head -n 1 | awk '{print $2}'
2021-02-24 06:21:03,248 - DEBUG - Output : noden20.maas
2021-02-24 06:21:03,249 - DEBUG - [192.168.7.20]: Running cmd : ip addr show | grep 'inet .*/.* brd ' | awk '{print $2}'
2021-02-24 06:21:03,378 - DEBUG - Output : 192.168.27.20/24
172.17.0.1/16
192.168.7.20/24
2021-02-24 06:21:03,379 - DEBUG - [192.168.7.29]: Running cmd : hostname
2021-02-24 06:21:04,367 - DEBUG - Output : noden29
2021-02-24 06:21:04,367 - DEBUG - [192.168.7.29]: Running cmd : hostname -f
2021-02-24 06:21:04,468 - DEBUG - Output : noden29.maas
2021-02-24 06:21:04,468 - DEBUG - [192.168.7.29]: Running cmd : docker ps -a 2>/dev/null | grep -v "/pause\|/usr/bin/pod\|nova_api_\|contrail.*init\|init.*contrail\|provisioner\|placement" | awk '{print $NF}'
2021-02-24 06:21:04,688 - DEBUG - Output : NAMES
vrouter_nodemgr_1
vrouter_vrouter-agent_1
webui_job_1
webui_web_1
analyticsdatabase_query-engine_1
analyticsdatabase_nodemgr_1
analyticsdatabase_cassandra_1
analyticssnmp_snmp-collector_1
analyticssnmp_nodemgr_1
analyticssnmp_topology_1
analyticsalarm_nodemgr_1
analyticsalarm_alarm-gen_1
analyticsalarm_kafka_1
analytics_nodemgr_1
analytics_api_1
analytics_collector_1
contrailkubernetesmaster_kubemanager_1
redis_stunnel_1
redis_redis_1
control_named_1
control_control_1
control_nodemgr_1
control_dns_1
configdatabase_cassandra_1
configdatabase_rabbitmq_1
configdatabase_nodemgr_1
configdatabase_zookeeper_1
configapi_devicemgr_1
configapi_nodemgr_1
configapi_api_1
configapi_schema_1
configapi_svcmonitor_1
configapi_dnsmasq_1
2021-02-24 06:21:04,688 - DEBUG - [192.168.7.29]: Running cmd : getent hosts 192.168.7.29 | head -n 1 | awk '{print $2}'
2021-02-24 06:21:04,795 - DEBUG - Output : noden29.maas
2021-02-24 06:21:04,795 - DEBUG - [192.168.7.29]: Running cmd : ip addr show | grep 'inet .*/.* brd ' | awk '{print $2}'
2021-02-24 06:21:04,898 - DEBUG - Output : 192.168.7.29/24
172.17.0.1/16
192.168.27.29/24
2021-02-24 06:21:05,093 - DEBUG - [192.168.7.34]: Running cmd : hostname
2021-02-24 06:21:06,323 - DEBUG - Output : nodei34
2021-02-24 06:21:06,324 - DEBUG - [192.168.7.34]: Running cmd : hostname -f
2021-02-24 06:21:06,443 - DEBUG - Output : nodei34.maas
2021-02-24 06:21:06,443 - DEBUG - [192.168.7.34]: Running cmd : docker ps -a 2>/dev/null | grep -v "/pause\|/usr/bin/pod\|nova_api_\|contrail.*init\|init.*contrail\|provisioner\|placement" | awk '{print $NF}'
2021-02-24 06:21:06,656 - DEBUG - Output : NAMES
webui_web_1
webui_job_1
analyticsdatabase_cassandra_1
analyticsdatabase_query-engine_1
analyticsdatabase_nodemgr_1
analyticssnmp_snmp-collector_1
analyticssnmp_nodemgr_1
analyticssnmp_topology_1
analyticsalarm_nodemgr_1
analyticsalarm_alarm-gen_1
analyticsalarm_kafka_1
analytics_nodemgr_1
analytics_api_1
analytics_collector_1
redis_redis_1
redis_stunnel_1
control_named_1
control_dns_1
control_nodemgr_1
control_control_1
configdatabase_cassandra_1
configdatabase_zookeeper_1
configdatabase_rabbitmq_1
configdatabase_nodemgr_1
configapi_devicemgr_1
configapi_schema_1
configapi_dnsmasq_1
configapi_nodemgr_1
configapi_api_1
configapi_svcmonitor_1
2021-02-24 06:21:06,657 - DEBUG - [192.168.7.34]: Running cmd : getent hosts 192.168.7.34 | head -n 1 | awk '{print $2}'
2021-02-24 06:21:06,760 - DEBUG - Output : nodei34.maas
2021-02-24 06:21:06,760 - DEBUG - [192.168.7.34]: Running cmd : ip addr show | grep 'inet .*/.* brd ' | awk '{print $2}'
2021-02-24 06:21:06,867 - DEBUG - Output : 192.168.7.34/24
192.168.27.34/24
172.17.0.1/16
2021-02-24 06:21:06,868 - DEBUG - [192.168.7.19]: Running cmd : hostname
2021-02-24 06:21:07,812 - DEBUG - Output : noden19
2021-02-24 06:21:07,813 - DEBUG - [192.168.7.19]: Running cmd : hostname -f
2021-02-24 06:21:07,910 - DEBUG - Output : noden19.maas
2021-02-24 06:21:07,910 - DEBUG - [192.168.7.19]: Running cmd : docker ps -a 2>/dev/null | grep -v "/pause\|/usr/bin/pod\|nova_api_\|contrail.*init\|init.*contrail\|provisioner\|placement" | awk '{print $NF}'
2021-02-24 06:21:08,085 - DEBUG - Output : NAMES
k8s_ubuntu-pod_ubuntu-pod_default_f4a85138-01a1-48c5-a883-c1af9b650993_0
k8s_cirros3_cirros3_default_5b82832d-ebf8-4b24-87ca-7ee1a46ba931_0
k8s_k8s-keystone-auth_k8s-keystone-auth-bd454d699-kmbfn_kube-system_3c2ceeba-cfb2-4c2a-8f33-34f322ddab35_0
k8s_k8s-keystone-auth_k8s-keystone-auth-bd454d699-h5jq2_kube-system_05eeed89-5184-4121-ba1f-1ad75b9a4a1b_0
k8s_nginx_nginx_default_c267b3f5-6416-4f03-a4c0-beff89e02a7c_0
vrouter_nodemgr_1
vrouter_vrouter-agent_1
k8s_coredns_coredns-6b59b8bd9f-f7hgs_kube-system_efbcc658-8b0f-4982-860d-15887593226b_23
k8s_coredns_coredns-6b59b8bd9f-f7hgs_kube-system_efbcc658-8b0f-4982-860d-15887593226b_22
2021-02-24 06:21:08,086 - DEBUG - [192.168.7.19]: Running cmd : ip addr show dev vhost0 | grep 'inet .*/.* brd ' | awk '{print $2}'
2021-02-24 06:21:08,185 - DEBUG - Output : 192.168.27.19/24
2021-02-24 06:21:08,186 - DEBUG - [192.168.7.19]: Running cmd : getent hosts 192.168.27.19 | head -n 1 | awk '{print $2}'
2021-02-24 06:21:08,293 - DEBUG - Output : noden19.maas
2021-02-24 06:21:08,293 - DEBUG - [192.168.7.9]: Running cmd : hostname
2021-02-24 06:21:08,990 - DEBUG - Output : nodec9
2021-02-24 06:21:08,990 - DEBUG - [192.168.7.9]: Running cmd : hostname -f
2021-02-24 06:21:09,068 - DEBUG - Output : nodec9.maas
2021-02-24 06:21:09,068 - DEBUG - [192.168.7.9]: Running cmd : docker ps -a 2>/dev/null | grep -v "/pause\|/usr/bin/pod\|nova_api_\|contrail.*init\|init.*contrail\|provisioner\|placement" | awk '{print $NF}'
2021-02-24 06:21:09,196 - DEBUG - Output : NAMES
vrouter_vrouter-agent_1
vrouter_nodemgr_1
2021-02-24 06:21:09,197 - DEBUG - [192.168.7.9]: Running cmd : ip addr show dev vhost0 | grep 'inet .*/.* brd ' | awk '{print $2}'
2021-02-24 06:21:09,285 - DEBUG - Output : 192.168.27.9/24
2021-02-24 06:21:09,286 - DEBUG - [192.168.7.9]: Running cmd : getent hosts 192.168.27.9 | head -n 1 | awk '{print $2}'
2021-02-24 06:21:09,372 - DEBUG - Output : nodec9.maas
2021-02-24 06:21:09,372 - DEBUG - [192.168.7.18]: Running cmd : hostname
2021-02-24 06:21:09,742 - DEBUG - Output : noden18
2021-02-24 06:21:09,742 - DEBUG - [192.168.7.18]: Running cmd : hostname -f
2021-02-24 06:21:09,809 - DEBUG - Output : noden18.englab.juniper.net
2021-02-24 06:21:09,810 - DEBUG - [192.168.7.18]: Running cmd : docker ps -a 2>/dev/null | grep -v "/pause\|/usr/bin/pod\|nova_api_\|contrail.*init\|init.*contrail\|provisioner\|placement" | awk '{print $NF}'
2021-02-24 06:21:09,995 - DEBUG - Output : NAMES
nuthan_test8
nuthan_test2
nuthan_test7
tf_test
scale_test
nuthan_test
2021-02-24 06:21:11,462 - DEBUG - Not creating keypair since it exists
2021-02-24 06:21:11,539 - INFO - Reading existing Domain with UUID f27c063f-c6c4-434f-a616-97e72e0043e5
2021-02-24 06:21:12,114 - INFO - Using existing domain ['admin_domain'](f27c063f-c6c4-434f-a616-97e72e0043e5)
2021-02-24 06:21:12,366 - INFO - Project ctest-FloatingipBasicTestSanity-31507901 not found, creating it
2021-02-24 06:21:12,917 - INFO - Created Project:ctest-FloatingipBasicTestSanity-31507901, ID : 1e4c9b7f-aac9-4618-8e97-5cb1abf10fb5 
2021-02-24 06:21:28,759 - INFO - Using existing project ['admin_domain', 'admin'](6d52ffce-adf6-4a1b-b907-bb9dd95efc70)
2021-02-24 06:21:30,352 - INFO - admin user already present
2021-02-24 06:21:33,557 - INFO - Adding rules to the default security group in Project admin
2021-02-24 06:21:33,924 - INFO - ================================================================================
2021-02-24 06:21:33,924 - INFO - STARTING TEST    : test_floating_ip
2021-02-24 06:21:33,925 - INFO - TEST DESCRIPTION : Test to validate floating-ip Assignment to a VM. It creates a VM, assigns a FIP to it and pings to a IP in the FIP VN.
        
2021-02-24 06:21:35,224 - DEBUG - Requesting: https://192.168.7.19:8085/Snh_AgentXmppConnectionStatusReq?
2021-02-24 06:21:35,247 - DEBUG - Requesting: https://192.168.7.9:8085/Snh_AgentXmppConnectionStatusReq?
2021-02-24 06:21:35,264 - DEBUG - Nothing to compare xmpp stats {'192.168.7.19': {'192.168.27.20': '0', '192.168.27.34': '0'}, '192.168.7.9': {'192.168.27.20': '0', '192.168.27.34': '0'}} with
2021-02-24 06:21:35,264 - INFO - Initial checks done. Running the testcase now
2021-02-24 06:21:35,264 - INFO - 
2021-02-24 06:21:35,329 - DEBUG - Services list from nova: [<Service: 1>, <Service: 3>, <Service: 4>, <Service: 16>]
2021-02-24 06:21:35,329 - DEBUG - Hosts: {'nova': ['nodec9']}
2021-02-24 06:21:38,160 - DEBUG - Response for create_network : {'network': {'status': 'ACTIVE', 'router:external': False, 'subnets': [], 'fq_name': ['admin_domain', 'ctest-FloatingipBasicTestSanity-31507901', 'ctest-fvn-00893368'], 'name': 'ctest-fvn-00893368', 'admin_state_up': True, 'tenant_id': '1e4c9b7faac946188e975cb1abf10fb5', 'created_at': None, 'updated_at': None, 'shared': False, 'port_security_enabled': True, 'project_id': '1e4c9b7faac946188e975cb1abf10fb5', 'id': '8607b221-6d9b-4376-8835-02c2c1546ef7', 'description': ''}}
2021-02-24 06:21:38,673 - DEBUG - Response for create_subnet : {'subnet': {'name': '', 'enable_dhcp': True, 'network_id': '8607b221-6d9b-4376-8835-02c2c1546ef7', 'tenant_id': '1e4c9b7faac946188e975cb1abf10fb5', 'created_at': '2021-02-24T06:21:37.603788', 'dns_nameservers': [], 'updated_at': '2021-02-24T06:21:37.603788', 'ipv6_ra_mode': None, 'allocation_pools': [{'start': '180.17.129.130', 'end': '180.17.129.190'}], 'gateway_ip': '180.17.129.129', 'dns_server_address': '180.17.129.130', 'ipv6_address_mode': None, 'ip_version': 4, 'host_routes': [], 'cidr': '180.17.129.128/26', 'id': 'cef3fa1f-a198-4707-832b-0d1dcf2ab53d'}}
2021-02-24 06:21:38,729 - INFO - Created VN ctest-fvn-00893368
2021-02-24 06:21:38,763 - DEBUG - VN ctest-fvn-00893368 UUID is 8607b221-6d9b-4376-8835-02c2c1546ef7
2021-02-24 06:21:38,951 - DEBUG - Requesting: https://192.168.7.20:8082/domains
2021-02-24 06:21:39,843 - DEBUG - Requesting: https://192.168.7.20:8082/domains
2021-02-24 06:21:39,975 - DEBUG - Requesting: https://192.168.7.20:8082/domain/f27c063f-c6c4-434f-a616-97e72e0043e5
2021-02-24 06:21:40,028 - DEBUG - Requesting: https://192.168.7.20:8082/project/1e4c9b7f-aac9-4618-8e97-5cb1abf10fb5
2021-02-24 06:21:40,093 - DEBUG - Requesting: https://192.168.7.20:8082/virtual-network/8607b221-6d9b-4376-8835-02c2c1546ef7
2021-02-24 06:21:40,123 - DEBUG - Requesting: https://192.168.7.20:8082/virtual-network/8607b221-6d9b-4376-8835-02c2c1546ef7
2021-02-24 06:21:40,150 - DEBUG - Requesting: https://192.168.7.20:8082/routing-instance/6fab9f06-6f98-4cc2-ba33-93351626e467
2021-02-24 06:21:40,175 - DEBUG - Requesting: https://192.168.7.20:8082/routing-instance/6fab9f06-6f98-4cc2-ba33-93351626e467
2021-02-24 06:21:40,200 - DEBUG - Requesting: https://192.168.7.20:8082/route-target/4802ec40-8d49-4c4c-ae39-aad4228c2979
2021-02-24 06:21:40,224 - DEBUG - Route Targets: ['target:64512:8000032']
2021-02-24 06:21:40,225 - DEBUG - Requesting: https://192.168.7.20:8082/virtual-network/8607b221-6d9b-4376-8835-02c2c1546ef7
2021-02-24 06:21:40,255 - DEBUG - Requesting: https://192.168.7.20:8082/routing-instance/6fab9f06-6f98-4cc2-ba33-93351626e467
2021-02-24 06:21:40,301 - INFO - Verified VN network id 44 for VN 8607b221-6d9b-4376-8835-02c2c1546ef7
2021-02-24 06:21:40,302 - INFO - Verifications in API Server for VN ctest-fvn-00893368 passed
2021-02-24 06:21:40,302 - DEBUG - Requesting: https://192.168.7.20:8082/virtual-network/8607b221-6d9b-4376-8835-02c2c1546ef7
2021-02-24 06:21:40,332 - DEBUG - Requesting: https://192.168.7.20:8082/routing-instance/6fab9f06-6f98-4cc2-ba33-93351626e467
2021-02-24 06:21:40,356 - DEBUG - Requesting: https://192.168.7.20:8082/routing-instance/6fab9f06-6f98-4cc2-ba33-93351626e467
2021-02-24 06:21:40,382 - DEBUG - Requesting: https://192.168.7.20:8082/route-target/4802ec40-8d49-4c4c-ae39-aad4228c2979
2021-02-24 06:21:40,406 - DEBUG - Requesting: https://192.168.7.20:8083/Snh_IFMapTableShowReq?table_name=virtual-network&search_string=virtual-network:admin_domain:ctest-FloatingipBasicTestSanity-31507901:ctest-fvn-00893368
2021-02-24 06:21:40,423 - DEBUG - Control-node 192.168.7.20 : VN object is : {'node_name': 'virtual-network:admin_domain:ctest-FloatingipBasicTestSanity-31507901:ctest-fvn-00893368', 'interests': '-', 'advertised': '-', 'dbentryflags': None, 'obj_info': {'sequence_number': '0', 'origin': 'Cassandra', 'data': {'id-perms': {'permissions': {'owner': 'ctest-FloatingipBasicTestSanity-31507901', 'owner-access': '7', 'group': 'admin', 'group-access': '7', 'other-access': '7'}, 'uuid': {'uuid-mslong': '9657883782561874806', 'uuid-lslong': '9814753998414311159'}, 'enable': 'true', 'created': '2021-02-24T06:21:36', 'last-modified': '2021-02-24T06:21:37', 'description': None, 'user-visible': 'true', 'creator': None}}}, 'neighbors': None, 'last_modified': '00:00:01.956633'}
2021-02-24 06:21:40,423 - DEBUG - Requesting: https://192.168.7.20:8083/Snh_ShowRoutingInstanceReq?name=admin_domain:ctest-FloatingipBasicTestSanity-31507901:ctest-fvn-00893368:ctest-fvn-00893368
2021-02-24 06:21:40,443 - DEBUG - Route Targets: ['target:64512:8000032']
2021-02-24 06:21:40,443 - DEBUG - Requesting: https://192.168.7.29:8083/Snh_IFMapTableShowReq?table_name=virtual-network&search_string=virtual-network:admin_domain:ctest-FloatingipBasicTestSanity-31507901:ctest-fvn-00893368
2021-02-24 06:21:40,540 - DEBUG - Control-node 192.168.7.29 : VN object is : {'node_name': 'virtual-network:admin_domain:ctest-FloatingipBasicTestSanity-31507901:ctest-fvn-00893368', 'interests': '-', 'advertised': '-', 'dbentryflags': None, 'obj_info': {'sequence_number': '0', 'origin': 'Cassandra', 'data': {'id-perms': {'permissions': {'owner': 'ctest-FloatingipBasicTestSanity-31507901', 'owner-access': '7', 'group': 'admin', 'group-access': '7', 'other-access': '7'}, 'uuid': {'uuid-mslong': '9657883782561874806', 'uuid-lslong': '9814753998414311159'}, 'enable': 'true', 'created': '2021-02-24T06:21:36', 'last-modified': '2021-02-24T06:21:37', 'description': None, 'user-visible': 'true', 'creator': None}}}, 'neighbors': None, 'last_modified': '00:00:02.072360'}
2021-02-24 06:21:40,540 - DEBUG - Requesting: https://192.168.7.29:8083/Snh_ShowRoutingInstanceReq?name=admin_domain:ctest-FloatingipBasicTestSanity-31507901:ctest-fvn-00893368:ctest-fvn-00893368
2021-02-24 06:21:40,651 - DEBUG - Route Targets: ['target:64512:8000032']
2021-02-24 06:21:40,652 - DEBUG - Requesting: https://192.168.7.34:8083/Snh_IFMapTableShowReq?table_name=virtual-network&search_string=virtual-network:admin_domain:ctest-FloatingipBasicTestSanity-31507901:ctest-fvn-00893368
2021-02-24 06:21:40,672 - DEBUG - Control-node 192.168.7.34 : VN object is : {'node_name': 'virtual-network:admin_domain:ctest-FloatingipBasicTestSanity-31507901:ctest-fvn-00893368', 'interests': '-', 'advertised': '-', 'dbentryflags': None, 'obj_info': {'sequence_number': '0', 'origin': 'Cassandra', 'data': {'id-perms': {'permissions': {'owner': 'ctest-FloatingipBasicTestSanity-31507901', 'owner-access': '7', 'group': 'admin', 'group-access': '7', 'other-access': '7'}, 'uuid': {'uuid-mslong': '9657883782561874806', 'uuid-lslong': '9814753998414311159'}, 'enable': 'true', 'created': '2021-02-24T06:21:36', 'last-modified': '2021-02-24T06:21:37', 'description': None, 'user-visible': 'true', 'creator': None}}}, 'neighbors': None, 'last_modified': '00:00:02.204967'}
2021-02-24 06:21:40,672 - DEBUG - Requesting: https://192.168.7.34:8083/Snh_ShowRoutingInstanceReq?name=admin_domain:ctest-FloatingipBasicTestSanity-31507901:ctest-fvn-00893368:ctest-fvn-00893368
2021-02-24 06:21:40,691 - DEBUG - Route Targets: ['target:64512:8000032']
2021-02-24 06:21:40,692 - INFO - On all control nodes, Config, RI and RT verification for VN ctest-fvn-00893368 passed
2021-02-24 06:21:40,693 - DEBUG - ====Verifying policy data for ctest-fvn-00893368 in API_Server ======
2021-02-24 06:21:40,693 - DEBUG - Requesting: https://192.168.7.20:8082/domains
2021-02-24 06:21:40,717 - DEBUG - Requesting: https://192.168.7.20:8082/domain/f27c063f-c6c4-434f-a616-97e72e0043e5
2021-02-24 06:21:40,763 - DEBUG - Requesting: https://192.168.7.20:8082/project/1e4c9b7f-aac9-4618-8e97-5cb1abf10fb5
2021-02-24 06:21:40,826 - DEBUG - Requesting: https://192.168.7.20:8082/virtual-network/8607b221-6d9b-4376-8835-02c2c1546ef7
2021-02-24 06:21:40,848 - DEBUG - =>VN ctest-fvn-00893368 has no policy to be verified
2021-02-24 06:21:40,848 - DEBUG - Verifying the vn in opserver
2021-02-24 06:21:40,848 - DEBUG - Verifying the admin_domain:ctest-FloatingipBasicTestSanity-31507901:ctest-fvn-00893368 virtual network link  through opserver 192.168.7.20
2021-02-24 06:21:40,849 - DEBUG - Requesting: https://192.168.7.20:8081/analytics/uves/virtual-networks
2021-02-24 06:21:43,063 - DEBUG - Requesting: https://192.168.7.20:8081/analytics/uves/virtual-networks
2021-02-24 06:21:43,442 - DEBUG - vn link and name as {'href': 'https://192.168.7.20:8081/analytics/uves/virtual-network/admin_domain:ctest-FloatingipBasicTestSanity-31507901:ctest-fvn-00893368?flat', 'name': 'admin_domain:ctest-FloatingipBasicTestSanity-31507901:ctest-fvn-00893368'}
2021-02-24 06:21:43,442 - DEBUG - Verifying the admin_domain:ctest-FloatingipBasicTestSanity-31507901:ctest-fvn-00893368 virtual network link  through opserver 192.168.7.29
2021-02-24 06:21:43,442 - DEBUG - Requesting: https://192.168.7.29:8081/analytics/uves/virtual-networks
2021-02-24 06:21:43,999 - DEBUG - Requesting: https://192.168.7.29:8081/analytics/uves/virtual-networks
2021-02-24 06:21:44,300 - DEBUG - vn link and name as {'href': 'https://192.168.7.29:8081/analytics/uves/virtual-network/admin_domain:ctest-FloatingipBasicTestSanity-31507901:ctest-fvn-00893368?flat', 'name': 'admin_domain:ctest-FloatingipBasicTestSanity-31507901:ctest-fvn-00893368'}
2021-02-24 06:21:44,300 - DEBUG - Verifying the admin_domain:ctest-FloatingipBasicTestSanity-31507901:ctest-fvn-00893368 virtual network link  through opserver 192.168.7.34
2021-02-24 06:21:44,301 - DEBUG - Requesting: https://192.168.7.34:8081/analytics/uves/virtual-networks
2021-02-24 06:21:44,902 - DEBUG - Requesting: https://192.168.7.34:8081/analytics/uves/virtual-networks
2021-02-24 06:21:46,774 - DEBUG - vn link and name as {'href': 'https://192.168.7.34:8081/analytics/uves/virtual-network/admin_domain:ctest-FloatingipBasicTestSanity-31507901:ctest-fvn-00893368?flat', 'name': 'admin_domain:ctest-FloatingipBasicTestSanity-31507901:ctest-fvn-00893368'}
2021-02-24 06:21:46,774 - INFO - Validated that VN admin_domain:ctest-FloatingipBasicTestSanity-31507901:ctest-fvn-00893368 is found in opserver
2021-02-24 06:21:46,774 - DEBUG - Requesting: https://192.168.7.19:8085/Snh_VrfListReq?name=admin_domain:ctest-FloatingipBasicTestSanity-31507901:ctest-fvn-00893368:ctest-fvn-00893368
2021-02-24 06:21:46,833 - DEBUG - Requesting: https://192.168.7.9:8085/Snh_VrfListReq?name=admin_domain:ctest-FloatingipBasicTestSanity-31507901:ctest-fvn-00893368:ctest-fvn-00893368
2021-02-24 06:21:46,893 - DEBUG - Requesting: https://192.168.7.19:8085/Snh_VrfListReq?name=admin_domain:ctest-FloatingipBasicTestSanity-31507901:ctest-fvn-00893368:ctest-fvn-00893368
2021-02-24 06:21:46,953 - DEBUG - Requesting: https://192.168.7.9:8085/Snh_VrfListReq?name=admin_domain:ctest-FloatingipBasicTestSanity-31507901:ctest-fvn-00893368:ctest-fvn-00893368
2021-02-24 06:21:47,012 - DEBUG - Do not have enough data to verify VN in agent
2021-02-24 06:21:47,012 - DEBUG - Requesting: https://192.168.7.19:8085/Snh_VrfListReq?name=admin_domain:ctest-FloatingipBasicTestSanity-31507901:ctest-fvn-00893368:ctest-fvn-00893368
2021-02-24 06:21:47,076 - DEBUG - Requesting: https://192.168.7.9:8085/Snh_VrfListReq?name=admin_domain:ctest-FloatingipBasicTestSanity-31507901:ctest-fvn-00893368:ctest-fvn-00893368
2021-02-24 06:21:47,133 - DEBUG - VRF ids for VN ctest-fvn-00893368: {}
2021-02-24 06:21:47,495 - DEBUG - Response for create_network : {'network': {'status': 'ACTIVE', 'router:external': False, 'subnets': [], 'fq_name': ['admin_domain', 'ctest-FloatingipBasicTestSanity-31507901', 'ctest-vn1-36846127'], 'name': 'ctest-vn1-36846127', 'admin_state_up': True, 'tenant_id': '1e4c9b7faac946188e975cb1abf10fb5', 'created_at': None, 'updated_at': None, 'shared': False, 'port_security_enabled': True, 'project_id': '1e4c9b7faac946188e975cb1abf10fb5', 'id': 'db218936-c787-43c3-a838-2b4db7e78851', 'description': ''}}
2021-02-24 06:21:49,316 - DEBUG - Response for create_subnet : {'subnet': {'name': '', 'enable_dhcp': True, 'network_id': 'db218936-c787-43c3-a838-2b4db7e78851', 'tenant_id': '1e4c9b7faac946188e975cb1abf10fb5', 'created_at': '2021-02-24T06:21:49.246123', 'dns_nameservers': [], 'updated_at': '2021-02-24T06:21:49.246123', 'ipv6_ra_mode': None, 'allocation_pools': [{'start': '205.154.64.2', 'end': '205.154.64.62'}], 'gateway_ip': '205.154.64.1', 'dns_server_address': '205.154.64.2', 'ipv6_address_mode': None, 'ip_version': 4, 'host_routes': [], 'cidr': '205.154.64.0/26', 'id': '6c00758e-20dd-4044-89af-2774de132c28'}}
2021-02-24 06:21:49,368 - INFO - Created VN ctest-vn1-36846127
2021-02-24 06:21:49,396 - DEBUG - VN ctest-vn1-36846127 UUID is db218936-c787-43c3-a838-2b4db7e78851
2021-02-24 06:21:49,557 - DEBUG - Requesting: https://192.168.7.20:8082/domains
2021-02-24 06:21:49,579 - DEBUG - Requesting: https://192.168.7.20:8082/domain/f27c063f-c6c4-434f-a616-97e72e0043e5
2021-02-24 06:21:49,621 - DEBUG - Requesting: https://192.168.7.20:8082/project/1e4c9b7f-aac9-4618-8e97-5cb1abf10fb5
2021-02-24 06:21:49,685 - DEBUG - Requesting: https://192.168.7.20:8082/virtual-network/db218936-c787-43c3-a838-2b4db7e78851
2021-02-24 06:21:49,714 - DEBUG - Requesting: https://192.168.7.20:8082/virtual-network/db218936-c787-43c3-a838-2b4db7e78851
2021-02-24 06:21:49,741 - DEBUG - Requesting: https://192.168.7.20:8082/routing-instance/28554f6d-db4c-458d-8e7b-31e2a33e168f
2021-02-24 06:21:49,770 - DEBUG - Requesting: https://192.168.7.20:8082/routing-instance/28554f6d-db4c-458d-8e7b-31e2a33e168f
2021-02-24 06:21:49,797 - DEBUG - Requesting: https://192.168.7.20:8082/route-target/6d258d54-b568-439e-977f-ce8b93be2a82
2021-02-24 06:21:49,820 - DEBUG - Route Targets: ['target:64512:8000034']
2021-02-24 06:21:49,821 - DEBUG - Requesting: https://192.168.7.20:8082/virtual-network/db218936-c787-43c3-a838-2b4db7e78851
2021-02-24 06:21:49,843 - DEBUG - Requesting: https://192.168.7.20:8082/routing-instance/28554f6d-db4c-458d-8e7b-31e2a33e168f
2021-02-24 06:21:49,889 - INFO - Verified VN network id 46 for VN db218936-c787-43c3-a838-2b4db7e78851
2021-02-24 06:21:49,890 - INFO - Verifications in API Server for VN ctest-vn1-36846127 passed
2021-02-24 06:21:49,890 - DEBUG - Requesting: https://192.168.7.20:8082/virtual-network/db218936-c787-43c3-a838-2b4db7e78851
2021-02-24 06:21:49,919 - DEBUG - Requesting: https://192.168.7.20:8082/routing-instance/28554f6d-db4c-458d-8e7b-31e2a33e168f
2021-02-24 06:21:49,943 - DEBUG - Requesting: https://192.168.7.20:8082/routing-instance/28554f6d-db4c-458d-8e7b-31e2a33e168f
2021-02-24 06:21:49,971 - DEBUG - Requesting: https://192.168.7.20:8082/route-target/6d258d54-b568-439e-977f-ce8b93be2a82
2021-02-24 06:21:49,993 - DEBUG - Requesting: https://192.168.7.20:8083/Snh_IFMapTableShowReq?table_name=virtual-network&search_string=virtual-network:admin_domain:ctest-FloatingipBasicTestSanity-31507901:ctest-vn1-36846127
2021-02-24 06:21:50,010 - DEBUG - Control-node 192.168.7.20 : VN object is : {'node_name': 'virtual-network:admin_domain:ctest-FloatingipBasicTestSanity-31507901:ctest-vn1-36846127', 'interests': '-', 'advertised': '-', 'dbentryflags': None, 'obj_info': {'sequence_number': '0', 'origin': 'Cassandra', 'data': {'id-perms': {'permissions': {'owner': 'ctest-FloatingipBasicTestSanity-31507901', 'owner-access': '7', 'group': 'admin', 'group-access': '7', 'other-access': '7'}, 'uuid': {'uuid-mslong': '15790052636906439619', 'uuid-lslong': '12121486009865570385'}, 'enable': 'true', 'created': '2021-02-24T06:21:46', 'last-modified': '2021-02-24T06:21:49', 'description': None, 'user-visible': 'true', 'creator': None}}}, 'neighbors': None, 'last_modified': '00:00:02.317330'}
2021-02-24 06:21:50,011 - DEBUG - Requesting: https://192.168.7.20:8083/Snh_ShowRoutingInstanceReq?name=admin_domain:ctest-FloatingipBasicTestSanity-31507901:ctest-vn1-36846127:ctest-vn1-36846127
2021-02-24 06:21:50,031 - DEBUG - Route Targets: ['target:64512:8000034']
2021-02-24 06:21:50,032 - DEBUG - Requesting: https://192.168.7.29:8083/Snh_IFMapTableShowReq?table_name=virtual-network&search_string=virtual-network:admin_domain:ctest-FloatingipBasicTestSanity-31507901:ctest-vn1-36846127
2021-02-24 06:21:50,127 - DEBUG - Control-node 192.168.7.29 : VN object is : {'node_name': 'virtual-network:admin_domain:ctest-FloatingipBasicTestSanity-31507901:ctest-vn1-36846127', 'interests': '-', 'advertised': '-', 'dbentryflags': None, 'obj_info': {'sequence_number': '0', 'origin': 'Cassandra', 'data': {'id-perms': {'permissions': {'owner': 'ctest-FloatingipBasicTestSanity-31507901', 'owner-access': '7', 'group': 'admin', 'group-access': '7', 'other-access': '7'}, 'uuid': {'uuid-mslong': '15790052636906439619', 'uuid-lslong': '12121486009865570385'}, 'enable': 'true', 'created': '2021-02-24T06:21:46', 'last-modified': '2021-02-24T06:21:49', 'description': None, 'user-visible': 'true', 'creator': None}}}, 'neighbors': None, 'last_modified': '00:00:02.434924'}
2021-02-24 06:21:50,127 - DEBUG - Requesting: https://192.168.7.29:8083/Snh_ShowRoutingInstanceReq?name=admin_domain:ctest-FloatingipBasicTestSanity-31507901:ctest-vn1-36846127:ctest-vn1-36846127
2021-02-24 06:21:50,227 - DEBUG - Route Targets: ['target:64512:8000034']
2021-02-24 06:21:50,228 - DEBUG - Requesting: https://192.168.7.34:8083/Snh_IFMapTableShowReq?table_name=virtual-network&search_string=virtual-network:admin_domain:ctest-FloatingipBasicTestSanity-31507901:ctest-vn1-36846127
2021-02-24 06:21:50,244 - DEBUG - Control-node 192.168.7.34 : VN object is : {'node_name': 'virtual-network:admin_domain:ctest-FloatingipBasicTestSanity-31507901:ctest-vn1-36846127', 'interests': '-', 'advertised': '-', 'dbentryflags': None, 'obj_info': {'sequence_number': '0', 'origin': 'Cassandra', 'data': {'id-perms': {'permissions': {'owner': 'ctest-FloatingipBasicTestSanity-31507901', 'owner-access': '7', 'group': 'admin', 'group-access': '7', 'other-access': '7'}, 'uuid': {'uuid-mslong': '15790052636906439619', 'uuid-lslong': '12121486009865570385'}, 'enable': 'true', 'created': '2021-02-24T06:21:46', 'last-modified': '2021-02-24T06:21:49', 'description': None, 'user-visible': 'true', 'creator': None}}}, 'neighbors': None, 'last_modified': '00:00:02.551819'}
2021-02-24 06:21:50,244 - DEBUG - Requesting: https://192.168.7.34:8083/Snh_ShowRoutingInstanceReq?name=admin_domain:ctest-FloatingipBasicTestSanity-31507901:ctest-vn1-36846127:ctest-vn1-36846127
2021-02-24 06:21:50,264 - DEBUG - Route Targets: ['target:64512:8000034']
2021-02-24 06:21:50,264 - INFO - On all control nodes, Config, RI and RT verification for VN ctest-vn1-36846127 passed
2021-02-24 06:21:50,265 - DEBUG - ====Verifying policy data for ctest-vn1-36846127 in API_Server ======
2021-02-24 06:21:50,265 - DEBUG - Requesting: https://192.168.7.20:8082/domains
2021-02-24 06:21:50,288 - DEBUG - Requesting: https://192.168.7.20:8082/domain/f27c063f-c6c4-434f-a616-97e72e0043e5
2021-02-24 06:21:50,334 - DEBUG - Requesting: https://192.168.7.20:8082/project/1e4c9b7f-aac9-4618-8e97-5cb1abf10fb5
2021-02-24 06:21:50,400 - DEBUG - Requesting: https://192.168.7.20:8082/virtual-network/db218936-c787-43c3-a838-2b4db7e78851
2021-02-24 06:21:50,427 - DEBUG - =>VN ctest-vn1-36846127 has no policy to be verified
2021-02-24 06:21:50,427 - DEBUG - Verifying the vn in opserver
2021-02-24 06:21:50,427 - DEBUG - Verifying the admin_domain:ctest-FloatingipBasicTestSanity-31507901:ctest-vn1-36846127 virtual network link  through opserver 192.168.7.20
2021-02-24 06:21:50,427 - DEBUG - Requesting: https://192.168.7.20:8081/analytics/uves/virtual-networks
2021-02-24 06:21:51,315 - DEBUG - vn link and name as {'href': 'https://192.168.7.20:8081/analytics/uves/virtual-network/admin_domain:ctest-FloatingipBasicTestSanity-31507901:ctest-vn1-36846127?flat', 'name': 'admin_domain:ctest-FloatingipBasicTestSanity-31507901:ctest-vn1-36846127'}
2021-02-24 06:21:51,315 - DEBUG - Verifying the admin_domain:ctest-FloatingipBasicTestSanity-31507901:ctest-vn1-36846127 virtual network link  through opserver 192.168.7.29
2021-02-24 06:21:51,315 - DEBUG - Requesting: https://192.168.7.29:8081/analytics/uves/virtual-networks
2021-02-24 06:21:52,195 - DEBUG - vn link and name as {'href': 'https://192.168.7.29:8081/analytics/uves/virtual-network/admin_domain:ctest-FloatingipBasicTestSanity-31507901:ctest-vn1-36846127?flat', 'name': 'admin_domain:ctest-FloatingipBasicTestSanity-31507901:ctest-vn1-36846127'}
2021-02-24 06:21:52,196 - DEBUG - Verifying the admin_domain:ctest-FloatingipBasicTestSanity-31507901:ctest-vn1-36846127 virtual network link  through opserver 192.168.7.34
2021-02-24 06:21:52,196 - DEBUG - Requesting: https://192.168.7.34:8081/analytics/uves/virtual-networks
2021-02-24 06:21:52,666 - DEBUG - vn link and name as {'href': 'https://192.168.7.34:8081/analytics/uves/virtual-network/admin_domain:ctest-FloatingipBasicTestSanity-31507901:ctest-vn1-36846127?flat', 'name': 'admin_domain:ctest-FloatingipBasicTestSanity-31507901:ctest-vn1-36846127'}
2021-02-24 06:21:52,666 - INFO - Validated that VN admin_domain:ctest-FloatingipBasicTestSanity-31507901:ctest-vn1-36846127 is found in opserver
2021-02-24 06:21:52,667 - DEBUG - Requesting: https://192.168.7.19:8085/Snh_VrfListReq?name=admin_domain:ctest-FloatingipBasicTestSanity-31507901:ctest-vn1-36846127:ctest-vn1-36846127
2021-02-24 06:21:52,728 - DEBUG - Requesting: https://192.168.7.9:8085/Snh_VrfListReq?name=admin_domain:ctest-FloatingipBasicTestSanity-31507901:ctest-vn1-36846127:ctest-vn1-36846127
2021-02-24 06:21:52,788 - DEBUG - Requesting: https://192.168.7.19:8085/Snh_VrfListReq?name=admin_domain:ctest-FloatingipBasicTestSanity-31507901:ctest-vn1-36846127:ctest-vn1-36846127
2021-02-24 06:21:52,848 - DEBUG - Requesting: https://192.168.7.9:8085/Snh_VrfListReq?name=admin_domain:ctest-FloatingipBasicTestSanity-31507901:ctest-vn1-36846127:ctest-vn1-36846127
2021-02-24 06:21:52,912 - DEBUG - Do not have enough data to verify VN in agent
2021-02-24 06:21:52,912 - DEBUG - Requesting: https://192.168.7.19:8085/Snh_VrfListReq?name=admin_domain:ctest-FloatingipBasicTestSanity-31507901:ctest-vn1-36846127:ctest-vn1-36846127
2021-02-24 06:21:52,972 - DEBUG - Requesting: https://192.168.7.9:8085/Snh_VrfListReq?name=admin_domain:ctest-FloatingipBasicTestSanity-31507901:ctest-vn1-36846127:ctest-vn1-36846127
2021-02-24 06:21:53,028 - DEBUG - VRF ids for VN ctest-vn1-36846127: {}
2021-02-24 06:21:58,999 - INFO - VM ([<Server: ctest-vn1_vm1_name-21272864>]) created on node: (nodec9), Zone: (nova:nodec9)
2021-02-24 06:22:00,374 - INFO - VM ([<Server: ctest-fvn_vm1_name-65211715>]) created on node: (nodec9), Zone: (nova:nodec9)
2021-02-24 06:22:00,475 - INFO - Creating Floating IP pool ctest-some-pool-95429213 in API Server
2021-02-24 06:22:00,636 - DEBUG - Requesting: https://192.168.7.20:8082/domains
2021-02-24 06:22:00,655 - DEBUG - Requesting: https://192.168.7.20:8082/domain/f27c063f-c6c4-434f-a616-97e72e0043e5
2021-02-24 06:22:00,704 - DEBUG - Requesting: https://192.168.7.20:8082/project/1e4c9b7f-aac9-4618-8e97-5cb1abf10fb5
2021-02-24 06:22:00,768 - DEBUG - Requesting: https://192.168.7.20:8082/virtual-network/8607b221-6d9b-4376-8835-02c2c1546ef7
2021-02-24 06:22:00,799 - DEBUG - Requesting: https://192.168.7.20:8082/floating-ip-pool/9c6f0a94-d4ee-41ab-94f9-01e2c90f08bd
2021-02-24 06:22:00,823 - DEBUG - Requesting: https://192.168.7.20:8082/domains
2021-02-24 06:22:00,844 - DEBUG - Requesting: https://192.168.7.20:8082/domain/f27c063f-c6c4-434f-a616-97e72e0043e5
2021-02-24 06:22:00,889 - DEBUG - Requesting: https://192.168.7.20:8082/project/1e4c9b7f-aac9-4618-8e97-5cb1abf10fb5
2021-02-24 06:22:00,951 - DEBUG - Requesting: https://192.168.7.20:8082/virtual-network/8607b221-6d9b-4376-8835-02c2c1546ef7
2021-02-24 06:22:00,976 - DEBUG - FIP Pool ctest-some-pool-95429213 found in API Server
2021-02-24 06:22:00,976 - INFO - Verification for FIP pool ctest-some-pool-95429213 in API Server passed
2021-02-24 06:22:00,995 - DEBUG - Requesting: https://192.168.7.20:8083/Snh_IFMapTableShowReq?table_name=floating-ip-pool&search_string=floating-ip-pool:admin_domain:ctest-FloatingipBasicTestSanity-31507901:ctest-fvn-00893368:ctest-some-pool-95429213
2021-02-24 06:22:01,012 - DEBUG - Control-node Ifmap-view has FIP pool ctest-some-pool-95429213 information
2021-02-24 06:22:01,012 - DEBUG - Requesting: https://192.168.7.29:8083/Snh_IFMapTableShowReq?table_name=floating-ip-pool&search_string=floating-ip-pool:admin_domain:ctest-FloatingipBasicTestSanity-31507901:ctest-fvn-00893368:ctest-some-pool-95429213
2021-02-24 06:22:01,108 - DEBUG - Control-node Ifmap-view has FIP pool ctest-some-pool-95429213 information
2021-02-24 06:22:01,108 - DEBUG - Requesting: https://192.168.7.34:8083/Snh_IFMapTableShowReq?table_name=floating-ip-pool&search_string=floating-ip-pool:admin_domain:ctest-FloatingipBasicTestSanity-31507901:ctest-fvn-00893368:ctest-some-pool-95429213
2021-02-24 06:22:01,128 - DEBUG - Control-node Ifmap-view has FIP pool ctest-some-pool-95429213 information
2021-02-24 06:22:01,128 - INFO - Verification for FIP pool ctest-some-pool-95429213 in Control-node passed
2021-02-24 06:22:01,128 - INFO - Waiting for VM ctest-vn1_vm1_name-21272864 to be up..
2021-02-24 06:22:01,235 - DEBUG - VM <Server: ctest-vn1_vm1_name-21272864> is still in BUILD state, Expected: ACTIVE
2021-02-24 06:22:06,388 - DEBUG - VM <Server: ctest-vn1_vm1_name-21272864> is still in BUILD state, Expected: ACTIVE
2021-02-24 06:22:11,636 - DEBUG - VM <Server: ctest-vn1_vm1_name-21272864> is still in BUILD state, Expected: ACTIVE
2021-02-24 06:22:17,038 - DEBUG - VM <Server: ctest-vn1_vm1_name-21272864> is still in BUILD state, Expected: ACTIVE
2021-02-24 06:22:22,249 - DEBUG - VM <Server: ctest-vn1_vm1_name-21272864> is still in BUILD state, Expected: ACTIVE
2021-02-24 06:22:27,461 - DEBUG - VM <Server: ctest-vn1_vm1_name-21272864> is in ACTIVE state now
2021-02-24 06:22:27,461 - INFO - VM name : ctest-vn1_vm1_name-21272864
2021-02-24 06:22:27,667 - DEBUG - VM ctest-vn1_vm1_name-21272864 ID is 03a92c84-9db5-4892-a621-fbe3f2f59c69
2021-02-24 06:22:27,706 - DEBUG - VM ctest-vn1_vm1_name-21272864 launched on Node nodec9.maas
2021-02-24 06:22:27,906 - DEBUG - Requesting: https://192.168.7.34:8082/virtual-machine/03a92c84-9db5-4892-a621-fbe3f2f59c69
2021-02-24 06:22:29,639 - DEBUG - Requesting: https://192.168.7.34:8082/virtual-machine/03a92c84-9db5-4892-a621-fbe3f2f59c69
2021-02-24 06:22:30,352 - DEBUG - Requesting: https://192.168.7.34:8082/virtual-machine-interface/fea87f8f-cc3a-468a-b0d8-18774e8dd0de
2021-02-24 06:22:30,378 - DEBUG - Requesting: https://192.168.7.9:8085/Snh_PageReq?x=begin:-1,end:-1,table:db.interface.0,uuid:fea87f8f-cc3a-468a-b0d8-18774e8dd0de
2021-02-24 06:22:30,433 - DEBUG - Requesting: https://192.168.7.9:8085/Snh_VrfListReq?name=admin_domain:ctest-FloatingipBasicTestSanity-31507901:ctest-vn1-36846127:ctest-vn1-36846127
2021-02-24 06:22:30,488 - DEBUG - Requesting: https://192.168.7.9:8085/Snh_PageReq?x=begin:-1,end:-1,table:db.interface.0,uuid:fea87f8f-cc3a-468a-b0d8-18774e8dd0de
2021-02-24 06:22:33,600 - DEBUG - (True, 'PING 169.254.0.3 (169.254.0.3) 56(84) bytes of data.\r\n\r\n--- 169.254.0.3 ping statistics ---\r\n2 packets transmitted, 0 received, 100% packet loss, time 1020ms')
2021-02-24 06:22:33,601 - DEBUG - Ping to Metadata IP 169.254.0.3 of VM ctest-vn1_vm1_name-21272864 failed!
2021-02-24 06:22:33,638 - DEBUG - Gateway for vn admin_domain:ctest-FloatingipBasicTestSanity-31507901:ctest-vn1-36846127 is 205.154.64.1 and allocation pool is NOT set
2021-02-24 06:22:37,696 - DEBUG - (True, 'PING 169.254.0.3 (169.254.0.3) 56(84) bytes of data.\r\n\r\n--- 169.254.0.3 ping statistics ---\r\n2 packets transmitted, 0 received, 100% packet loss, time 1032ms')
2021-02-24 06:22:37,696 - DEBUG - Ping to Metadata IP 169.254.0.3 of VM ctest-vn1_vm1_name-21272864 failed!
2021-02-24 06:22:37,730 - DEBUG - Gateway for vn admin_domain:ctest-FloatingipBasicTestSanity-31507901:ctest-vn1-36846127 is 205.154.64.1 and allocation pool is NOT set
2021-02-24 06:22:41,762 - DEBUG - (True, 'PING 169.254.0.3 (169.254.0.3) 56(84) bytes of data.\r\n\r\n--- 169.254.0.3 ping statistics ---\r\n2 packets transmitted, 0 received, 100% packet loss, time 1000ms')
2021-02-24 06:22:41,762 - DEBUG - Ping to Metadata IP 169.254.0.3 of VM ctest-vn1_vm1_name-21272864 failed!
2021-02-24 06:22:41,806 - DEBUG - Gateway for vn admin_domain:ctest-FloatingipBasicTestSanity-31507901:ctest-vn1-36846127 is 205.154.64.1 and allocation pool is NOT set
2021-02-24 06:22:45,859 - DEBUG - (True, 'PING 169.254.0.3 (169.254.0.3) 56(84) bytes of data.\r\n\r\n--- 169.254.0.3 ping statistics ---\r\n2 packets transmitted, 0 received, 100% packet loss, time 1024ms')
2021-02-24 06:22:45,860 - DEBUG - Ping to Metadata IP 169.254.0.3 of VM ctest-vn1_vm1_name-21272864 failed!
2021-02-24 06:22:45,896 - DEBUG - Gateway for vn admin_domain:ctest-FloatingipBasicTestSanity-31507901:ctest-vn1-36846127 is 205.154.64.1 and allocation pool is NOT set
2021-02-24 06:22:49,956 - DEBUG - (True, 'PING 169.254.0.3 (169.254.0.3) 56(84) bytes of data.\r\n\r\n--- 169.254.0.3 ping statistics ---\r\n2 packets transmitted, 0 received, 100% packet loss, time 1031ms')
2021-02-24 06:22:49,957 - DEBUG - Ping to Metadata IP 169.254.0.3 of VM ctest-vn1_vm1_name-21272864 failed!
2021-02-24 06:22:49,985 - DEBUG - Gateway for vn admin_domain:ctest-FloatingipBasicTestSanity-31507901:ctest-vn1-36846127 is 205.154.64.1 and allocation pool is NOT set
2021-02-24 06:22:54,017 - DEBUG - (True, 'PING 169.254.0.3 (169.254.0.3) 56(84) bytes of data.\r\n\r\n--- 169.254.0.3 ping statistics ---\r\n2 packets transmitted, 0 received, 100% packet loss, time 1005ms')
2021-02-24 06:22:54,017 - DEBUG - Ping to Metadata IP 169.254.0.3 of VM ctest-vn1_vm1_name-21272864 failed!
2021-02-24 06:22:54,053 - DEBUG - Gateway for vn admin_domain:ctest-FloatingipBasicTestSanity-31507901:ctest-vn1-36846127 is 205.154.64.1 and allocation pool is NOT set
2021-02-24 06:22:58,083 - DEBUG - (True, 'PING 169.254.0.3 (169.254.0.3) 56(84) bytes of data.\r\n\r\n--- 169.254.0.3 ping statistics ---\r\n2 packets transmitted, 0 received, 100% packet loss, time 1000ms')
2021-02-24 06:22:58,083 - DEBUG - Ping to Metadata IP 169.254.0.3 of VM ctest-vn1_vm1_name-21272864 failed!
2021-02-24 06:22:58,122 - DEBUG - Gateway for vn admin_domain:ctest-FloatingipBasicTestSanity-31507901:ctest-vn1-36846127 is 205.154.64.1 and allocation pool is NOT set
2021-02-24 06:23:02,179 - DEBUG - (True, 'PING 169.254.0.3 (169.254.0.3) 56(84) bytes of data.\r\n\r\n--- 169.254.0.3 ping statistics ---\r\n2 packets transmitted, 0 received, 100% packet loss, time 1023ms')
2021-02-24 06:23:02,179 - DEBUG - Ping to Metadata IP 169.254.0.3 of VM ctest-vn1_vm1_name-21272864 failed!
2021-02-24 06:23:02,212 - DEBUG - Gateway for vn admin_domain:ctest-FloatingipBasicTestSanity-31507901:ctest-vn1-36846127 is 205.154.64.1 and allocation pool is NOT set
2021-02-24 06:23:06,245 - DEBUG - (True, 'PING 169.254.0.3 (169.254.0.3) 56(84) bytes of data.\r\n\r\n--- 169.254.0.3 ping statistics ---\r\n2 packets transmitted, 0 received, 100% packet loss, time 1002ms')
2021-02-24 06:23:06,245 - DEBUG - Ping to Metadata IP 169.254.0.3 of VM ctest-vn1_vm1_name-21272864 failed!
2021-02-24 06:23:06,279 - DEBUG - Gateway for vn admin_domain:ctest-FloatingipBasicTestSanity-31507901:ctest-vn1-36846127 is 205.154.64.1 and allocation pool is NOT set
2021-02-24 06:23:10,345 - DEBUG - (True, 'PING 169.254.0.3 (169.254.0.3) 56(84) bytes of data.\r\n\r\n--- 169.254.0.3 ping statistics ---\r\n2 packets transmitted, 0 received, 100% packet loss, time 1035ms')
2021-02-24 06:23:10,345 - DEBUG - Ping to Metadata IP 169.254.0.3 of VM ctest-vn1_vm1_name-21272864 failed!
2021-02-24 06:23:10,386 - DEBUG - Gateway for vn admin_domain:ctest-FloatingipBasicTestSanity-31507901:ctest-vn1-36846127 is 205.154.64.1 and allocation pool is NOT set
2021-02-24 06:23:14,433 - DEBUG - (True, 'PING 169.254.0.3 (169.254.0.3) 56(84) bytes of data.\r\n\r\n--- 169.254.0.3 ping statistics ---\r\n2 packets transmitted, 0 received, 100% packet loss, time 1020ms')
2021-02-24 06:23:14,433 - DEBUG - Ping to Metadata IP 169.254.0.3 of VM ctest-vn1_vm1_name-21272864 failed!
2021-02-24 06:23:14,468 - DEBUG - Gateway for vn admin_domain:ctest-FloatingipBasicTestSanity-31507901:ctest-vn1-36846127 is 205.154.64.1 and allocation pool is NOT set
2021-02-24 06:23:18,496 - DEBUG - (True, 'PING 169.254.0.3 (169.254.0.3) 56(84) bytes of data.\r\n\r\n--- 169.254.0.3 ping statistics ---\r\n2 packets transmitted, 0 received, 100% packet loss, time 1002ms')
2021-02-24 06:23:18,496 - DEBUG - Ping to Metadata IP 169.254.0.3 of VM ctest-vn1_vm1_name-21272864 failed!
2021-02-24 06:23:18,529 - DEBUG - Gateway for vn admin_domain:ctest-FloatingipBasicTestSanity-31507901:ctest-vn1-36846127 is 205.154.64.1 and allocation pool is NOT set
2021-02-24 06:23:22,560 - DEBUG - (True, 'PING 169.254.0.3 (169.254.0.3) 56(84) bytes of data.\r\n\r\n--- 169.254.0.3 ping statistics ---\r\n2 packets transmitted, 0 received, 100% packet loss, time 1003ms')
2021-02-24 06:23:22,560 - DEBUG - Ping to Metadata IP 169.254.0.3 of VM ctest-vn1_vm1_name-21272864 failed!
2021-02-24 06:23:22,594 - DEBUG - Gateway for vn admin_domain:ctest-FloatingipBasicTestSanity-31507901:ctest-vn1-36846127 is 205.154.64.1 and allocation pool is NOT set
2021-02-24 06:23:26,625 - DEBUG - (True, 'PING 169.254.0.3 (169.254.0.3) 56(84) bytes of data.\r\n\r\n--- 169.254.0.3 ping statistics ---\r\n2 packets transmitted, 0 received, 100% packet loss, time 1005ms')
2021-02-24 06:23:26,625 - DEBUG - Ping to Metadata IP 169.254.0.3 of VM ctest-vn1_vm1_name-21272864 failed!
2021-02-24 06:23:26,656 - DEBUG - Gateway for vn admin_domain:ctest-FloatingipBasicTestSanity-31507901:ctest-vn1-36846127 is 205.154.64.1 and allocation pool is NOT set
2021-02-24 06:23:30,691 - DEBUG - (True, 'PING 169.254.0.3 (169.254.0.3) 56(84) bytes of data.\r\n\r\n--- 169.254.0.3 ping statistics ---\r\n2 packets transmitted, 0 received, 100% packet loss, time 1005ms')
2021-02-24 06:23:30,691 - DEBUG - Ping to Metadata IP 169.254.0.3 of VM ctest-vn1_vm1_name-21272864 failed!
2021-02-24 06:23:30,727 - DEBUG - Gateway for vn admin_domain:ctest-FloatingipBasicTestSanity-31507901:ctest-vn1-36846127 is 205.154.64.1 and allocation pool is NOT set
2021-02-24 06:23:34,788 - DEBUG - (True, 'PING 169.254.0.3 (169.254.0.3) 56(84) bytes of data.\r\n\r\n--- 169.254.0.3 ping statistics ---\r\n2 packets transmitted, 0 received, 100% packet loss, time 1025ms')
2021-02-24 06:23:34,789 - DEBUG - Ping to Metadata IP 169.254.0.3 of VM ctest-vn1_vm1_name-21272864 failed!
2021-02-24 06:23:34,820 - DEBUG - Gateway for vn admin_domain:ctest-FloatingipBasicTestSanity-31507901:ctest-vn1-36846127 is 205.154.64.1 and allocation pool is NOT set
2021-02-24 06:23:36,866 - DEBUG - (True, 'PING 169.254.0.3 (169.254.0.3) 56(84) bytes of data.\r\n64 bytes from 169.254.0.3: icmp_seq=1 ttl=63 time=3.46 ms\r\n64 bytes from 169.254.0.3: icmp_seq=2 ttl=63 time=2.62 ms\r\n\r\n--- 169.254.0.3 ping statistics ---\r\n2 packets transmitted, 2 received, 0% packet loss, time 1001ms\r\nrtt min/avg/max/mdev = 2.620/3.041/3.462/0.421 ms')
2021-02-24 06:23:36,866 - INFO - Ping to Metadata IP 169.254.0.3 of VM ctest-vn1_vm1_name-21272864 passed
2021-02-24 06:23:36,923 - DEBUG - verify_vm_launched is skipped since self.vm_launch_flag is set
2021-02-24 06:23:36,923 - DEBUG - Waiting to SSH to VM ctest-vn1_vm1_name-21272864, IP 205.154.64.3, Port 22
2021-02-24 06:23:36,961 - DEBUG - Error on ssh to ubuntu@169.254.0.3:22, result: /bin/bash: connect: Connection refused
/bin/bash: /dev/tcp/169.254.0.3/22: Connection refused {'failed': True, 'command': '(echo > /dev/tcp/169.254.0.3/22)', 'real_command': '/bin/bash -l -c "(echo > /dev/tcp/169.254.0.3/22)"', 'return_code': 1, 'succeeded': False, 'stderr': ''}
2021-02-24 06:23:37,160 - DEBUG - VM ctest-vn1_vm1_name-21272864 is NOT ready for SSH connections, VM status: ACTIVE
2021-02-24 06:23:42,160 - DEBUG - verify_vm_launched is skipped since self.vm_launch_flag is set
2021-02-24 06:23:42,161 - DEBUG - Waiting to SSH to VM ctest-vn1_vm1_name-21272864, IP 205.154.64.3, Port 22
2021-02-24 06:23:42,200 - DEBUG - Error on ssh to ubuntu@169.254.0.3:22, result: /bin/bash: connect: Connection refused
/bin/bash: /dev/tcp/169.254.0.3/22: Connection refused {'failed': True, 'command': '(echo > /dev/tcp/169.254.0.3/22)', 'real_command': '/bin/bash -l -c "(echo > /dev/tcp/169.254.0.3/22)"', 'return_code': 1, 'succeeded': False, 'stderr': ''}
2021-02-24 06:23:42,403 - DEBUG - VM ctest-vn1_vm1_name-21272864 is NOT ready for SSH connections, VM status: ACTIVE
2021-02-24 06:23:47,404 - DEBUG - verify_vm_launched is skipped since self.vm_launch_flag is set
2021-02-24 06:23:47,405 - DEBUG - Waiting to SSH to VM ctest-vn1_vm1_name-21272864, IP 205.154.64.3, Port 22
2021-02-24 06:23:47,431 - DEBUG - Error on ssh to ubuntu@169.254.0.3:22, result: /bin/bash: connect: Connection refused
/bin/bash: /dev/tcp/169.254.0.3/22: Connection refused {'failed': True, 'command': '(echo > /dev/tcp/169.254.0.3/22)', 'real_command': '/bin/bash -l -c "(echo > /dev/tcp/169.254.0.3/22)"', 'return_code': 1, 'succeeded': False, 'stderr': ''}
2021-02-24 06:23:47,635 - DEBUG - VM ctest-vn1_vm1_name-21272864 is NOT ready for SSH connections, VM status: ACTIVE
2021-02-24 06:23:52,636 - DEBUG - verify_vm_launched is skipped since self.vm_launch_flag is set
2021-02-24 06:23:52,636 - DEBUG - Waiting to SSH to VM ctest-vn1_vm1_name-21272864, IP 205.154.64.3, Port 22
2021-02-24 06:23:52,674 - DEBUG - Error on ssh to ubuntu@169.254.0.3:22, result: /bin/bash: connect: Connection refused
/bin/bash: /dev/tcp/169.254.0.3/22: Connection refused {'failed': True, 'command': '(echo > /dev/tcp/169.254.0.3/22)', 'real_command': '/bin/bash -l -c "(echo > /dev/tcp/169.254.0.3/22)"', 'return_code': 1, 'succeeded': False, 'stderr': ''}
2021-02-24 06:23:52,877 - DEBUG - VM ctest-vn1_vm1_name-21272864 is NOT ready for SSH connections, VM status: ACTIVE
2021-02-24 06:23:57,878 - DEBUG - verify_vm_launched is skipped since self.vm_launch_flag is set
2021-02-24 06:23:57,878 - DEBUG - Waiting to SSH to VM ctest-vn1_vm1_name-21272864, IP 205.154.64.3, Port 22
2021-02-24 06:23:57,916 - DEBUG - Error on ssh to ubuntu@169.254.0.3:22, result: /bin/bash: connect: Connection refused
/bin/bash: /dev/tcp/169.254.0.3/22: Connection refused {'failed': True, 'command': '(echo > /dev/tcp/169.254.0.3/22)', 'real_command': '/bin/bash -l -c "(echo > /dev/tcp/169.254.0.3/22)"', 'return_code': 1, 'succeeded': False, 'stderr': ''}
2021-02-24 06:23:58,115 - DEBUG - VM ctest-vn1_vm1_name-21272864 is NOT ready for SSH connections, VM status: ACTIVE
2021-02-24 06:24:03,115 - DEBUG - verify_vm_launched is skipped since self.vm_launch_flag is set
2021-02-24 06:24:03,116 - DEBUG - Waiting to SSH to VM ctest-vn1_vm1_name-21272864, IP 205.154.64.3, Port 22
2021-02-24 06:24:03,154 - DEBUG - Error on ssh to ubuntu@169.254.0.3:22, result: /bin/bash: connect: Connection refused
/bin/bash: /dev/tcp/169.254.0.3/22: Connection refused {'failed': True, 'command': '(echo > /dev/tcp/169.254.0.3/22)', 'real_command': '/bin/bash -l -c "(echo > /dev/tcp/169.254.0.3/22)"', 'return_code': 1, 'succeeded': False, 'stderr': ''}
2021-02-24 06:24:03,356 - DEBUG - VM ctest-vn1_vm1_name-21272864 is NOT ready for SSH connections, VM status: ACTIVE
2021-02-24 06:24:08,357 - DEBUG - verify_vm_launched is skipped since self.vm_launch_flag is set
2021-02-24 06:24:08,357 - DEBUG - Waiting to SSH to VM ctest-vn1_vm1_name-21272864, IP 205.154.64.3, Port 22
2021-02-24 06:24:08,394 - DEBUG - Error on ssh to ubuntu@169.254.0.3:22, result: /bin/bash: connect: Connection refused
/bin/bash: /dev/tcp/169.254.0.3/22: Connection refused {'failed': True, 'command': '(echo > /dev/tcp/169.254.0.3/22)', 'real_command': '/bin/bash -l -c "(echo > /dev/tcp/169.254.0.3/22)"', 'return_code': 1, 'succeeded': False, 'stderr': ''}
2021-02-24 06:24:08,616 - DEBUG - VM ctest-vn1_vm1_name-21272864 is NOT ready for SSH connections, VM status: ACTIVE
2021-02-24 06:24:13,617 - DEBUG - verify_vm_launched is skipped since self.vm_launch_flag is set
2021-02-24 06:24:13,617 - DEBUG - Waiting to SSH to VM ctest-vn1_vm1_name-21272864, IP 205.154.64.3, Port 22
2021-02-24 06:24:13,656 - DEBUG - Error on ssh to ubuntu@169.254.0.3:22, result: /bin/bash: connect: Connection refused
/bin/bash: /dev/tcp/169.254.0.3/22: Connection refused {'failed': True, 'command': '(echo > /dev/tcp/169.254.0.3/22)', 'real_command': '/bin/bash -l -c "(echo > /dev/tcp/169.254.0.3/22)"', 'return_code': 1, 'succeeded': False, 'stderr': ''}
2021-02-24 06:24:13,862 - DEBUG - VM ctest-vn1_vm1_name-21272864 is NOT ready for SSH connections, VM status: ACTIVE
2021-02-24 06:24:18,863 - DEBUG - verify_vm_launched is skipped since self.vm_launch_flag is set
2021-02-24 06:24:18,863 - DEBUG - Waiting to SSH to VM ctest-vn1_vm1_name-21272864, IP 205.154.64.3, Port 22
2021-02-24 06:24:18,901 - DEBUG - Error on ssh to ubuntu@169.254.0.3:22, result: /bin/bash: connect: Connection refused
/bin/bash: /dev/tcp/169.254.0.3/22: Connection refused {'failed': True, 'command': '(echo > /dev/tcp/169.254.0.3/22)', 'real_command': '/bin/bash -l -c "(echo > /dev/tcp/169.254.0.3/22)"', 'return_code': 1, 'succeeded': False, 'stderr': ''}
2021-02-24 06:24:19,118 - DEBUG - VM ctest-vn1_vm1_name-21272864 is NOT ready for SSH connections, VM status: ACTIVE
2021-02-24 06:24:24,120 - DEBUG - verify_vm_launched is skipped since self.vm_launch_flag is set
2021-02-24 06:24:24,120 - DEBUG - Waiting to SSH to VM ctest-vn1_vm1_name-21272864, IP 205.154.64.3, Port 22
2021-02-24 06:24:24,159 - DEBUG - Error on ssh to ubuntu@169.254.0.3:22, result: /bin/bash: connect: Connection refused
/bin/bash: /dev/tcp/169.254.0.3/22: Connection refused {'failed': True, 'command': '(echo > /dev/tcp/169.254.0.3/22)', 'real_command': '/bin/bash -l -c "(echo > /dev/tcp/169.254.0.3/22)"', 'return_code': 1, 'succeeded': False, 'stderr': ''}
2021-02-24 06:24:24,366 - DEBUG - VM ctest-vn1_vm1_name-21272864 is NOT ready for SSH connections, VM status: ACTIVE
2021-02-24 06:24:29,367 - DEBUG - verify_vm_launched is skipped since self.vm_launch_flag is set
2021-02-24 06:24:29,367 - DEBUG - Waiting to SSH to VM ctest-vn1_vm1_name-21272864, IP 205.154.64.3, Port 22
2021-02-24 06:24:29,495 - DEBUG - VM ctest-vn1_vm1_name-21272864 is ready for SSH connections
2021-02-24 06:24:29,733 - DEBUG - Created Floating IP : ('180.17.129.131', 'd9340184-c3a5-4acc-9c8c-9def6eeaa4ba')
2021-02-24 06:24:29,733 - DEBUG - Associating FIP 180.17.129.131 to 03a92c84-9db5-4892-a621-fbe3f2f59c69
2021-02-24 06:24:29,802 - DEBUG - Associating FIP ID d9340184-c3a5-4acc-9c8c-9def6eeaa4ba with Port ID fea87f8f-cc3a-468a-b0d8-18774e8dd0de
2021-02-24 06:24:29,943 - INFO - Waiting for VM ctest-fvn_vm1_name-65211715 to be up..
2021-02-24 06:24:30,084 - DEBUG - VM <Server: ctest-fvn_vm1_name-65211715> is in ERROR state now
2021-02-24 06:24:30,085 - ERROR - VM in error state.
2021-02-24 06:24:30,085 - ERROR - VM is not in ACTIVE state
2021-02-24 06:24:30,296 - ERROR - Fatal Nova Exception while getting VM detail
2021-02-24 06:24:30,297 - DEBUG - None
2021-02-24 06:24:30,314 - INFO - Deleting the FIP pool ctest-some-pool-95429213
2021-02-24 06:24:30,386 - INFO - Deleting VM ctest-fvn_vm1_name-65211715
2021-02-24 06:24:30,386 - ERROR - VM ctest-fvn_vm1_name-65211715 has failed to come up
2021-02-24 06:24:30,387 - ERROR - Fault seen in nova show <vm-uuid> is:  {'message': 'No valid host was found. There are not enough hosts available.', 'code': 500, 'details': 'Traceback (most recent call last):\n  File "/usr/lib/python2.7/dist-packages/nova/conductor/manager.py", line 1165, in schedule_and_build_instances\n    instance_uuids, return_alternates=True)\n  File "/usr/lib/python2.7/dist-packages/nova/conductor/manager.py", line 760, in _schedule_instances\n    return_alternates=return_alternates)\n  File "/usr/lib/python2.7/dist-packages/nova/scheduler/utils.py", line 793, in wrapped\n    return func(*args, **kwargs)\n  File "/usr/lib/python2.7/dist-packages/nova/scheduler/client/__init__.py", line 53, in select_destinations\n    instance_uuids, return_objects, return_alternates)\n  File "/usr/lib/python2.7/dist-packages/nova/scheduler/client/__init__.py", line 37, in __run_method\n    return getattr(self.instance, __name)(*args, **kwargs)\n  File "/usr/lib/python2.7/dist-packages/nova/scheduler/client/query.py", line 42, in select_destinations\n    instance_uuids, return_objects, return_alternates)\n  File "/usr/lib/python2.7/dist-packages/nova/scheduler/rpcapi.py", line 158, in select_destinations\n    return cctxt.call(ctxt, \'select_destinations\', **msg_args)\n  File "/usr/lib/python2.7/dist-packages/oslo_messaging/rpc/client.py", line 174, in call\n    retry=self.retry)\n  File "/usr/lib/python2.7/dist-packages/oslo_messaging/transport.py", line 131, in _send\n    timeout=timeout, retry=retry)\n  File "/usr/lib/python2.7/dist-packages/oslo_messaging/_drivers/amqpdriver.py", line 559, in send\n    retry=retry)\n  File "/usr/lib/python2.7/dist-packages/oslo_messaging/_drivers/amqpdriver.py", line 550, in _send\n    raise result\nNoValidHost_Remote: No valid host was found. There are not enough hosts available.\nTraceback (most recent call last):\n\n  File "/usr/lib/python2.7/dist-packages/oslo_messaging/rpc/server.py", line 226, in inner\n    return func(*args, **kwargs)\n\n  File "/usr/lib/python2.7/dist-packages/nova/scheduler/manager.py", line 154, in select_destinations\n    allocation_request_version, return_alternates)\n\n  File "/usr/lib/python2.7/dist-packages/nova/scheduler/filter_scheduler.py", line 91, in select_destinations\n    allocation_request_version, return_alternates)\n\n  File "/usr/lib/python2.7/dist-packages/nova/scheduler/filter_scheduler.py", line 244, in _schedule\n    claimed_instance_uuids)\n\n  File "/usr/lib/python2.7/dist-packages/nova/scheduler/filter_scheduler.py", line 281, in _ensure_sufficient_hosts\n    raise exception.NoValidHost(reason=reason)\n\nNoValidHost: No valid host was found. There are not enough hosts available.\n\n', 'created': '2021-02-24T06:22:02Z'}
2021-02-24 06:24:30,389 - INFO - Deleting VM ctest-vn1_vm1_name-21272864
2021-02-24 06:24:30,683 - INFO - Deleting VN ctest-vn1-36846127 
2021-02-24 06:24:30,778 - DEBUG - VN db218936-c787-43c3-a838-2b4db7e78851 still in use: Unable to complete operation on network db218936-c787-43c3-a838-2b4db7e78851. There are one or more ports still in use on the network.
Neutron server returns request_ids: ['req-a6d73525-07fe-4ab3-a50a-4dd8ee6736fa']
2021-02-24 06:24:30,778 - WARNING - Deleting VN ctest-vn1-36846127 failed..Will retry
2021-02-24 06:24:33,072 - DEBUG - Response for deleting network ()
2021-02-24 06:24:33,072 - DEBUG - Requesting: https://192.168.7.20:8082/routing-instance/28554f6d-db4c-458d-8e7b-31e2a33e168f
2021-02-24 06:24:33,095 - DEBUG - Response Code: 404
2021-02-24 06:24:33,095 - DEBUG - Requesting: https://192.168.7.20:8082/domains
2021-02-24 06:24:33,117 - DEBUG - Requesting: https://192.168.7.20:8082/domain/f27c063f-c6c4-434f-a616-97e72e0043e5
2021-02-24 06:24:33,162 - DEBUG - Requesting: https://192.168.7.20:8082/project/1e4c9b7f-aac9-4618-8e97-5cb1abf10fb5
2021-02-24 06:24:33,221 - INFO - Validated that VN ctest-vn1-36846127 is not found in API Server
2021-02-24 06:24:33,221 - DEBUG - Requesting: https://192.168.7.19:8085/Snh_VnListReq?name=admin_domain:ctest-FloatingipBasicTestSanity-31507901:ctest-vn1-36846127
2021-02-24 06:24:33,280 - DEBUG - Requesting: https://192.168.7.19:8085/Snh_VrfListReq?name=admin_domain:ctest-FloatingipBasicTestSanity-31507901:ctest-vn1-36846127:ctest-vn1-36846127
2021-02-24 06:24:33,341 - DEBUG - VN ctest-vn1-36846127 is not present in Agent 192.168.7.19 
2021-02-24 06:24:33,341 - DEBUG - Requesting: https://192.168.7.9:8085/Snh_VnListReq?name=admin_domain:ctest-FloatingipBasicTestSanity-31507901:ctest-vn1-36846127
2021-02-24 06:24:33,400 - DEBUG - Requesting: https://192.168.7.9:8085/Snh_VrfListReq?name=admin_domain:ctest-FloatingipBasicTestSanity-31507901:ctest-vn1-36846127:ctest-vn1-36846127
2021-02-24 06:24:33,469 - DEBUG - VN ctest-vn1-36846127 is not present in Agent 192.168.7.9 
2021-02-24 06:24:33,470 - INFO - Validated that VN ctest-vn1-36846127 is not in any agent
2021-02-24 06:24:33,470 - DEBUG - Requesting: https://192.168.7.19:8085/Snh_VrfListReq?name=admin_domain:ctest-FloatingipBasicTestSanity-31507901:ctest-vn1-36846127:ctest-vn1-36846127
2021-02-24 06:24:33,528 - DEBUG - Requesting: https://192.168.7.9:8085/Snh_VrfListReq?name=admin_domain:ctest-FloatingipBasicTestSanity-31507901:ctest-vn1-36846127:ctest-vn1-36846127
2021-02-24 06:24:33,584 - DEBUG - Requesting: https://192.168.7.20:8083/Snh_ShowRoutingInstanceReq?name=admin_domain:ctest-FloatingipBasicTestSanity-31507901:ctest-vn1-36846127:ctest-vn1-36846127
2021-02-24 06:24:33,646 - DEBUG - Requesting: https://192.168.7.29:8083/Snh_ShowRoutingInstanceReq?name=admin_domain:ctest-FloatingipBasicTestSanity-31507901:ctest-vn1-36846127:ctest-vn1-36846127
2021-02-24 06:24:33,713 - DEBUG - Requesting: https://192.168.7.34:8083/Snh_ShowRoutingInstanceReq?name=admin_domain:ctest-FloatingipBasicTestSanity-31507901:ctest-vn1-36846127:ctest-vn1-36846127
2021-02-24 06:24:33,773 - DEBUG - Requesting: https://192.168.7.34:8083/Snh_IFMapTableShowReq?table_name=virtual-network&search_string=virtual-network:admin_domain:ctest-FloatingipBasicTestSanity-31507901:ctest-vn1-36846127
2021-02-24 06:24:33,833 - INFO - Validated that Routing instances and Config db in Control-nodes does not have VN ctest-vn1-36846127 info
2021-02-24 06:24:33,834 - INFO - Deleting VN ctest-fvn-00893368 
2021-02-24 06:24:34,212 - DEBUG - Response for deleting network ()
2021-02-24 06:24:34,212 - DEBUG - Requesting: https://192.168.7.20:8082/routing-instance/6fab9f06-6f98-4cc2-ba33-93351626e467
2021-02-24 06:24:34,233 - DEBUG - Response Code: 404
2021-02-24 06:24:34,233 - DEBUG - Requesting: https://192.168.7.20:8082/domains
2021-02-24 06:24:34,251 - DEBUG - Requesting: https://192.168.7.20:8082/domain/f27c063f-c6c4-434f-a616-97e72e0043e5
2021-02-24 06:24:34,292 - DEBUG - Requesting: https://192.168.7.20:8082/project/1e4c9b7f-aac9-4618-8e97-5cb1abf10fb5
2021-02-24 06:24:34,350 - INFO - Validated that VN ctest-fvn-00893368 is not found in API Server
2021-02-24 06:24:34,350 - DEBUG - Requesting: https://192.168.7.19:8085/Snh_VnListReq?name=admin_domain:ctest-FloatingipBasicTestSanity-31507901:ctest-fvn-00893368
2021-02-24 06:24:34,412 - DEBUG - Requesting: https://192.168.7.19:8085/Snh_VrfListReq?name=admin_domain:ctest-FloatingipBasicTestSanity-31507901:ctest-fvn-00893368:ctest-fvn-00893368
2021-02-24 06:24:34,472 - DEBUG - VN ctest-fvn-00893368 is not present in Agent 192.168.7.19 
2021-02-24 06:24:34,472 - DEBUG - Requesting: https://192.168.7.9:8085/Snh_VnListReq?name=admin_domain:ctest-FloatingipBasicTestSanity-31507901:ctest-fvn-00893368
2021-02-24 06:24:34,528 - DEBUG - Requesting: https://192.168.7.9:8085/Snh_VrfListReq?name=admin_domain:ctest-FloatingipBasicTestSanity-31507901:ctest-fvn-00893368:ctest-fvn-00893368
2021-02-24 06:24:34,588 - DEBUG - VN ctest-fvn-00893368 is not present in Agent 192.168.7.9 
2021-02-24 06:24:34,588 - INFO - Validated that VN ctest-fvn-00893368 is not in any agent
2021-02-24 06:24:34,589 - DEBUG - Requesting: https://192.168.7.19:8085/Snh_VrfListReq?name=admin_domain:ctest-FloatingipBasicTestSanity-31507901:ctest-fvn-00893368:ctest-fvn-00893368
2021-02-24 06:24:34,648 - DEBUG - Requesting: https://192.168.7.9:8085/Snh_VrfListReq?name=admin_domain:ctest-FloatingipBasicTestSanity-31507901:ctest-fvn-00893368:ctest-fvn-00893368
2021-02-24 06:24:34,708 - DEBUG - Requesting: https://192.168.7.20:8083/Snh_ShowRoutingInstanceReq?name=admin_domain:ctest-FloatingipBasicTestSanity-31507901:ctest-fvn-00893368:ctest-fvn-00893368
2021-02-24 06:24:34,769 - DEBUG - Requesting: https://192.168.7.29:8083/Snh_ShowRoutingInstanceReq?name=admin_domain:ctest-FloatingipBasicTestSanity-31507901:ctest-fvn-00893368:ctest-fvn-00893368
2021-02-24 06:24:34,909 - DEBUG - Requesting: https://192.168.7.34:8083/Snh_ShowRoutingInstanceReq?name=admin_domain:ctest-FloatingipBasicTestSanity-31507901:ctest-fvn-00893368:ctest-fvn-00893368
2021-02-24 06:24:34,965 - DEBUG - Requesting: https://192.168.7.34:8083/Snh_IFMapTableShowReq?table_name=virtual-network&search_string=virtual-network:admin_domain:ctest-FloatingipBasicTestSanity-31507901:ctest-fvn-00893368
2021-02-24 06:24:35,025 - INFO - Validated that Routing instances and Config db in Control-nodes does not have VN ctest-fvn-00893368 info
2021-02-24 06:24:38,149 - INFO - Deleted project: ctest-FloatingipBasicTestSanity-31507901, ID : 1e4c9b7f-aac9-4618-8e97-5cb1abf10fb5 
2021-02-24 06:24:45,720 - DEBUG - Requesting: https://192.168.7.19:8085/Snh_AgentXmppConnectionStatusReq?
2021-02-24 06:24:45,743 - DEBUG - Requesting: https://192.168.7.9:8085/Snh_AgentXmppConnectionStatusReq?
2021-02-24 06:24:50,535 - DEBUG - Requesting: https://192.168.7.20:8083/Snh_IFMapTableShowReq?table_name=virtual-network&search_string=virtual-network:admin_domain:ctest-TestBasicPolicy-57660166:ctest-vn-44147984
2021-02-24 06:24:50,553 - DEBUG - Requesting: https://192.168.7.20:8083/Snh_ShowRoutingInstanceReq?name=admin_domain:ctest-TestBasicPolicy-57660166:ctest-vn-44147984:ctest-vn-44147984
2021-02-24 06:24:50,573 - DEBUG - Requesting: https://192.168.7.29:8083/Snh_IFMapTableShowReq?table_name=virtual-network&search_string=virtual-network:admin_domain:ctest-TestBasicPolicy-57660166:ctest-vn-44147984
2021-02-24 06:24:50,682 - DEBUG - Requesting: https://192.168.7.29:8083/Snh_ShowRoutingInstanceReq?name=admin_domain:ctest-TestBasicPolicy-57660166:ctest-vn-44147984:ctest-vn-44147984
2021-02-24 06:24:50,788 - DEBUG - Requesting: https://192.168.7.34:8083/Snh_IFMapTableShowReq?table_name=virtual-network&search_string=virtual-network:admin_domain:ctest-TestBasicPolicy-57660166:ctest-vn-44147984
2021-02-24 06:24:50,810 - DEBUG - Requesting: https://192.168.7.34:8083/Snh_ShowRoutingInstanceReq?name=admin_domain:ctest-TestBasicPolicy-57660166:ctest-vn-44147984:ctest-vn-44147984
2021-02-24 06:24:53,592 - DEBUG - Requesting: https://192.168.7.19:8085/Snh_VrfListReq?name=admin_domain:ctest-TestBasicPolicy-57660166:ctest-vn-44147984:ctest-vn-44147984
2021-02-24 06:24:53,653 - DEBUG - Requesting: https://192.168.7.9:8085/Snh_VrfListReq?name=admin_domain:ctest-TestBasicPolicy-57660166:ctest-vn-44147984:ctest-vn-44147984
2021-02-24 06:24:53,712 - DEBUG - Requesting: https://192.168.7.19:8085/Snh_VrfListReq?name=admin_domain:ctest-TestBasicPolicy-57660166:ctest-vn-44147984:ctest-vn-44147984
2021-02-24 06:24:53,772 - DEBUG - Requesting: https://192.168.7.9:8085/Snh_VrfListReq?name=admin_domain:ctest-TestBasicPolicy-57660166:ctest-vn-44147984:ctest-vn-44147984
2021-02-24 06:24:53,833 - DEBUG - Requesting: https://192.168.7.19:8085/Snh_VrfListReq?name=admin_domain:ctest-TestBasicPolicy-57660166:ctest-vn-44147984:ctest-vn-44147984
2021-02-24 06:24:53,892 - DEBUG - Requesting: https://192.168.7.9:8085/Snh_VrfListReq?name=admin_domain:ctest-TestBasicPolicy-57660166:ctest-vn-44147984:ctest-vn-44147984
2021-02-24 06:24:54,403 - DEBUG - Requesting: https://192.168.7.20:8083/Snh_IFMapTableShowReq?table_name=virtual-network&search_string=virtual-network:admin_domain:ctest-TestBasicPolicy-57660166:ctest-vn-25714786
2021-02-24 06:24:54,423 - DEBUG - Requesting: https://192.168.7.20:8083/Snh_ShowRoutingInstanceReq?name=admin_domain:ctest-TestBasicPolicy-57660166:ctest-vn-25714786:ctest-vn-25714786
2021-02-24 06:24:54,443 - DEBUG - Requesting: https://192.168.7.29:8083/Snh_IFMapTableShowReq?table_name=virtual-network&search_string=virtual-network:admin_domain:ctest-TestBasicPolicy-57660166:ctest-vn-25714786
2021-02-24 06:24:54,541 - DEBUG - Requesting: https://192.168.7.29:8083/Snh_ShowRoutingInstanceReq?name=admin_domain:ctest-TestBasicPolicy-57660166:ctest-vn-25714786:ctest-vn-25714786
2021-02-24 06:24:54,662 - DEBUG - Requesting: https://192.168.7.34:8083/Snh_IFMapTableShowReq?table_name=virtual-network&search_string=virtual-network:admin_domain:ctest-TestBasicPolicy-57660166:ctest-vn-25714786
2021-02-24 06:24:54,679 - DEBUG - Requesting: https://192.168.7.34:8083/Snh_ShowRoutingInstanceReq?name=admin_domain:ctest-TestBasicPolicy-57660166:ctest-vn-25714786:ctest-vn-25714786
2021-02-24 06:24:55,422 - DEBUG - Requesting: https://192.168.7.19:8085/Snh_VrfListReq?name=admin_domain:ctest-TestBasicPolicy-57660166:ctest-vn-25714786:ctest-vn-25714786
2021-02-24 06:24:55,484 - DEBUG - Requesting: https://192.168.7.9:8085/Snh_VrfListReq?name=admin_domain:ctest-TestBasicPolicy-57660166:ctest-vn-25714786:ctest-vn-25714786
2021-02-24 06:24:55,545 - DEBUG - Requesting: https://192.168.7.19:8085/Snh_VrfListReq?name=admin_domain:ctest-TestBasicPolicy-57660166:ctest-vn-25714786:ctest-vn-25714786
2021-02-24 06:24:55,608 - DEBUG - Requesting: https://192.168.7.9:8085/Snh_VrfListReq?name=admin_domain:ctest-TestBasicPolicy-57660166:ctest-vn-25714786:ctest-vn-25714786
2021-02-24 06:24:55,668 - DEBUG - Requesting: https://192.168.7.19:8085/Snh_VrfListReq?name=admin_domain:ctest-TestBasicPolicy-57660166:ctest-vn-25714786:ctest-vn-25714786
2021-02-24 06:24:55,728 - DEBUG - Requesting: https://192.168.7.9:8085/Snh_VrfListReq?name=admin_domain:ctest-TestBasicPolicy-57660166:ctest-vn-25714786:ctest-vn-25714786
2021-02-24 06:25:11,792 - DEBUG - Requesting: https://192.168.7.9:8085/Snh_PageReq?x=begin:-1,end:-1,table:db.interface.0,uuid:56d3cb39-b9da-4e25-926a-72b2df5e2dc4
2021-02-24 06:25:11,850 - DEBUG - Requesting: https://192.168.7.9:8085/Snh_VrfListReq?name=admin_domain:ctest-TestBasicPolicy-57660166:ctest-vn-44147984:ctest-vn-44147984
2021-02-24 06:25:11,862 - DEBUG - Requesting: https://192.168.7.9:8085/Snh_PageReq?x=begin:-1,end:-1,table:db.interface.0,uuid:56d3cb39-b9da-4e25-926a-72b2df5e2dc4
2021-02-24 06:26:42,004 - DEBUG - Requesting: https://192.168.7.9:8085/Snh_PageReq?x=begin:-1,end:-1,table:db.interface.0,uuid:828c6706-006d-45ae-9faf-88c5c1c22250
2021-02-24 06:26:42,061 - DEBUG - Requesting: https://192.168.7.9:8085/Snh_VrfListReq?name=admin_domain:ctest-TestBasicPolicy-57660166:ctest-vn-25714786:ctest-vn-25714786
2021-02-24 06:26:42,072 - DEBUG - Requesting: https://192.168.7.9:8085/Snh_PageReq?x=begin:-1,end:-1,table:db.interface.0,uuid:828c6706-006d-45ae-9faf-88c5c1c22250
2021-02-24 06:27:12,111 - DEBUG - Requesting: https://192.168.7.19:8085/Snh_VnListReq?name=admin_domain:ctest-TestBasicPolicy-57660166:ctest-vn-25714786
2021-02-24 06:27:12,168 - DEBUG - Requesting: https://192.168.7.19:8085/Snh_VrfListReq?name=admin_domain:ctest-TestBasicPolicy-57660166:ctest-vn-25714786:ctest-vn-25714786
2021-02-24 06:27:12,229 - DEBUG - Requesting: https://192.168.7.9:8085/Snh_VnListReq?name=admin_domain:ctest-TestBasicPolicy-57660166:ctest-vn-25714786
2021-02-24 06:27:12,284 - DEBUG - Requesting: https://192.168.7.9:8085/Snh_VrfListReq?name=admin_domain:ctest-TestBasicPolicy-57660166:ctest-vn-25714786:ctest-vn-25714786
2021-02-24 06:27:12,337 - DEBUG - Requesting: https://192.168.7.19:8085/Snh_VrfListReq?name=admin_domain:ctest-TestBasicPolicy-57660166:ctest-vn-25714786:ctest-vn-25714786
2021-02-24 06:27:12,396 - DEBUG - Requesting: https://192.168.7.9:8085/Snh_VrfListReq?name=admin_domain:ctest-TestBasicPolicy-57660166:ctest-vn-25714786:ctest-vn-25714786
2021-02-24 06:27:12,452 - DEBUG - Requesting: https://192.168.7.20:8083/Snh_ShowRoutingInstanceReq?name=admin_domain:ctest-TestBasicPolicy-57660166:ctest-vn-25714786:ctest-vn-25714786
2021-02-24 06:27:12,513 - DEBUG - Requesting: https://192.168.7.29:8083/Snh_ShowRoutingInstanceReq?name=admin_domain:ctest-TestBasicPolicy-57660166:ctest-vn-25714786:ctest-vn-25714786
2021-02-24 06:27:12,665 - DEBUG - Requesting: https://192.168.7.34:8083/Snh_ShowRoutingInstanceReq?name=admin_domain:ctest-TestBasicPolicy-57660166:ctest-vn-25714786:ctest-vn-25714786
2021-02-24 06:27:12,725 - DEBUG - Requesting: https://192.168.7.34:8083/Snh_IFMapTableShowReq?table_name=virtual-network&search_string=virtual-network:admin_domain:ctest-TestBasicPolicy-57660166:ctest-vn-25714786
2021-02-24 06:27:13,214 - DEBUG - Requesting: https://192.168.7.19:8085/Snh_VnListReq?name=admin_domain:ctest-TestBasicPolicy-57660166:ctest-vn-44147984
2021-02-24 06:27:13,276 - DEBUG - Requesting: https://192.168.7.19:8085/Snh_VrfListReq?name=admin_domain:ctest-TestBasicPolicy-57660166:ctest-vn-44147984:ctest-vn-44147984
2021-02-24 06:27:13,337 - DEBUG - Requesting: https://192.168.7.9:8085/Snh_VnListReq?name=admin_domain:ctest-TestBasicPolicy-57660166:ctest-vn-44147984
2021-02-24 06:27:13,388 - DEBUG - Requesting: https://192.168.7.9:8085/Snh_VrfListReq?name=admin_domain:ctest-TestBasicPolicy-57660166:ctest-vn-44147984:ctest-vn-44147984
2021-02-24 06:27:13,444 - DEBUG - Requesting: https://192.168.7.19:8085/Snh_VrfListReq?name=admin_domain:ctest-TestBasicPolicy-57660166:ctest-vn-44147984:ctest-vn-44147984
2021-02-24 06:27:13,500 - DEBUG - Requesting: https://192.168.7.9:8085/Snh_VrfListReq?name=admin_domain:ctest-TestBasicPolicy-57660166:ctest-vn-44147984:ctest-vn-44147984
2021-02-24 06:27:13,556 - DEBUG - Requesting: https://192.168.7.20:8083/Snh_ShowRoutingInstanceReq?name=admin_domain:ctest-TestBasicPolicy-57660166:ctest-vn-44147984:ctest-vn-44147984
2021-02-24 06:27:13,617 - DEBUG - Requesting: https://192.168.7.29:8083/Snh_ShowRoutingInstanceReq?name=admin_domain:ctest-TestBasicPolicy-57660166:ctest-vn-44147984:ctest-vn-44147984
2021-02-24 06:27:13,753 - DEBUG - Requesting: https://192.168.7.34:8083/Snh_ShowRoutingInstanceReq?name=admin_domain:ctest-TestBasicPolicy-57660166:ctest-vn-44147984:ctest-vn-44147984
2021-02-24 06:27:13,817 - DEBUG - Requesting: https://192.168.7.34:8083/Snh_IFMapTableShowReq?table_name=virtual-network&search_string=virtual-network:admin_domain:ctest-TestBasicPolicy-57660166:ctest-vn-44147984
2021-02-24 06:27:15,865 - DEBUG - Requesting: https://192.168.7.19:8085/Snh_AgentXmppConnectionStatusReq?
2021-02-24 06:27:15,886 - DEBUG - Requesting: https://192.168.7.9:8085/Snh_AgentXmppConnectionStatusReq?
2021-02-24 06:27:25,450 - DEBUG - Requesting: https://192.168.7.19:8085/Snh_AgentXmppConnectionStatusReq?
2021-02-24 06:27:25,472 - DEBUG - Requesting: https://192.168.7.9:8085/Snh_AgentXmppConnectionStatusReq?
2021-02-24 06:27:44,011 - DEBUG - Requesting: https://192.168.7.9:8085/Snh_PageReq?x=begin:-1,end:-1,table:db.interface.0,uuid:ad4ecc0d-15c0-4260-835e-c8e7ab44d92d
2021-02-24 06:27:44,069 - DEBUG - Requesting: https://192.168.7.9:8085/Snh_VrfListReq?name=admin_domain:ctest-TestBasicVMVNx-40388268:ctest-vn-80329247:ctest-vn-80329247
2021-02-24 06:27:44,124 - DEBUG - Requesting: https://192.168.7.9:8085/Snh_PageReq?x=begin:-1,end:-1,table:db.interface.0,uuid:ad4ecc0d-15c0-4260-835e-c8e7ab44d92d
2021-02-24 06:29:35,722 - DEBUG - Requesting: https://192.168.7.9:8085/Snh_PageReq?x=begin:-1,end:-1,table:db.interface.0,uuid:776a2267-46f9-4704-97b5-ac4f1f4d7a81
2021-02-24 06:29:35,737 - DEBUG - Requesting: https://192.168.7.9:8085/Snh_VrfListReq?name=admin_domain:ctest-TestBasicVMVNx-40388268:ctest-vn-80329247:ctest-vn-80329247
2021-02-24 06:29:35,749 - DEBUG - Requesting: https://192.168.7.9:8085/Snh_PageReq?x=begin:-1,end:-1,table:db.interface.0,uuid:776a2267-46f9-4704-97b5-ac4f1f4d7a81
2021-02-24 06:30:16,771 - DEBUG - Requesting: https://192.168.7.19:8085/Snh_AgentXmppConnectionStatusReq?
2021-02-24 06:30:16,792 - DEBUG - Requesting: https://192.168.7.9:8085/Snh_AgentXmppConnectionStatusReq?
